Epoch	Training Loss.	Learning Rate:  	T. Perplexity. 	V. Loss	V. Perplexity	
 1.0000e+00	 1.0872e+01	 1.0000e-05	 5.3085e+04	 1.0868e+01	 5.2641e+04	
 2.0000e+00	 1.0853e+01	 1.0000e-05	 5.2056e+04	 1.0854e+01	 5.1903e+04	
 3.0000e+00	 1.0834e+01	 1.0000e-05	 5.1063e+04	 1.0840e+01	 5.1141e+04	
 4.0000e+00	 1.0813e+01	 1.0000e-05	 5.0037e+04	 1.0824e+01	 5.0331e+04	
 5.0000e+00	 1.0791e+01	 1.0000e-05	 4.8945e+04	 1.0806e+01	 4.9438e+04	
 6.0000e+00	 1.0766e+01	 1.0000e-05	 4.7742e+04	 1.0785e+01	 4.8412e+04	
 7.0000e+00	 1.0737e+01	 1.0000e-05	 4.6359e+04	 1.0759e+01	 4.7167e+04	
 8.0000e+00	 1.0700e+01	 1.0000e-05	 4.4671e+04	 1.0724e+01	 4.5548e+04	
 9.0000e+00	 1.0648e+01	 1.0000e-05	 4.2445e+04	 1.0672e+01	 4.3236e+04	
 1.0000e+01	 1.0568e+01	 1.0000e-05	 3.9201e+04	 1.0583e+01	 3.9550e+04	
 1.1000e+01	 1.0426e+01	 1.0000e-05	 3.4073e+04	 1.0414e+01	 3.3389e+04	
 1.2000e+01	 1.0172e+01	 1.0000e-05	 2.6584e+04	 1.0126e+01	 2.5055e+04	
 1.3000e+01	 9.8031e+00	 1.0000e-05	 1.8486e+04	 9.7544e+00	 1.7293e+04	
 1.4000e+01	 9.3576e+00	 1.0000e-05	 1.1903e+04	 9.3372e+00	 1.1413e+04	
 1.5000e+01	 8.8694e+00	 1.0000e-05	 7.3303e+03	 8.8995e+00	 7.3843e+03	
 1.6000e+01	 8.3709e+00	 1.0000e-05	 4.4581e+03	 8.4707e+00	 4.8220e+03	
 1.7000e+01	 7.8926e+00	 1.0000e-05	 2.7621e+03	 8.0725e+00	 3.2475e+03	
 1.8000e+01	 7.4535e+00	 1.0000e-05	 1.7775e+03	 7.7181e+00	 2.2860e+03	
 1.9000e+01	 7.0656e+00	 1.0000e-05	 1.2032e+03	 7.4152e+00	 1.6944e+03	
 2.0000e+01	 6.7348e+00	 1.0000e-05	 8.6228e+02	 7.1656e+00	 1.3249e+03	
 2.1000e+01	 6.4612e+00	 1.0000e-05	 6.5438e+02	 6.9662e+00	 1.0890e+03	
 2.2000e+01	 6.2395e+00	 1.0000e-05	 5.2329e+02	 6.8098e+00	 9.3451e+02	
 2.3000e+01	 6.0617e+00	 1.0000e-05	 4.3741e+02	 6.6883e+00	 8.3008e+02	
 2.4000e+01	 5.9188e+00	 1.0000e-05	 3.7879e+02	 6.5935e+00	 7.5719e+02	
 2.5000e+01	 5.8032e+00	 1.0000e-05	 3.3715e+02	 6.5193e+00	 7.0483e+02	
 2.6000e+01	 5.7086e+00	 1.0000e-05	 3.0653e+02	 6.4606e+00	 6.6621e+02	
 2.7000e+01	 5.6302e+00	 1.0000e-05	 2.8328e+02	 6.4137e+00	 6.3705e+02	
 2.8000e+01	 5.5644e+00	 1.0000e-05	 2.6513e+02	 6.3758e+00	 6.1457e+02	
 2.9000e+01	 5.5084e+00	 1.0000e-05	 2.5060e+02	 6.3449e+00	 5.9695e+02	
 3.0000e+01	 5.4602e+00	 1.0000e-05	 2.3874e+02	 6.3196e+00	 5.8300e+02	
 3.1000e+01	 5.4184e+00	 1.0000e-05	 2.2891e+02	 6.2988e+00	 5.7187e+02	
 3.2000e+01	 5.3818e+00	 1.0000e-05	 2.2062e+02	 6.2817e+00	 5.6295e+02	
 3.3000e+01	 5.3495e+00	 1.0000e-05	 2.1356e+02	 6.2675e+00	 5.5576e+02	
 3.4000e+01	 5.3207e+00	 1.0000e-05	 2.0745e+02	 6.2557e+00	 5.4993e+02	
 3.5000e+01	 5.2948e+00	 1.0000e-05	 2.0211e+02	 6.2458e+00	 5.4519e+02	
 3.6000e+01	 5.2716e+00	 1.0000e-05	 1.9743e+02	 6.2376e+00	 5.4135e+02	
 3.7000e+01	 5.2506e+00	 1.0000e-05	 1.9331e+02	 6.2309e+00	 5.3830e+02	
 3.8000e+01	 5.2316e+00	 1.0000e-05	 1.8965e+02	 6.2253e+00	 5.3589e+02	
 3.9000e+01	 5.2143e+00	 1.0000e-05	 1.8636e+02	 6.2207e+00	 5.3394e+02	
 4.0000e+01	 5.1982e+00	 1.0000e-05	 1.8338e+02	 6.2167e+00	 5.3230e+02	
 4.1000e+01	 5.1834e+00	 1.0000e-05	 1.8067e+02	 6.2133e+00	 5.3097e+02	
 4.2000e+01	 5.1696e+00	 1.0000e-05	 1.7819e+02	 6.2106e+00	 5.2999e+02	
 4.3000e+01	 5.1567e+00	 1.0000e-05	 1.7591e+02	 6.2083e+00	 5.2927e+02	
 4.4000e+01	 5.1447e+00	 1.0000e-05	 1.7380e+02	 6.2066e+00	 5.2879e+02	
 4.5000e+01	 5.1334e+00	 1.0000e-05	 1.7185e+02	 6.2052e+00	 5.2854e+02	
 4.6000e+01	 5.1228e+00	 1.0000e-05	 1.7004e+02	 6.2042e+00	 5.2846e+02	
 4.7000e+01	 5.1128e+00	 1.0000e-05	 1.6834e+02	 6.2035e+00	 5.2848e+02	
 4.8000e+01	 5.1032e+00	 1.0000e-05	 1.6673e+02	 6.2028e+00	 5.2853e+02	
 4.9000e+01	 5.0940e+00	 1.0000e-05	 1.6519e+02	 6.2020e+00	 5.2855e+02	
 5.0000e+01	 5.0850e+00	 1.0000e-05	 1.6371e+02	 6.2013e+00	 5.2854e+02	
 5.1000e+01	 5.0764e+00	 1.0000e-05	 1.6230e+02	 6.2004e+00	 5.2846e+02	
 5.2000e+01	 5.0680e+00	 1.0000e-05	 1.6093e+02	 6.1994e+00	 5.2832e+02	
 5.3000e+01	 5.0593e+00	 1.0000e-05	 1.5955e+02	 6.1974e+00	 5.2762e+02	
 5.4000e+01	 5.0509e+00	 1.0000e-05	 1.5819e+02	 6.1957e+00	 5.2708e+02	
 5.5000e+01	 5.0427e+00	 1.0000e-05	 1.5690e+02	 6.1944e+00	 5.2673e+02	
 5.6000e+01	 5.0347e+00	 1.0000e-05	 1.5566e+02	 6.1935e+00	 5.2665e+02	
 5.7000e+01	 5.0269e+00	 1.0000e-05	 1.5446e+02	 6.1922e+00	 5.2634e+02	
 5.8000e+01	 5.0194e+00	 1.0000e-05	 1.5331e+02	 6.1911e+00	 5.2610e+02	
 5.9000e+01	 5.0121e+00	 1.0000e-05	 1.5219e+02	 6.1899e+00	 5.2580e+02	
 6.0000e+01	 5.0046e+00	 1.0000e-05	 1.5106e+02	 6.1881e+00	 5.2515e+02	
 6.1000e+01	 4.9971e+00	 1.0000e-05	 1.4992e+02	 6.1861e+00	 5.2433e+02	
 6.2000e+01	 4.9898e+00	 1.0000e-05	 1.4884e+02	 6.1845e+00	 5.2383e+02	
 6.3000e+01	 4.9828e+00	 1.0000e-05	 1.4780e+02	 6.1834e+00	 5.2355e+02	
 6.4000e+01	 4.9761e+00	 1.0000e-05	 1.4681e+02	 6.1823e+00	 5.2332e+02	
 6.5000e+01	 4.9695e+00	 1.0000e-05	 1.4585e+02	 6.1813e+00	 5.2310e+02	
 6.6000e+01	 4.9630e+00	 1.0000e-05	 1.4490e+02	 6.1803e+00	 5.2287e+02	
 6.7000e+01	 4.9566e+00	 1.0000e-05	 1.4398e+02	 6.1793e+00	 5.2263e+02	
 6.8000e+01	 4.9503e+00	 1.0000e-05	 1.4307e+02	 6.1782e+00	 5.2237e+02	
 6.9000e+01	 4.9441e+00	 1.0000e-05	 1.4218e+02	 6.1770e+00	 5.2206e+02	
 7.0000e+01	 4.9378e+00	 1.0000e-05	 1.4130e+02	 6.1757e+00	 5.2166e+02	
 7.1000e+01	 4.9316e+00	 1.0000e-05	 1.4043e+02	 6.1741e+00	 5.2106e+02	
 7.2000e+01	 4.9254e+00	 1.0000e-05	 1.3956e+02	 6.1723e+00	 5.2031e+02	
 7.3000e+01	 4.9193e+00	 1.0000e-05	 1.3871e+02	 6.1705e+00	 5.1966e+02	
 7.4000e+01	 4.9132e+00	 1.0000e-05	 1.3787e+02	 6.1690e+00	 5.1910e+02	
 7.5000e+01	 4.9072e+00	 1.0000e-05	 1.3704e+02	 6.1673e+00	 5.1852e+02	
 7.6000e+01	 4.9011e+00	 1.0000e-05	 1.3621e+02	 6.1656e+00	 5.1788e+02	
 7.7000e+01	 4.8951e+00	 1.0000e-05	 1.3539e+02	 6.1639e+00	 5.1720e+02	
 7.8000e+01	 4.8890e+00	 1.0000e-05	 1.3458e+02	 6.1622e+00	 5.1659e+02	
 7.9000e+01	 4.8830e+00	 1.0000e-05	 1.3378e+02	 6.1605e+00	 5.1599e+02	
 8.0000e+01	 4.8771e+00	 1.0000e-05	 1.3298e+02	 6.1588e+00	 5.1535e+02	
 8.1000e+01	 4.8711e+00	 1.0000e-05	 1.3220e+02	 6.1570e+00	 5.1467e+02	
 8.2000e+01	 4.8652e+00	 1.0000e-05	 1.3142e+02	 6.1551e+00	 5.1396e+02	
 8.3000e+01	 4.8593e+00	 1.0000e-05	 1.3065e+02	 6.1532e+00	 5.1325e+02	
 8.4000e+01	 4.8533e+00	 1.0000e-05	 1.2988e+02	 6.1513e+00	 5.1253e+02	
 8.5000e+01	 4.8474e+00	 1.0000e-05	 1.2911e+02	 6.1494e+00	 5.1177e+02	
 8.6000e+01	 4.8414e+00	 1.0000e-05	 1.2834e+02	 6.1471e+00	 5.1087e+02	
 8.7000e+01	 4.8353e+00	 1.0000e-05	 1.2756e+02	 6.1445e+00	 5.0971e+02	
 8.8000e+01	 4.8291e+00	 1.0000e-05	 1.2677e+02	 6.1419e+00	 5.0859e+02	
 8.9000e+01	 4.8229e+00	 1.0000e-05	 1.2600e+02	 6.1396e+00	 5.0765e+02	
 9.0000e+01	 4.8169e+00	 1.0000e-05	 1.2524e+02	 6.1373e+00	 5.0670e+02	
 9.1000e+01	 4.8108e+00	 1.0000e-05	 1.2448e+02	 6.1346e+00	 5.0561e+02	
 9.2000e+01	 4.8039e+00	 1.0000e-05	 1.2364e+02	 6.1291e+00	 5.0296e+02	
 9.3000e+01	 4.7971e+00	 1.0000e-05	 1.2280e+02	 6.1261e+00	 5.0168e+02	
 9.4000e+01	 4.7906e+00	 1.0000e-05	 1.2200e+02	 6.1233e+00	 5.0053e+02	
 9.5000e+01	 4.7841e+00	 1.0000e-05	 1.2121e+02	 6.1205e+00	 4.9934e+02	
 9.6000e+01	 4.7777e+00	 1.0000e-05	 1.2045e+02	 6.1178e+00	 4.9826e+02	
 9.7000e+01	 4.7715e+00	 1.0000e-05	 1.1971e+02	 6.1153e+00	 4.9722e+02	
 9.8000e+01	 4.7652e+00	 1.0000e-05	 1.1897e+02	 6.1126e+00	 4.9613e+02	
 9.9000e+01	 4.7590e+00	 1.0000e-05	 1.1823e+02	 6.1098e+00	 4.9496e+02	
 1.0000e+02	 4.7527e+00	 1.0000e-05	 1.1750e+02	 6.1069e+00	 4.9375e+02	
 1.0100e+02	 4.7464e+00	 1.0000e-05	 1.1677e+02	 6.1040e+00	 4.9257e+02	
 1.0200e+02	 4.7401e+00	 1.0000e-05	 1.1604e+02	 6.1012e+00	 4.9139e+02	
 1.0300e+02	 4.7338e+00	 1.0000e-05	 1.1532e+02	 6.0983e+00	 4.9018e+02	
 1.0400e+02	 4.7274e+00	 1.0000e-05	 1.1459e+02	 6.0951e+00	 4.8888e+02	
 1.0500e+02	 4.7210e+00	 1.0000e-05	 1.1386e+02	 6.0917e+00	 4.8744e+02	
 1.0600e+02	 4.7145e+00	 1.0000e-05	 1.1314e+02	 6.0882e+00	 4.8591e+02	
 1.0700e+02	 4.7081e+00	 1.0000e-05	 1.1242e+02	 6.0849e+00	 4.8449e+02	
 1.0800e+02	 4.7018e+00	 1.0000e-05	 1.1171e+02	 6.0817e+00	 4.8316e+02	
 1.0900e+02	 4.6954e+00	 1.0000e-05	 1.1101e+02	 6.0786e+00	 4.8185e+02	
 1.1000e+02	 4.6890e+00	 1.0000e-05	 1.1031e+02	 6.0755e+00	 4.8052e+02	
 1.1100e+02	 4.6826e+00	 1.0000e-05	 1.0961e+02	 6.0723e+00	 4.7918e+02	
 1.1200e+02	 4.6762e+00	 1.0000e-05	 1.0891e+02	 6.0691e+00	 4.7781e+02	
 1.1300e+02	 4.6698e+00	 1.0000e-05	 1.0822e+02	 6.0657e+00	 4.7640e+02	
 1.1400e+02	 4.6633e+00	 1.0000e-05	 1.0753e+02	 6.0624e+00	 4.7497e+02	
 1.1500e+02	 4.6568e+00	 1.0000e-05	 1.0683e+02	 6.0589e+00	 4.7351e+02	
 1.1600e+02	 4.6501e+00	 1.0000e-05	 1.0613e+02	 6.0552e+00	 4.7194e+02	
 1.1700e+02	 4.6433e+00	 1.0000e-05	 1.0542e+02	 6.0514e+00	 4.7029e+02	
 1.1800e+02	 4.6366e+00	 1.0000e-05	 1.0472e+02	 6.0479e+00	 4.6881e+02	
 1.1900e+02	 4.6299e+00	 1.0000e-05	 1.0402e+02	 6.0442e+00	 4.6727e+02	
 1.2000e+02	 4.6231e+00	 1.0000e-05	 1.0333e+02	 6.0402e+00	 4.6560e+02	
 1.2100e+02	 4.6162e+00	 1.0000e-05	 1.0263e+02	 6.0362e+00	 4.6386e+02	
 1.2200e+02	 4.6094e+00	 1.0000e-05	 1.0194e+02	 6.0324e+00	 4.6227e+02	
 1.2300e+02	 4.6025e+00	 1.0000e-05	 1.0125e+02	 6.0287e+00	 4.6072e+02	
 1.2400e+02	 4.5956e+00	 1.0000e-05	 1.0056e+02	 6.0251e+00	 4.5921e+02	
 1.2500e+02	 4.5888e+00	 1.0000e-05	 9.9880e+01	 6.0215e+00	 4.5772e+02	
 1.2600e+02	 4.5819e+00	 1.0000e-05	 9.9206e+01	 6.0180e+00	 4.5629e+02	
 1.2700e+02	 4.5751e+00	 1.0000e-05	 9.8543e+01	 6.0146e+00	 4.5491e+02	
 1.2800e+02	 4.5684e+00	 1.0000e-05	 9.7888e+01	 6.0113e+00	 4.5357e+02	
 1.2900e+02	 4.5616e+00	 1.0000e-05	 9.7238e+01	 6.0080e+00	 4.5224e+02	
 1.3000e+02	 4.5549e+00	 1.0000e-05	 9.6592e+01	 6.0046e+00	 4.5088e+02	
 1.3100e+02	 4.5481e+00	 1.0000e-05	 9.5945e+01	 6.0010e+00	 4.4939e+02	
 1.3200e+02	 4.5412e+00	 1.0000e-05	 9.5292e+01	 5.9971e+00	 4.4780e+02	
 1.3300e+02	 4.5344e+00	 1.0000e-05	 9.4654e+01	 5.9940e+00	 4.4659e+02	
 1.3400e+02	 4.5276e+00	 1.0000e-05	 9.4027e+01	 5.9910e+00	 4.4546e+02	
 1.3500e+02	 4.5209e+00	 1.0000e-05	 9.3406e+01	 5.9880e+00	 4.4429e+02	
 1.3600e+02	 4.5143e+00	 1.0000e-05	 9.2792e+01	 5.9849e+00	 4.4310e+02	
 1.3700e+02	 4.5076e+00	 1.0000e-05	 9.2183e+01	 5.9818e+00	 4.4191e+02	
 1.3800e+02	 4.5009e+00	 1.0000e-05	 9.1578e+01	 5.9788e+00	 4.4076e+02	
 1.3900e+02	 4.4943e+00	 1.0000e-05	 9.0978e+01	 5.9759e+00	 4.3964e+02	
 1.4000e+02	 4.4876e+00	 1.0000e-05	 9.0383e+01	 5.9730e+00	 4.3856e+02	
 1.4100e+02	 4.4810e+00	 1.0000e-05	 8.9792e+01	 5.9701e+00	 4.3747e+02	
 1.4200e+02	 4.4743e+00	 1.0000e-05	 8.9201e+01	 5.9672e+00	 4.3635e+02	
 1.4300e+02	 4.4676e+00	 1.0000e-05	 8.8609e+01	 5.9641e+00	 4.3520e+02	
 1.4400e+02	 4.4609e+00	 1.0000e-05	 8.8026e+01	 5.9613e+00	 4.3414e+02	
 1.4500e+02	 4.4543e+00	 1.0000e-05	 8.7456e+01	 5.9586e+00	 4.3317e+02	
 1.4600e+02	 4.4477e+00	 1.0000e-05	 8.6892e+01	 5.9561e+00	 4.3224e+02	
 1.4700e+02	 4.4412e+00	 1.0000e-05	 8.6332e+01	 5.9535e+00	 4.3134e+02	
 1.4800e+02	 4.4346e+00	 1.0000e-05	 8.5776e+01	 5.9510e+00	 4.3046e+02	
 1.4900e+02	 4.4281e+00	 1.0000e-05	 8.5224e+01	 5.9485e+00	 4.2958e+02	
 1.5000e+02	 4.4215e+00	 1.0000e-05	 8.4674e+01	 5.9460e+00	 4.2872e+02	
 1.5100e+02	 4.4150e+00	 1.0000e-05	 8.4129e+01	 5.9436e+00	 4.2788e+02	
 1.5200e+02	 4.4084e+00	 1.0000e-05	 8.3588e+01	 5.9413e+00	 4.2707e+02	
 1.5300e+02	 4.4019e+00	 1.0000e-05	 8.3051e+01	 5.9390e+00	 4.2628e+02	
 1.5400e+02	 4.3954e+00	 1.0000e-05	 8.2518e+01	 5.9366e+00	 4.2549e+02	
 1.5500e+02	 4.3888e+00	 1.0000e-05	 8.1988e+01	 5.9343e+00	 4.2469e+02	
 1.5600e+02	 4.3823e+00	 1.0000e-05	 8.1461e+01	 5.9319e+00	 4.2389e+02	
 1.5700e+02	 4.3758e+00	 1.0000e-05	 8.0939e+01	 5.9296e+00	 4.2311e+02	
 1.5800e+02	 4.3693e+00	 1.0000e-05	 8.0423e+01	 5.9274e+00	 4.2236e+02	
 1.5900e+02	 4.3628e+00	 1.0000e-05	 7.9912e+01	 5.9252e+00	 4.2165e+02	
 1.6000e+02	 4.3564e+00	 1.0000e-05	 7.9406e+01	 5.9230e+00	 4.2095e+02	
 1.6100e+02	 4.3499e+00	 1.0000e-05	 7.8904e+01	 5.9209e+00	 4.2026e+02	
 1.6200e+02	 4.3435e+00	 1.0000e-05	 7.8406e+01	 5.9188e+00	 4.1958e+02	
 1.6300e+02	 4.3371e+00	 1.0000e-05	 7.7913e+01	 5.9167e+00	 4.1891e+02	
 1.6400e+02	 4.3307e+00	 1.0000e-05	 7.7423e+01	 5.9147e+00	 4.1824e+02	
 1.6500e+02	 4.3243e+00	 1.0000e-05	 7.6936e+01	 5.9126e+00	 4.1757e+02	
 1.6600e+02	 4.3179e+00	 1.0000e-05	 7.6450e+01	 5.9105e+00	 4.1689e+02	
 1.6700e+02	 4.3114e+00	 1.0000e-05	 7.5962e+01	 5.9085e+00	 4.1621e+02	
 1.6800e+02	 4.3050e+00	 1.0000e-05	 7.5480e+01	 5.9064e+00	 4.1556e+02	
 1.6900e+02	 4.2986e+00	 1.0000e-05	 7.5006e+01	 5.9045e+00	 4.1495e+02	
 1.7000e+02	 4.2922e+00	 1.0000e-05	 7.4536e+01	 5.9026e+00	 4.1436e+02	
 1.7100e+02	 4.2859e+00	 1.0000e-05	 7.4071e+01	 5.9007e+00	 4.1378e+02	
 1.7200e+02	 4.2795e+00	 1.0000e-05	 7.3610e+01	 5.8989e+00	 4.1322e+02	
 1.7300e+02	 4.2732e+00	 1.0000e-05	 7.3152e+01	 5.8971e+00	 4.1267e+02	
 1.7400e+02	 4.2669e+00	 1.0000e-05	 7.2699e+01	 5.8953e+00	 4.1213e+02	
 1.7500e+02	 4.2606e+00	 1.0000e-05	 7.2249e+01	 5.8935e+00	 4.1161e+02	
 1.7600e+02	 4.2543e+00	 1.0000e-05	 7.1802e+01	 5.8918e+00	 4.1108e+02	
 1.7700e+02	 4.2480e+00	 1.0000e-05	 7.1358e+01	 5.8900e+00	 4.1057e+02	
 1.7800e+02	 4.2417e+00	 1.0000e-05	 7.0916e+01	 5.8883e+00	 4.1004e+02	
 1.7900e+02	 4.2354e+00	 1.0000e-05	 7.0476e+01	 5.8865e+00	 4.0952e+02	
 1.8000e+02	 4.2291e+00	 1.0000e-05	 7.0038e+01	 5.8847e+00	 4.0900e+02	
 1.8100e+02	 4.2228e+00	 1.0000e-05	 6.9604e+01	 5.8830e+00	 4.0849e+02	
 1.8200e+02	 4.2165e+00	 1.0000e-05	 6.9174e+01	 5.8813e+00	 4.0800e+02	
 1.8300e+02	 4.2102e+00	 1.0000e-05	 6.8747e+01	 5.8796e+00	 4.0752e+02	
 1.8400e+02	 4.2039e+00	 1.0000e-05	 6.8324e+01	 5.8780e+00	 4.0706e+02	
 1.8500e+02	 4.1977e+00	 1.0000e-05	 6.7905e+01	 5.8764e+00	 4.0660e+02	
 1.8600e+02	 4.1915e+00	 1.0000e-05	 6.7488e+01	 5.8748e+00	 4.0615e+02	
 1.8700e+02	 4.1852e+00	 1.0000e-05	 6.7075e+01	 5.8733e+00	 4.0571e+02	
 1.8800e+02	 4.1790e+00	 1.0000e-05	 6.6664e+01	 5.8718e+00	 4.0527e+02	
 1.8900e+02	 4.1728e+00	 1.0000e-05	 6.6256e+01	 5.8702e+00	 4.0483e+02	
 1.9000e+02	 4.1666e+00	 1.0000e-05	 6.5850e+01	 5.8687e+00	 4.0437e+02	
 1.9100e+02	 4.1604e+00	 1.0000e-05	 6.5446e+01	 5.8671e+00	 4.0391e+02	
 1.9200e+02	 4.1541e+00	 1.0000e-05	 6.5045e+01	 5.8656e+00	 4.0347e+02	
 1.9300e+02	 4.1479e+00	 1.0000e-05	 6.4646e+01	 5.8641e+00	 4.0306e+02	
 1.9400e+02	 4.1417e+00	 1.0000e-05	 6.4251e+01	 5.8626e+00	 4.0265e+02	
 1.9500e+02	 4.1355e+00	 1.0000e-05	 6.3857e+01	 5.8612e+00	 4.0225e+02	
 1.9600e+02	 4.1293e+00	 1.0000e-05	 6.3467e+01	 5.8597e+00	 4.0185e+02	
 1.9700e+02	 4.1230e+00	 1.0000e-05	 6.3078e+01	 5.8583e+00	 4.0145e+02	
 1.9800e+02	 4.1168e+00	 1.0000e-05	 6.2692e+01	 5.8569e+00	 4.0106e+02	
 1.9900e+02	 4.1106e+00	 1.0000e-05	 6.2308e+01	 5.8555e+00	 4.0068e+02	
 2.0000e+02	 4.1044e+00	 1.0000e-05	 6.1926e+01	 5.8541e+00	 4.0031e+02	
