Epoch	Training Loss.	Learning Rate:  	T. Perplexity. 	V. Loss	V. Perplexity	
 1.0000e+00	 1.0886e+01	 1.0000e-05	 5.3827e+04	 1.0878e+01	 5.3193e+04	
 2.0000e+00	 1.0877e+01	 1.0000e-05	 5.3321e+04	 1.0869e+01	 5.2686e+04	
 3.0000e+00	 1.0862e+01	 1.0000e-05	 5.2541e+04	 1.0859e+01	 5.2179e+04	
 4.0000e+00	 1.0853e+01	 1.0000e-05	 5.2076e+04	 1.0850e+01	 5.1671e+04	
 5.0000e+00	 1.0847e+01	 1.0000e-05	 5.1762e+04	 1.0840e+01	 5.1155e+04	
 6.0000e+00	 1.0834e+01	 1.0000e-05	 5.1045e+04	 1.0829e+01	 5.0629e+04	
 7.0000e+00	 1.0823e+01	 1.0000e-05	 5.0510e+04	 1.0818e+01	 5.0081e+04	
 8.0000e+00	 1.0810e+01	 1.0000e-05	 4.9855e+04	 1.0807e+01	 4.9496e+04	
 9.0000e+00	 1.0793e+01	 1.0000e-05	 4.9050e+04	 1.0794e+01	 4.8876e+04	
 1.0000e+01	 1.0786e+01	 1.0000e-05	 4.8698e+04	 1.0781e+01	 4.8215e+04	
 1.1000e+01	 1.0774e+01	 1.0000e-05	 4.8110e+04	 1.0766e+01	 4.7491e+04	
 1.2000e+01	 1.0757e+01	 1.0000e-05	 4.7340e+04	 1.0748e+01	 4.6680e+04	
 1.3000e+01	 1.0745e+01	 1.0000e-05	 4.6737e+04	 1.0728e+01	 4.5754e+04	
 1.4000e+01	 1.0721e+01	 1.0000e-05	 4.5658e+04	 1.0704e+01	 4.4668e+04	
 1.5000e+01	 1.0686e+01	 1.0000e-05	 4.4065e+04	 1.0673e+01	 4.3311e+04	
 1.6000e+01	 1.0663e+01	 1.0000e-05	 4.3079e+04	 1.0633e+01	 4.1609e+04	
 1.7000e+01	 1.0626e+01	 1.0000e-05	 4.1496e+04	 1.0577e+01	 3.9352e+04	
 1.8000e+01	 1.0571e+01	 1.0000e-05	 3.9303e+04	 1.0494e+01	 3.6219e+04	
 1.9000e+01	 1.0482e+01	 1.0000e-05	 3.5995e+04	 1.0359e+01	 3.1636e+04	
 2.0000e+01	 1.0340e+01	 1.0000e-05	 3.1317e+04	 1.0141e+01	 2.5451e+04	
 2.1000e+01	 1.0080e+01	 1.0000e-05	 2.4305e+04	 9.8268e+00	 1.8601e+04	
 2.2000e+01	 9.6843e+00	 1.0000e-05	 1.6455e+04	 9.4439e+00	 1.2698e+04	
 2.3000e+01	 9.2179e+00	 1.0000e-05	 1.0331e+04	 9.0197e+00	 8.3227e+03	
 2.4000e+01	 8.7308e+00	 1.0000e-05	 6.3572e+03	 8.5771e+00	 5.3586e+03	
 2.5000e+01	 8.2378e+00	 1.0000e-05	 3.8719e+03	 8.1431e+00	 3.4816e+03	
 2.6000e+01	 7.7416e+00	 1.0000e-05	 2.3686e+03	 7.7420e+00	 2.3392e+03	
 2.7000e+01	 7.2962e+00	 1.0000e-05	 1.5086e+03	 7.3963e+00	 1.6615e+03	
 2.8000e+01	 6.9000e+00	 1.0000e-05	 1.0141e+03	 7.1171e+00	 1.2615e+03	
 2.9000e+01	 6.5804e+00	 1.0000e-05	 7.3590e+02	 6.9034e+00	 1.0224e+03	
 3.0000e+01	 6.3349e+00	 1.0000e-05	 5.7330e+02	 6.7450e+00	 8.7555e+02	
 3.1000e+01	 6.1375e+00	 1.0000e-05	 4.7079e+02	 6.6286e+00	 7.8185e+02	
 3.2000e+01	 6.0137e+00	 1.0000e-05	 4.1600e+02	 6.5425e+00	 7.1937e+02	
 3.3000e+01	 5.8997e+00	 1.0000e-05	 3.7079e+02	 6.4773e+00	 6.7570e+02	
 3.4000e+01	 5.7945e+00	 1.0000e-05	 3.3318e+02	 6.4274e+00	 6.4429e+02	
 3.5000e+01	 5.7279e+00	 1.0000e-05	 3.1239e+02	 6.3883e+00	 6.2094e+02	
 3.6000e+01	 5.6493e+00	 1.0000e-05	 2.8893e+02	 6.3576e+00	 6.0339e+02	
 3.7000e+01	 5.6044e+00	 1.0000e-05	 2.7606e+02	 6.3332e+00	 5.8999e+02	
 3.8000e+01	 5.5632e+00	 1.0000e-05	 2.6570e+02	 6.3134e+00	 5.7949e+02	
 3.9000e+01	 5.5041e+00	 1.0000e-05	 2.4966e+02	 6.2975e+00	 5.7132e+02	
 4.0000e+01	 5.4739e+00	 1.0000e-05	 2.4178e+02	 6.2847e+00	 5.6500e+02	
 4.1000e+01	 5.4384e+00	 1.0000e-05	 2.3418e+02	 6.2743e+00	 5.6006e+02	
 4.2000e+01	 5.4282e+00	 1.0000e-05	 2.3144e+02	 6.2655e+00	 5.5595e+02	
 4.3000e+01	 5.4041e+00	 1.0000e-05	 2.2597e+02	 6.2585e+00	 5.5279e+02	
 4.4000e+01	 5.3721e+00	 1.0000e-05	 2.1882e+02	 6.2528e+00	 5.5042e+02	
 4.5000e+01	 5.3609e+00	 1.0000e-05	 2.1615e+02	 6.2480e+00	 5.4852e+02	
 4.6000e+01	 5.3278e+00	 1.0000e-05	 2.0930e+02	 6.2445e+00	 5.4734e+02	
 4.7000e+01	 5.3305e+00	 1.0000e-05	 2.0961e+02	 6.2418e+00	 5.4647e+02	
 4.8000e+01	 5.3113e+00	 1.0000e-05	 2.0545e+02	 6.2397e+00	 5.4597e+02	
 4.9000e+01	 5.2606e+00	 1.0000e-05	 1.9542e+02	 6.2384e+00	 5.4594e+02	
 5.0000e+01	 5.2755e+00	 1.0000e-05	 1.9837e+02	 6.2372e+00	 5.4586e+02	
 5.1000e+01	 5.2736e+00	 1.0000e-05	 1.9766e+02	 6.2368e+00	 5.4619e+02	
 5.2000e+01	 5.2486e+00	 1.0000e-05	 1.9290e+02	 6.2360e+00	 5.4633e+02	
 5.3000e+01	 5.2462e+00	 1.0000e-05	 1.9281e+02	 6.2359e+00	 5.4679e+02	
 5.4000e+01	 5.2495e+00	 1.0000e-05	 1.9300e+02	 6.2364e+00	 5.4765e+02	
 5.5000e+01	 5.2236e+00	 1.0000e-05	 1.8863e+02	 6.2368e+00	 5.4837e+02	
