Epoch	Training Loss.	Learning Rate:  	T. Perplexity. 	V. Loss	V. Perplexity	
 1.0000e+00	 1.0817e+01	 1.0000e-04	 5.0334e+04	 1.7187e+00	 6.7216e+00	
 2.0000e+00	 1.0407e+01	 1.0000e-04	 3.4347e+04	 1.5865e+00	 5.7179e+00	
 3.0000e+00	 8.2949e+00	 1.0000e-04	 6.2733e+03	 1.1391e+00	 3.3841e+00	
 4.0000e+00	 5.8078e+00	 1.0000e-04	 3.6885e+02	 9.9999e-01	 2.8970e+00	
 5.0000e+00	 5.2433e+00	 1.0000e-04	 1.9428e+02	 9.8440e-01	 2.8492e+00	
 6.0000e+00	 5.0800e+00	 1.0000e-04	 1.6396e+02	 9.8048e-01	 2.8379e+00	
 7.0000e+00	 4.9883e+00	 1.0000e-04	 1.4906e+02	 9.7730e-01	 2.8296e+00	
 8.0000e+00	 4.9190e+00	 1.0000e-04	 1.3906e+02	 9.7387e-01	 2.8199e+00	
 9.0000e+00	 4.8438e+00	 1.0000e-04	 1.2907e+02	 9.6976e-01	 2.8083e+00	
 1.0000e+01	 4.7931e+00	 1.0000e-04	 1.2265e+02	 9.6593e-01	 2.7971e+00	
 1.1000e+01	 4.7210e+00	 1.0000e-04	 1.1417e+02	 9.6168e-01	 2.7847e+00	
 1.2000e+01	 4.6743e+00	 1.0000e-04	 1.0892e+02	 9.5725e-01	 2.7719e+00	
 1.3000e+01	 4.6169e+00	 1.0000e-04	 1.0288e+02	 9.5309e-01	 2.7599e+00	
 1.4000e+01	 4.5617e+00	 1.0000e-04	 9.7516e+01	 9.4940e-01	 2.7493e+00	
 1.5000e+01	 4.5048e+00	 1.0000e-04	 9.2269e+01	 9.4503e-01	 2.7363e+00	
 1.6000e+01	 4.4465e+00	 1.0000e-04	 8.6971e+01	 9.4044e-01	 2.7233e+00	
 1.7000e+01	 4.3963e+00	 1.0000e-04	 8.2901e+01	 9.3696e-01	 2.7133e+00	
 1.8000e+01	 4.3386e+00	 1.0000e-04	 7.8134e+01	 9.3308e-01	 2.7021e+00	
 1.9000e+01	 4.2959e+00	 1.0000e-04	 7.5061e+01	 9.2941e-01	 2.6918e+00	
 2.0000e+01	 4.2452e+00	 1.0000e-04	 7.1284e+01	 9.2625e-01	 2.6824e+00	
 2.1000e+01	 4.1961e+00	 1.0000e-04	 6.8056e+01	 9.2374e-01	 2.6758e+00	
 2.2000e+01	 4.1467e+00	 1.0000e-04	 6.4749e+01	 9.2051e-01	 2.6670e+00	
 2.3000e+01	 4.0982e+00	 1.0000e-04	 6.1787e+01	 9.1692e-01	 2.6568e+00	
 2.4000e+01	 4.0477e+00	 1.0000e-04	 5.8709e+01	 9.1520e-01	 2.6525e+00	
 2.5000e+01	 4.0058e+00	 1.0000e-04	 5.6340e+01	 9.1262e-01	 2.6458e+00	
 2.6000e+01	 3.9605e+00	 1.0000e-04	 5.4017e+01	 9.0968e-01	 2.6377e+00	
 2.7000e+01	 3.9229e+00	 1.0000e-04	 5.1971e+01	 9.0717e-01	 2.6303e+00	
 2.8000e+01	 3.8700e+00	 1.0000e-04	 4.9279e+01	 9.0549e-01	 2.6264e+00	
 2.9000e+01	 3.8205e+00	 1.0000e-04	 4.6993e+01	 9.0324e-01	 2.6205e+00	
 3.0000e+01	 3.7736e+00	 1.0000e-04	 4.4729e+01	 9.0151e-01	 2.6159e+00	
 3.1000e+01	 3.7441e+00	 1.0000e-04	 4.3606e+01	 8.9948e-01	 2.6105e+00	
 3.2000e+01	 3.6900e+00	 1.0000e-04	 4.1288e+01	 8.9869e-01	 2.6090e+00	
 3.3000e+01	 3.6529e+00	 1.0000e-04	 3.9751e+01	 8.9721e-01	 2.6051e+00	
 3.4000e+01	 3.6047e+00	 1.0000e-04	 3.7948e+01	 8.9567e-01	 2.6010e+00	
 3.5000e+01	 3.5708e+00	 1.0000e-04	 3.6615e+01	 8.9341e-01	 2.5950e+00	
 3.6000e+01	 3.5330e+00	 1.0000e-04	 3.5316e+01	 8.9218e-01	 2.5911e+00	
 3.7000e+01	 3.4810e+00	 1.0000e-04	 3.3416e+01	 8.9209e-01	 2.5912e+00	
 3.8000e+01	 3.4457e+00	 1.0000e-04	 3.2327e+01	 8.9112e-01	 2.5889e+00	
 3.9000e+01	 3.4012e+00	 1.0000e-04	 3.0859e+01	 8.9115e-01	 2.5892e+00	
 4.0000e+01	 3.3625e+00	 1.0000e-04	 2.9708e+01	 8.8965e-01	 2.5854e+00	
 4.1000e+01	 3.3135e+00	 1.0000e-04	 2.8254e+01	 8.8718e-01	 2.5784e+00	
 4.2000e+01	 3.2842e+00	 1.0000e-04	 2.7491e+01	 8.8703e-01	 2.5782e+00	
 4.3000e+01	 3.2445e+00	 1.0000e-04	 2.6367e+01	 8.8523e-01	 2.5725e+00	
 4.4000e+01	 3.2075e+00	 1.0000e-04	 2.5410e+01	 8.8432e-01	 2.5702e+00	
 4.5000e+01	 3.1616e+00	 1.0000e-04	 2.4230e+01	 8.8521e-01	 2.5736e+00	
 4.6000e+01	 3.1180e+00	 1.0000e-04	 2.3229e+01	 8.8400e-01	 2.5703e+00	
 4.7000e+01	 3.0945e+00	 1.0000e-04	 2.2670e+01	 8.8254e-01	 2.5662e+00	
 4.8000e+01	 3.0348e+00	 1.0000e-04	 2.1321e+01	 8.8263e-01	 2.5676e+00	
 4.9000e+01	 2.9939e+00	 1.0000e-04	 2.0468e+01	 8.8141e-01	 2.5647e+00	
 5.0000e+01	 2.9781e+00	 1.0000e-04	 2.0162e+01	 8.8125e-01	 2.5654e+00	
 5.1000e+01	 2.9318e+00	 1.0000e-04	 1.9218e+01	 8.8074e-01	 2.5644e+00	
 5.2000e+01	 2.8872e+00	 1.0000e-04	 1.8415e+01	 8.7946e-01	 2.5614e+00	
 5.3000e+01	 2.8458e+00	 1.0000e-04	 1.7588e+01	 8.8047e-01	 2.5655e+00	
 5.4000e+01	 2.8258e+00	 1.0000e-04	 1.7251e+01	 8.7996e-01	 2.5645e+00	
 5.5000e+01	 2.7793e+00	 1.0000e-04	 1.6472e+01	 8.8078e-01	 2.5674e+00	
 5.6000e+01	 2.7501e+00	 1.0000e-04	 1.6037e+01	 8.8000e-01	 2.5654e+00	
 5.7000e+01	 2.7138e+00	 1.0000e-04	 1.5401e+01	 8.7914e-01	 2.5630e+00	
 5.8000e+01	 2.6587e+00	 1.0000e-04	 1.4576e+01	 8.7954e-01	 2.5644e+00	
 5.9000e+01	 2.6301e+00	 1.0000e-04	 1.4166e+01	 8.7814e-01	 2.5603e+00	
 6.0000e+01	 2.6039e+00	 1.0000e-04	 1.3790e+01	 8.7815e-01	 2.5601e+00	
 6.1000e+01	 2.5555e+00	 1.0000e-04	 1.3117e+01	 8.7897e-01	 2.5622e+00	
 6.2000e+01	 2.5225e+00	 1.0000e-04	 1.2712e+01	 8.7967e-01	 2.5643e+00	
 6.3000e+01	 2.4855e+00	 1.0000e-04	 1.2217e+01	 8.8085e-01	 2.5674e+00	
 6.4000e+01	 2.4431e+00	 1.0000e-04	 1.1723e+01	 8.8097e-01	 2.5673e+00	
 6.5000e+01	 2.4183e+00	 1.0000e-04	 1.1438e+01	 8.7992e-01	 2.5654e+00	
 6.6000e+01	 2.3767e+00	 1.0000e-04	 1.0939e+01	 8.8177e-01	 2.5707e+00	
 6.7000e+01	 2.3401e+00	 1.0000e-04	 1.0564e+01	 8.8319e-01	 2.5766e+00	
 6.8000e+01	 2.2929e+00	 1.0000e-04	 1.0042e+01	 8.8307e-01	 2.5759e+00	
 6.9000e+01	 2.2672e+00	 1.0000e-04	 9.7893e+00	 8.8293e-01	 2.5764e+00	
 7.0000e+01	 2.2240e+00	 1.0000e-04	 9.3805e+00	 8.8280e-01	 2.5756e+00	
 7.1000e+01	 2.1904e+00	 1.0000e-04	 9.0559e+00	 8.8409e-01	 2.5803e+00	
 7.2000e+01	 2.1773e+00	 1.0000e-04	 8.9286e+00	 8.8516e-01	 2.5845e+00	
 7.3000e+01	 2.1342e+00	 1.0000e-04	 8.5704e+00	 8.8558e-01	 2.5848e+00	
 7.4000e+01	 2.1024e+00	 1.0000e-04	 8.3038e+00	 8.8578e-01	 2.5861e+00	
 7.5000e+01	 2.0685e+00	 1.0000e-04	 8.0244e+00	 8.8747e-01	 2.5913e+00	
 7.6000e+01	 2.0333e+00	 1.0000e-04	 7.7340e+00	 8.8697e-01	 2.5893e+00	
 7.7000e+01	 1.9931e+00	 1.0000e-04	 7.4233e+00	 8.8413e-01	 2.5805e+00	
 7.8000e+01	 1.9691e+00	 1.0000e-04	 7.2471e+00	 8.8474e-01	 2.5832e+00	
 7.9000e+01	 1.9307e+00	 1.0000e-04	 6.9735e+00	 8.8376e-01	 2.5807e+00	
 8.0000e+01	 1.9030e+00	 1.0000e-04	 6.7748e+00	 8.8580e-01	 2.5882e+00	
 8.1000e+01	 1.8661e+00	 1.0000e-04	 6.5224e+00	 8.8919e-01	 2.5975e+00	
 8.2000e+01	 1.8440e+00	 1.0000e-04	 6.3827e+00	 8.9371e-01	 2.6114e+00	
 8.3000e+01	 1.8152e+00	 1.0000e-04	 6.2030e+00	 8.9790e-01	 2.6231e+00	
 8.4000e+01	 1.7897e+00	 1.0000e-04	 6.0406e+00	 9.0048e-01	 2.6288e+00	
 8.5000e+01	 1.7655e+00	 1.0000e-04	 5.8966e+00	 8.9625e-01	 2.6159e+00	
 8.6000e+01	 1.7377e+00	 1.0000e-04	 5.7282e+00	 8.9386e-01	 2.6084e+00	
 8.7000e+01	 1.7008e+00	 1.0000e-04	 5.5270e+00	 8.9443e-01	 2.6122e+00	
 8.8000e+01	 1.6501e+00	 1.0000e-04	 5.2499e+00	 8.9642e-01	 2.6200e+00	
 8.9000e+01	 1.6185e+00	 1.0000e-04	 5.0881e+00	 8.9531e-01	 2.6180e+00	
 9.0000e+01	 1.5827e+00	 1.0000e-04	 4.8976e+00	 8.9594e-01	 2.6197e+00	
 9.1000e+01	 1.5478e+00	 1.0000e-04	 4.7334e+00	 8.9757e-01	 2.6256e+00	
 9.2000e+01	 1.5237e+00	 1.0000e-04	 4.6167e+00	 8.9745e-01	 2.6252e+00	
 9.3000e+01	 1.4991e+00	 1.0000e-04	 4.5032e+00	 8.9963e-01	 2.6304e+00	
 9.4000e+01	 1.4601e+00	 1.0000e-04	 4.3327e+00	 9.0118e-01	 2.6339e+00	
 9.5000e+01	 1.4362e+00	 1.0000e-04	 4.2273e+00	 9.0430e-01	 2.6428e+00	
 9.6000e+01	 1.3949e+00	 1.0000e-04	 4.0551e+00	 9.0682e-01	 2.6501e+00	
 9.7000e+01	 1.3684e+00	 1.0000e-04	 3.9455e+00	 9.0925e-01	 2.6586e+00	
 9.8000e+01	 1.3383e+00	 1.0000e-04	 3.8289e+00	 9.0989e-01	 2.6612e+00	
 9.9000e+01	 1.3194e+00	 1.0000e-04	 3.7577e+00	 9.0964e-01	 2.6613e+00	
 1.0000e+02	 1.2965e+00	 1.0000e-04	 3.6723e+00	 9.1135e-01	 2.6659e+00	
 1.0100e+02	 1.2816e+00	 1.0000e-04	 3.6196e+00	 9.1119e-01	 2.6657e+00	
 1.0200e+02	 1.2439e+00	 1.0000e-04	 3.4821e+00	 9.1207e-01	 2.6687e+00	
 1.0300e+02	 1.2224e+00	 1.0000e-04	 3.4070e+00	 9.1224e-01	 2.6702e+00	
 1.0400e+02	 1.1887e+00	 1.0000e-04	 3.2967e+00	 9.1337e-01	 2.6729e+00	
 1.0500e+02	 1.1632e+00	 1.0000e-04	 3.2093e+00	 9.1641e-01	 2.6813e+00	
 1.0600e+02	 1.1403e+00	 1.0000e-04	 3.1385e+00	 9.1841e-01	 2.6855e+00	
 1.0700e+02	 1.1141e+00	 1.0000e-04	 3.0570e+00	 9.1976e-01	 2.6907e+00	
 1.0800e+02	 1.1036e+00	 1.0000e-04	 3.0248e+00	 9.2283e-01	 2.7002e+00	
 1.0900e+02	 1.0719e+00	 1.0000e-04	 2.9292e+00	 9.2615e-01	 2.7117e+00	
 1.1000e+02	 1.0537e+00	 1.0000e-04	 2.8753e+00	 9.2658e-01	 2.7124e+00	
 1.1100e+02	 1.0204e+00	 1.0000e-04	 2.7804e+00	 9.2937e-01	 2.7211e+00	
 1.1200e+02	 1.0061e+00	 1.0000e-04	 2.7419e+00	 9.3282e-01	 2.7330e+00	
 1.1300e+02	 9.8628e-01	 1.0000e-04	 2.6882e+00	 9.3090e-01	 2.7277e+00	
 1.1400e+02	 9.5833e-01	 1.0000e-04	 2.6125e+00	 9.2861e-01	 2.7217e+00	
 1.1500e+02	 9.5029e-01	 1.0000e-04	 2.5914e+00	 9.2861e-01	 2.7216e+00	
 1.1600e+02	 9.1604e-01	 1.0000e-04	 2.5044e+00	 9.3043e-01	 2.7275e+00	
 1.1700e+02	 9.1194e-01	 1.0000e-04	 2.4949e+00	 9.3337e-01	 2.7342e+00	
 1.1800e+02	 8.8019e-01	 1.0000e-04	 2.4168e+00	 9.3852e-01	 2.7488e+00	
 1.1900e+02	 8.6004e-01	 1.0000e-04	 2.3682e+00	 9.3960e-01	 2.7520e+00	
 1.2000e+02	 8.3994e-01	 1.0000e-04	 2.3217e+00	 9.4237e-01	 2.7606e+00	
 1.2100e+02	 8.2608e-01	 1.0000e-04	 2.2875e+00	 9.4506e-01	 2.7698e+00	
 1.2200e+02	 8.1102e-01	 1.0000e-04	 2.2540e+00	 9.4724e-01	 2.7789e+00	
 1.2300e+02	 7.8888e-01	 1.0000e-04	 2.2043e+00	 9.4470e-01	 2.7723e+00	
 1.2400e+02	 7.7198e-01	 1.0000e-04	 2.1670e+00	 9.4493e-01	 2.7731e+00	
 1.2500e+02	 7.5176e-01	 1.0000e-04	 2.1239e+00	 9.4611e-01	 2.7770e+00	
 1.2600e+02	 7.3622e-01	 1.0000e-04	 2.0901e+00	 9.5006e-01	 2.7890e+00	
 1.2700e+02	 7.2151e-01	 1.0000e-04	 2.0601e+00	 9.5200e-01	 2.7954e+00	
 1.2800e+02	 7.0443e-01	 1.0000e-04	 2.0255e+00	 9.5517e-01	 2.8038e+00	
 1.2900e+02	 6.8874e-01	 1.0000e-04	 1.9935e+00	 9.5525e-01	 2.8025e+00	
 1.3000e+02	 6.7218e-01	 1.0000e-04	 1.9605e+00	 9.6016e-01	 2.8189e+00	
 1.3100e+02	 6.5943e-01	 1.0000e-04	 1.9351e+00	 9.5746e-01	 2.8090e+00	
 1.3200e+02	 6.4206e-01	 1.0000e-04	 1.9022e+00	 9.5505e-01	 2.8028e+00	
 1.3300e+02	 6.3477e-01	 1.0000e-04	 1.8884e+00	 9.5555e-01	 2.8041e+00	
 1.3400e+02	 6.1284e-01	 1.0000e-04	 1.8480e+00	 9.5981e-01	 2.8192e+00	
 1.3500e+02	 6.0244e-01	 1.0000e-04	 1.8280e+00	 9.6710e-01	 2.8458e+00	
 1.3600e+02	 5.8655e-01	 1.0000e-04	 1.7994e+00	 9.6981e-01	 2.8542e+00	
 1.3700e+02	 5.8231e-01	 1.0000e-04	 1.7915e+00	 9.7346e-01	 2.8669e+00	
 1.3800e+02	 5.6709e-01	 1.0000e-04	 1.7649e+00	 9.7307e-01	 2.8625e+00	
 1.3900e+02	 5.5077e-01	 1.0000e-04	 1.7360e+00	 9.7429e-01	 2.8650e+00	
 1.4000e+02	 5.3939e-01	 1.0000e-04	 1.7162e+00	 9.7051e-01	 2.8519e+00	
 1.4100e+02	 5.2577e-01	 1.0000e-04	 1.6928e+00	 9.7217e-01	 2.8566e+00	
 1.4200e+02	 5.2182e-01	 1.0000e-04	 1.6869e+00	 9.7372e-01	 2.8615e+00	
 1.4300e+02	 5.1065e-01	 1.0000e-04	 1.6676e+00	 9.7447e-01	 2.8670e+00	
 1.4400e+02	 4.9507e-01	 1.0000e-04	 1.6421e+00	 9.7545e-01	 2.8681e+00	
 1.4500e+02	 4.8068e-01	 1.0000e-04	 1.6178e+00	 9.8025e-01	 2.8861e+00	
 1.4600e+02	 4.7541e-01	 1.0000e-04	 1.6100e+00	 9.8747e-01	 2.9099e+00	
 1.4700e+02	 4.6779e-01	 1.0000e-04	 1.5975e+00	 9.9200e-01	 2.9226e+00	
 1.4800e+02	 4.5804e-01	 1.0000e-04	 1.5824e+00	 9.9050e-01	 2.9206e+00	
 1.4900e+02	 4.4551e-01	 1.0000e-04	 1.5621e+00	 9.8805e-01	 2.9098e+00	
 1.5000e+02	 4.3539e-01	 1.0000e-04	 1.5468e+00	 9.9280e-01	 2.9270e+00	
 1.5100e+02	 4.3023e-01	 1.0000e-04	 1.5386e+00	 9.8821e-01	 2.9116e+00	
 1.5200e+02	 4.1445e-01	 1.0000e-04	 1.5142e+00	 9.8603e-01	 2.9019e+00	
 1.5300e+02	 4.0880e-01	 1.0000e-04	 1.5057e+00	 9.9094e-01	 2.9167e+00	
 1.5400e+02	 3.9788e-01	 1.0000e-04	 1.4894e+00	 9.9436e-01	 2.9270e+00	
 1.5500e+02	 3.9042e-01	 1.0000e-04	 1.4783e+00	 9.9763e-01	 2.9395e+00	
 1.5600e+02	 3.8451e-01	 1.0000e-04	 1.4695e+00	 1.0024e+00	 2.9578e+00	
 1.5700e+02	 3.7563e-01	 1.0000e-04	 1.4565e+00	 1.0061e+00	 2.9727e+00	
 1.5800e+02	 3.6959e-01	 1.0000e-04	 1.4476e+00	 1.0067e+00	 2.9789e+00	
 1.5900e+02	 3.6686e-01	 1.0000e-04	 1.4439e+00	 1.0079e+00	 2.9776e+00	
 1.6000e+02	 3.5693e-01	 1.0000e-04	 1.4295e+00	 1.0076e+00	 2.9739e+00	
 1.6100e+02	 3.4406e-01	 1.0000e-04	 1.4111e+00	 1.0093e+00	 2.9760e+00	
 1.6200e+02	 3.3660e-01	 1.0000e-04	 1.4008e+00	 1.0072e+00	 2.9720e+00	
 1.6300e+02	 3.2775e-01	 1.0000e-04	 1.3884e+00	 1.0066e+00	 2.9711e+00	
 1.6400e+02	 3.2253e-01	 1.0000e-04	 1.3811e+00	 1.0125e+00	 2.9903e+00	
 1.6500e+02	 3.1702e-01	 1.0000e-04	 1.3734e+00	 1.0190e+00	 3.0183e+00	
 1.6600e+02	 3.0734e-01	 1.0000e-04	 1.3601e+00	 1.0158e+00	 3.0060e+00	
 1.6700e+02	 2.9949e-01	 1.0000e-04	 1.3496e+00	 1.0225e+00	 3.0251e+00	
 1.6800e+02	 2.9569e-01	 1.0000e-04	 1.3445e+00	 1.0232e+00	 3.0264e+00	
 1.6900e+02	 2.8569e-01	 1.0000e-04	 1.3311e+00	 1.0202e+00	 3.0161e+00	
 1.7000e+02	 2.8732e-01	 1.0000e-04	 1.3333e+00	 1.0203e+00	 3.0161e+00	
 1.7100e+02	 2.7930e-01	 1.0000e-04	 1.3226e+00	 1.0223e+00	 3.0278e+00	
 1.7200e+02	 2.7337e-01	 1.0000e-04	 1.3147e+00	 1.0298e+00	 3.0541e+00	
 1.7300e+02	 2.6499e-01	 1.0000e-04	 1.3038e+00	 1.0288e+00	 3.0505e+00	
 1.7400e+02	 2.6236e-01	 1.0000e-04	 1.3003e+00	 1.0282e+00	 3.0463e+00	
 1.7500e+02	 2.5932e-01	 1.0000e-04	 1.2964e+00	 1.0308e+00	 3.0525e+00	
 1.7600e+02	 2.5145e-01	 1.0000e-04	 1.2862e+00	 1.0345e+00	 3.0661e+00	
 1.7700e+02	 2.4281e-01	 1.0000e-04	 1.2751e+00	 1.0346e+00	 3.0661e+00	
 1.7800e+02	 2.3971e-01	 1.0000e-04	 1.2711e+00	 1.0324e+00	 3.0598e+00	
 1.7900e+02	 2.3485e-01	 1.0000e-04	 1.2648e+00	 1.0367e+00	 3.0754e+00	
 1.8000e+02	 2.3143e-01	 1.0000e-04	 1.2606e+00	 1.0395e+00	 3.0858e+00	
 1.8100e+02	 2.2754e-01	 1.0000e-04	 1.2557e+00	 1.0423e+00	 3.0959e+00	
 1.8200e+02	 2.2608e-01	 1.0000e-04	 1.2538e+00	 1.0424e+00	 3.0952e+00	
 1.8300e+02	 2.1619e-01	 1.0000e-04	 1.2417e+00	 1.0439e+00	 3.0963e+00	
 1.8400e+02	 2.1256e-01	 1.0000e-04	 1.2370e+00	 1.0453e+00	 3.1054e+00	
 1.8500e+02	 2.0781e-01	 1.0000e-04	 1.2312e+00	 1.0433e+00	 3.0980e+00	
 1.8600e+02	 2.0566e-01	 1.0000e-04	 1.2285e+00	 1.0462e+00	 3.1098e+00	
 1.8700e+02	 2.0484e-01	 1.0000e-04	 1.2275e+00	 1.0467e+00	 3.1111e+00	
 1.8800e+02	 1.9868e-01	 1.0000e-04	 1.2199e+00	 1.0561e+00	 3.1455e+00	
 1.8900e+02	 1.8846e-01	 1.0000e-04	 1.2076e+00	 1.0557e+00	 3.1416e+00	
 1.9000e+02	 1.8958e-01	 1.0000e-04	 1.2090e+00	 1.0527e+00	 3.1305e+00	
 1.9100e+02	 1.8725e-01	 1.0000e-04	 1.2061e+00	 1.0627e+00	 3.1693e+00	
 1.9200e+02	 1.8193e-01	 1.0000e-04	 1.1997e+00	 1.0601e+00	 3.1594e+00	
 1.9300e+02	 1.8060e-01	 1.0000e-04	 1.1982e+00	 1.0526e+00	 3.1273e+00	
 1.9400e+02	 1.7406e-01	 1.0000e-04	 1.1904e+00	 1.0544e+00	 3.1364e+00	
 1.9500e+02	 1.6854e-01	 1.0000e-04	 1.1838e+00	 1.0588e+00	 3.1544e+00	
 1.9600e+02	 1.6785e-01	 1.0000e-04	 1.1829e+00	 1.0643e+00	 3.1728e+00	
 1.9700e+02	 1.6843e-01	 1.0000e-04	 1.1836e+00	 1.0621e+00	 3.1667e+00	
 1.9800e+02	 1.6274e-01	 1.0000e-04	 1.1769e+00	 1.0681e+00	 3.1887e+00	
 1.9900e+02	 1.5804e-01	 1.0000e-04	 1.1713e+00	 1.0673e+00	 3.1854e+00	
 2.0000e+02	 1.5924e-01	 1.0000e-04	 1.1728e+00	 1.0666e+00	 3.1832e+00	
 2.0100e+02	 1.5220e-01	 1.0000e-04	 1.1645e+00	 1.0681e+00	 3.1889e+00	
 2.0200e+02	 1.5214e-01	 1.0000e-04	 1.1644e+00	 1.0752e+00	 3.2105e+00	
 2.0300e+02	 1.4359e-01	 1.0000e-04	 1.1545e+00	 1.0761e+00	 3.2170e+00	
 2.0400e+02	 1.4483e-01	 1.0000e-04	 1.1559e+00	 1.0807e+00	 3.2369e+00	
 2.0500e+02	 1.4218e-01	 1.0000e-04	 1.1529e+00	 1.0718e+00	 3.2041e+00	
 2.0600e+02	 1.4147e-01	 1.0000e-04	 1.1521e+00	 1.0800e+00	 3.2359e+00	
 2.0700e+02	 1.3657e-01	 1.0000e-04	 1.1464e+00	 1.0853e+00	 3.2488e+00	
 2.0800e+02	 1.3298e-01	 1.0000e-04	 1.1424e+00	 1.0832e+00	 3.2451e+00	
 2.0900e+02	 1.3208e-01	 1.0000e-04	 1.1413e+00	 1.0831e+00	 3.2465e+00	
 2.1000e+02	 1.2522e-01	 1.0000e-04	 1.1335e+00	 1.0815e+00	 3.2416e+00	
 2.1100e+02	 1.2565e-01	 1.0000e-04	 1.1340e+00	 1.0849e+00	 3.2531e+00	
 2.1200e+02	 1.2405e-01	 1.0000e-04	 1.1322e+00	 1.0864e+00	 3.2582e+00	
 2.1300e+02	 1.2226e-01	 1.0000e-04	 1.1301e+00	 1.0908e+00	 3.2697e+00	
 2.1400e+02	 1.2047e-01	 1.0000e-04	 1.1281e+00	 1.0934e+00	 3.2853e+00	
 2.1500e+02	 1.1811e-01	 1.0000e-04	 1.1254e+00	 1.0950e+00	 3.2912e+00	
 2.1600e+02	 1.1586e-01	 1.0000e-04	 1.1229e+00	 1.0897e+00	 3.2729e+00	
 2.1700e+02	 1.1352e-01	 1.0000e-04	 1.1203e+00	 1.0953e+00	 3.2918e+00	
 2.1800e+02	 1.1072e-01	 1.0000e-04	 1.1171e+00	 1.0969e+00	 3.2964e+00	
 2.1900e+02	 1.0965e-01	 1.0000e-04	 1.1160e+00	 1.0992e+00	 3.3081e+00	
 2.2000e+02	 1.0304e-01	 1.0000e-04	 1.1086e+00	 1.0996e+00	 3.3097e+00	
 2.2100e+02	 1.0709e-01	 1.0000e-04	 1.1131e+00	 1.0983e+00	 3.3036e+00	
 2.2200e+02	 1.0142e-01	 1.0000e-04	 1.1068e+00	 1.0996e+00	 3.3108e+00	
 2.2300e+02	 1.0141e-01	 1.0000e-04	 1.1068e+00	 1.1086e+00	 3.3451e+00	
 2.2400e+02	 1.0169e-01	 1.0000e-04	 1.1071e+00	 1.1190e+00	 3.3875e+00	
 2.2500e+02	 9.7838e-02	 1.0000e-04	 1.1028e+00	 1.1052e+00	 3.3265e+00	
 2.2600e+02	 9.8353e-02	 1.0000e-04	 1.1034e+00	 1.1054e+00	 3.3330e+00	
 2.2700e+02	 9.4402e-02	 1.0000e-04	 1.0991e+00	 1.1060e+00	 3.3346e+00	
 2.2800e+02	 9.1858e-02	 1.0000e-04	 1.0963e+00	 1.1094e+00	 3.3516e+00	
 2.2900e+02	 9.3679e-02	 1.0000e-04	 1.0983e+00	 1.1157e+00	 3.3719e+00	
 2.3000e+02	 8.9985e-02	 1.0000e-04	 1.0942e+00	 1.1155e+00	 3.3691e+00	
 2.3100e+02	 8.7871e-02	 1.0000e-04	 1.0919e+00	 1.1140e+00	 3.3684e+00	
 2.3200e+02	 8.4716e-02	 1.0000e-04	 1.0885e+00	 1.1140e+00	 3.3696e+00	
 2.3300e+02	 8.4816e-02	 1.0000e-04	 1.0886e+00	 1.1195e+00	 3.3918e+00	
 2.3400e+02	 8.3870e-02	 1.0000e-04	 1.0875e+00	 1.1258e+00	 3.4068e+00	
 2.3500e+02	 8.3358e-02	 1.0000e-04	 1.0870e+00	 1.1165e+00	 3.3790e+00	
 2.3600e+02	 8.1787e-02	 1.0000e-04	 1.0853e+00	 1.1166e+00	 3.3797e+00	
 2.3700e+02	 7.8328e-02	 1.0000e-04	 1.0815e+00	 1.1211e+00	 3.3976e+00	
 2.3800e+02	 7.7772e-02	 1.0000e-04	 1.0809e+00	 1.1264e+00	 3.4135e+00	
 2.3900e+02	 7.6774e-02	 1.0000e-04	 1.0798e+00	 1.1275e+00	 3.4199e+00	
 2.4000e+02	 7.5422e-02	 1.0000e-04	 1.0784e+00	 1.1208e+00	 3.3941e+00	
 2.4100e+02	 7.3686e-02	 1.0000e-04	 1.0765e+00	 1.1264e+00	 3.4207e+00	
 2.4200e+02	 7.1646e-02	 1.0000e-04	 1.0743e+00	 1.1320e+00	 3.4424e+00	
 2.4300e+02	 7.0076e-02	 1.0000e-04	 1.0726e+00	 1.1355e+00	 3.4518e+00	
 2.4400e+02	 7.0112e-02	 1.0000e-04	 1.0727e+00	 1.1332e+00	 3.4476e+00	
 2.4500e+02	 6.9284e-02	 1.0000e-04	 1.0718e+00	 1.1333e+00	 3.4503e+00	
 2.4600e+02	 6.8675e-02	 1.0000e-04	 1.0711e+00	 1.1381e+00	 3.4614e+00	
 2.4700e+02	 6.6829e-02	 1.0000e-04	 1.0691e+00	 1.1395e+00	 3.4712e+00	
 2.4800e+02	 6.5166e-02	 1.0000e-04	 1.0674e+00	 1.1375e+00	 3.4631e+00	
 2.4900e+02	 6.5478e-02	 1.0000e-04	 1.0677e+00	 1.1399e+00	 3.4714e+00	
 2.5000e+02	 6.4540e-02	 1.0000e-04	 1.0667e+00	 1.1346e+00	 3.4495e+00	
 2.5100e+02	 6.3170e-02	 1.0000e-04	 1.0652e+00	 1.1449e+00	 3.4896e+00	
 2.5200e+02	 6.0224e-02	 1.0000e-04	 1.0621e+00	 1.1416e+00	 3.4774e+00	
 2.5300e+02	 6.1922e-02	 1.0000e-04	 1.0639e+00	 1.1401e+00	 3.4762e+00	
 2.5400e+02	 5.9043e-02	 1.0000e-04	 1.0608e+00	 1.1477e+00	 3.5056e+00	
 2.5500e+02	 5.8124e-02	 1.0000e-04	 1.0599e+00	 1.1401e+00	 3.4699e+00	
 2.5600e+02	 5.8974e-02	 1.0000e-04	 1.0608e+00	 1.1503e+00	 3.5162e+00	
 2.5700e+02	 5.7835e-02	 1.0000e-04	 1.0596e+00	 1.1509e+00	 3.5157e+00	
 2.5800e+02	 5.5880e-02	 1.0000e-04	 1.0575e+00	 1.1437e+00	 3.4878e+00	
 2.5900e+02	 5.6521e-02	 1.0000e-04	 1.0582e+00	 1.1515e+00	 3.5233e+00	
 2.6000e+02	 5.3675e-02	 1.0000e-04	 1.0552e+00	 1.1518e+00	 3.5217e+00	
 2.6100e+02	 5.4177e-02	 1.0000e-04	 1.0557e+00	 1.1551e+00	 3.5360e+00	
 2.6200e+02	 5.1741e-02	 1.0000e-04	 1.0531e+00	 1.1543e+00	 3.5299e+00	
 2.6300e+02	 5.1773e-02	 1.0000e-04	 1.0532e+00	 1.1564e+00	 3.5437e+00	
 2.6400e+02	 5.2031e-02	 1.0000e-04	 1.0534e+00	 1.1590e+00	 3.5497e+00	
 2.6500e+02	 5.0260e-02	 1.0000e-04	 1.0516e+00	 1.1591e+00	 3.5510e+00	
 2.6600e+02	 5.1226e-02	 1.0000e-04	 1.0526e+00	 1.1567e+00	 3.5407e+00	
 2.6700e+02	 4.8537e-02	 1.0000e-04	 1.0497e+00	 1.1561e+00	 3.5390e+00	
 2.6800e+02	 4.6961e-02	 1.0000e-04	 1.0481e+00	 1.1646e+00	 3.5755e+00	
 2.6900e+02	 4.8352e-02	 1.0000e-04	 1.0496e+00	 1.1684e+00	 3.5908e+00	
 2.7000e+02	 4.7128e-02	 1.0000e-04	 1.0483e+00	 1.1680e+00	 3.5945e+00	
 2.7100e+02	 4.6869e-02	 1.0000e-04	 1.0480e+00	 1.1699e+00	 3.6001e+00	
 2.7200e+02	 4.5122e-02	 1.0000e-04	 1.0462e+00	 1.1663e+00	 3.5816e+00	
 2.7300e+02	 4.4899e-02	 1.0000e-04	 1.0459e+00	 1.1664e+00	 3.5847e+00	
 2.7400e+02	 4.3497e-02	 1.0000e-04	 1.0445e+00	 1.1687e+00	 3.5906e+00	
 2.7500e+02	 4.3634e-02	 1.0000e-04	 1.0446e+00	 1.1625e+00	 3.5717e+00	
 2.7600e+02	 4.2856e-02	 1.0000e-04	 1.0438e+00	 1.1680e+00	 3.5908e+00	
 2.7700e+02	 4.2602e-02	 1.0000e-04	 1.0435e+00	 1.1799e+00	 3.6338e+00	
 2.7800e+02	 4.1372e-02	 1.0000e-04	 1.0423e+00	 1.1657e+00	 3.5780e+00	
 2.7900e+02	 4.1841e-02	 1.0000e-04	 1.0427e+00	 1.1760e+00	 3.6212e+00	
 2.8000e+02	 4.0395e-02	 1.0000e-04	 1.0412e+00	 1.1775e+00	 3.6288e+00	
 2.8100e+02	 4.0369e-02	 1.0000e-04	 1.0412e+00	 1.1776e+00	 3.6311e+00	
 2.8200e+02	 3.7811e-02	 1.0000e-04	 1.0385e+00	 1.1783e+00	 3.6406e+00	
 2.8300e+02	 3.7032e-02	 1.0000e-04	 1.0377e+00	 1.1801e+00	 3.6455e+00	
 2.8400e+02	 3.7695e-02	 1.0000e-04	 1.0384e+00	 1.1827e+00	 3.6578e+00	
 2.8500e+02	 3.7509e-02	 1.0000e-04	 1.0382e+00	 1.1908e+00	 3.6891e+00	
 2.8600e+02	 3.7549e-02	 1.0000e-04	 1.0383e+00	 1.1839e+00	 3.6613e+00	
 2.8700e+02	 3.7219e-02	 1.0000e-04	 1.0379e+00	 1.1846e+00	 3.6718e+00	
 2.8800e+02	 3.5955e-02	 1.0000e-04	 1.0366e+00	 1.1869e+00	 3.6689e+00	
 2.8900e+02	 3.4840e-02	 1.0000e-04	 1.0355e+00	 1.1925e+00	 3.6957e+00	
 2.9000e+02	 3.4276e-02	 1.0000e-04	 1.0349e+00	 1.1968e+00	 3.7132e+00	
 2.9100e+02	 3.5563e-02	 1.0000e-04	 1.0362e+00	 1.1836e+00	 3.6605e+00	
 2.9200e+02	 3.3568e-02	 1.0000e-04	 1.0341e+00	 1.1903e+00	 3.6887e+00	
 2.9300e+02	 3.2994e-02	 1.0000e-04	 1.0336e+00	 1.1920e+00	 3.6936e+00	
 2.9400e+02	 3.3609e-02	 1.0000e-04	 1.0342e+00	 1.1856e+00	 3.6680e+00	
 2.9500e+02	 3.2755e-02	 1.0000e-04	 1.0333e+00	 1.1991e+00	 3.7219e+00	
 2.9600e+02	 3.1790e-02	 1.0000e-04	 1.0323e+00	 1.2064e+00	 3.7525e+00	
 2.9700e+02	 3.1302e-02	 1.0000e-04	 1.0318e+00	 1.1967e+00	 3.7159e+00	
 2.9800e+02	 2.9652e-02	 1.0000e-04	 1.0301e+00	 1.1892e+00	 3.6854e+00	
 2.9900e+02	 2.9734e-02	 1.0000e-04	 1.0302e+00	 1.2024e+00	 3.7359e+00	
 3.0000e+02	 3.0017e-02	 1.0000e-04	 1.0305e+00	 1.2019e+00	 3.7386e+00	
 3.0100e+02	 3.0851e-02	 1.0000e-04	 1.0313e+00	 1.2028e+00	 3.7485e+00	
 3.0200e+02	 2.9630e-02	 1.0000e-04	 1.0301e+00	 1.2038e+00	 3.7491e+00	
 3.0300e+02	 2.8821e-02	 1.0000e-04	 1.0292e+00	 1.2007e+00	 3.7348e+00	
 3.0400e+02	 2.8393e-02	 1.0000e-04	 1.0288e+00	 1.2101e+00	 3.7742e+00	
 3.0500e+02	 2.9140e-02	 1.0000e-04	 1.0296e+00	 1.2077e+00	 3.7675e+00	
 3.0600e+02	 2.9410e-02	 1.0000e-04	 1.0299e+00	 1.1993e+00	 3.7307e+00	
 3.0700e+02	 2.7599e-02	 1.0000e-04	 1.0280e+00	 1.2104e+00	 3.7794e+00	
 3.0800e+02	 2.7707e-02	 1.0000e-04	 1.0281e+00	 1.2030e+00	 3.7432e+00	
 3.0900e+02	 3.1196e-02	 1.0000e-04	 1.0318e+00	 1.2197e+00	 3.8239e+00	
 3.1000e+02	 2.7667e-02	 1.0000e-04	 1.0281e+00	 1.2099e+00	 3.7719e+00	
 3.1100e+02	 2.7232e-02	 1.0000e-04	 1.0276e+00	 1.2128e+00	 3.7840e+00	
 3.1200e+02	 2.6367e-02	 1.0000e-04	 1.0267e+00	 1.2103e+00	 3.7787e+00	
 3.1300e+02	 2.5356e-02	 1.0000e-04	 1.0257e+00	 1.2155e+00	 3.7979e+00	
 3.1400e+02	 2.4992e-02	 1.0000e-04	 1.0253e+00	 1.2189e+00	 3.8168e+00	
 3.1500e+02	 2.5073e-02	 1.0000e-04	 1.0254e+00	 1.2137e+00	 3.7921e+00	
 3.1600e+02	 2.3925e-02	 1.0000e-04	 1.0242e+00	 1.2168e+00	 3.8087e+00	
 3.1700e+02	 2.3760e-02	 1.0000e-04	 1.0241e+00	 1.2150e+00	 3.8003e+00	
 3.1800e+02	 2.4258e-02	 1.0000e-04	 1.0246e+00	 1.2182e+00	 3.8201e+00	
 3.1900e+02	 2.4377e-02	 1.0000e-04	 1.0247e+00	 1.2158e+00	 3.8068e+00	
 3.2000e+02	 2.3248e-02	 1.0000e-04	 1.0235e+00	 1.2221e+00	 3.8284e+00	
 3.2100e+02	 2.2635e-02	 1.0000e-04	 1.0229e+00	 1.2331e+00	 3.8749e+00	
 3.2200e+02	 2.3885e-02	 1.0000e-04	 1.0242e+00	 1.2127e+00	 3.7969e+00	
 3.2300e+02	 2.3610e-02	 1.0000e-04	 1.0239e+00	 1.2277e+00	 3.8590e+00	
 3.2400e+02	 2.2168e-02	 1.0000e-04	 1.0224e+00	 1.2250e+00	 3.8434e+00	
 3.2500e+02	 2.2073e-02	 1.0000e-04	 1.0223e+00	 1.2230e+00	 3.8411e+00	
 3.2600e+02	 2.0402e-02	 1.0000e-04	 1.0206e+00	 1.2250e+00	 3.8491e+00	
 3.2700e+02	 2.1294e-02	 1.0000e-04	 1.0215e+00	 1.2265e+00	 3.8525e+00	
 3.2800e+02	 2.1527e-02	 1.0000e-04	 1.0218e+00	 1.2292e+00	 3.8689e+00	
 3.2900e+02	 2.1442e-02	 1.0000e-04	 1.0217e+00	 1.2309e+00	 3.8724e+00	
 3.3000e+02	 2.0531e-02	 1.0000e-04	 1.0207e+00	 1.2328e+00	 3.8824e+00	
 3.3100e+02	 1.9460e-02	 1.0000e-04	 1.0197e+00	 1.2343e+00	 3.8878e+00	
 3.3200e+02	 2.0222e-02	 1.0000e-04	 1.0204e+00	 1.2398e+00	 3.9134e+00	
 3.3300e+02	 2.0088e-02	 1.0000e-04	 1.0203e+00	 1.2336e+00	 3.8890e+00	
 3.3400e+02	 1.9238e-02	 1.0000e-04	 1.0194e+00	 1.2364e+00	 3.8986e+00	
 3.3500e+02	 1.9723e-02	 1.0000e-04	 1.0199e+00	 1.2377e+00	 3.8992e+00	
 3.3600e+02	 1.8503e-02	 1.0000e-04	 1.0187e+00	 1.2417e+00	 3.9242e+00	
 3.3700e+02	 1.8741e-02	 1.0000e-04	 1.0189e+00	 1.2355e+00	 3.8912e+00	
 3.3800e+02	 1.9077e-02	 1.0000e-04	 1.0193e+00	 1.2368e+00	 3.8994e+00	
 3.3900e+02	 1.7473e-02	 1.0000e-04	 1.0176e+00	 1.2450e+00	 3.9394e+00	
 3.4000e+02	 1.7755e-02	 1.0000e-04	 1.0179e+00	 1.2418e+00	 3.9238e+00	
 3.4100e+02	 1.7192e-02	 1.0000e-04	 1.0173e+00	 1.2480e+00	 3.9573e+00	
 3.4200e+02	 1.7890e-02	 1.0000e-04	 1.0181e+00	 1.2444e+00	 3.9430e+00	
 3.4300e+02	 1.7074e-02	 1.0000e-04	 1.0172e+00	 1.2408e+00	 3.9160e+00	
 3.4400e+02	 1.7331e-02	 1.0000e-04	 1.0175e+00	 1.2477e+00	 3.9536e+00	
 3.4500e+02	 1.6854e-02	 1.0000e-04	 1.0170e+00	 1.2452e+00	 3.9328e+00	
 3.4600e+02	 1.7184e-02	 1.0000e-04	 1.0174e+00	 1.2483e+00	 3.9489e+00	
 3.4700e+02	 1.6915e-02	 1.0000e-04	 1.0171e+00	 1.2455e+00	 3.9450e+00	
 3.4800e+02	 1.6126e-02	 1.0000e-04	 1.0163e+00	 1.2491e+00	 3.9532e+00	
 3.4900e+02	 1.5490e-02	 1.0000e-04	 1.0156e+00	 1.2508e+00	 3.9643e+00	
 3.5000e+02	 1.5836e-02	 1.0000e-04	 1.0160e+00	 1.2502e+00	 3.9623e+00	
 3.5100e+02	 1.5267e-02	 1.0000e-04	 1.0154e+00	 1.2551e+00	 3.9888e+00	
 3.5200e+02	 1.5395e-02	 1.0000e-04	 1.0155e+00	 1.2610e+00	 4.0195e+00	
 3.5300e+02	 1.4915e-02	 1.0000e-04	 1.0150e+00	 1.2502e+00	 3.9656e+00	
 3.5400e+02	 1.5129e-02	 1.0000e-04	 1.0152e+00	 1.2595e+00	 4.0055e+00	
 3.5500e+02	 1.4244e-02	 1.0000e-04	 1.0143e+00	 1.2541e+00	 3.9827e+00	
 3.5600e+02	 1.5274e-02	 1.0000e-04	 1.0154e+00	 1.2609e+00	 4.0164e+00	
 3.5700e+02	 1.4770e-02	 1.0000e-04	 1.0149e+00	 1.2555e+00	 3.9813e+00	
 3.5800e+02	 1.4317e-02	 1.0000e-04	 1.0144e+00	 1.2546e+00	 3.9851e+00	
 3.5900e+02	 1.4001e-02	 1.0000e-04	 1.0141e+00	 1.2664e+00	 4.0337e+00	
 3.6000e+02	 1.4604e-02	 1.0000e-04	 1.0147e+00	 1.2580e+00	 3.9981e+00	
 3.6100e+02	 1.3848e-02	 1.0000e-04	 1.0140e+00	 1.2635e+00	 4.0292e+00	
 3.6200e+02	 1.3835e-02	 1.0000e-04	 1.0139e+00	 1.2633e+00	 4.0290e+00	
 3.6300e+02	 1.3465e-02	 1.0000e-04	 1.0136e+00	 1.2572e+00	 3.9978e+00	
 3.6400e+02	 1.3565e-02	 1.0000e-04	 1.0137e+00	 1.2672e+00	 4.0444e+00	
 3.6500e+02	 1.3448e-02	 1.0000e-04	 1.0136e+00	 1.2640e+00	 4.0297e+00	
 3.6600e+02	 1.2982e-02	 1.0000e-04	 1.0131e+00	 1.2659e+00	 4.0353e+00	
 3.6700e+02	 1.3034e-02	 1.0000e-04	 1.0131e+00	 1.2677e+00	 4.0328e+00	
 3.6800e+02	 1.2273e-02	 1.0000e-04	 1.0124e+00	 1.2738e+00	 4.0717e+00	
 3.6900e+02	 1.2389e-02	 1.0000e-04	 1.0125e+00	 1.2714e+00	 4.0566e+00	
 3.7000e+02	 1.2540e-02	 1.0000e-04	 1.0126e+00	 1.2715e+00	 4.0560e+00	
 3.7100e+02	 1.2179e-02	 1.0000e-04	 1.0123e+00	 1.2764e+00	 4.0908e+00	
 3.7200e+02	 1.2548e-02	 1.0000e-04	 1.0126e+00	 1.2668e+00	 4.0406e+00	
 3.7300e+02	 1.2399e-02	 1.0000e-04	 1.0125e+00	 1.2806e+00	 4.1065e+00	
 3.7400e+02	 1.0852e-02	 1.0000e-04	 1.0109e+00	 1.2714e+00	 4.0639e+00	
 3.7500e+02	 1.1232e-02	 1.0000e-04	 1.0113e+00	 1.2757e+00	 4.0817e+00	
 3.7600e+02	 1.0936e-02	 1.0000e-04	 1.0110e+00	 1.2840e+00	 4.1160e+00	
 3.7700e+02	 1.0879e-02	 1.0000e-04	 1.0109e+00	 1.2772e+00	 4.0978e+00	
 3.7800e+02	 1.0713e-02	 1.0000e-04	 1.0108e+00	 1.2862e+00	 4.1305e+00	
 3.7900e+02	 1.1965e-02	 1.0000e-04	 1.0121e+00	 1.2844e+00	 4.1329e+00	
 3.8000e+02	 1.0868e-02	 1.0000e-04	 1.0109e+00	 1.2821e+00	 4.1211e+00	
 3.8100e+02	 1.0838e-02	 1.0000e-04	 1.0109e+00	 1.2854e+00	 4.1344e+00	
 3.8200e+02	 1.0303e-02	 1.0000e-04	 1.0104e+00	 1.2887e+00	 4.1479e+00	
 3.8300e+02	 9.9692e-03	 1.0000e-04	 1.0100e+00	 1.2833e+00	 4.1274e+00	
 3.8400e+02	 1.0572e-02	 1.0000e-04	 1.0106e+00	 1.2878e+00	 4.1440e+00	
 3.8500e+02	 1.0549e-02	 1.0000e-04	 1.0106e+00	 1.2853e+00	 4.1306e+00	
 3.8600e+02	 1.0979e-02	 1.0000e-04	 1.0111e+00	 1.2965e+00	 4.1864e+00	
 3.8700e+02	 9.9003e-03	 1.0000e-04	 1.0100e+00	 1.2883e+00	 4.1495e+00	
 3.8800e+02	 1.0389e-02	 1.0000e-04	 1.0105e+00	 1.2911e+00	 4.1638e+00	
 3.8900e+02	 1.0874e-02	 1.0000e-04	 1.0110e+00	 1.2895e+00	 4.1571e+00	
 3.9000e+02	 9.9705e-03	 1.0000e-04	 1.0100e+00	 1.2935e+00	 4.1741e+00	
 3.9100e+02	 1.0180e-02	 1.0000e-04	 1.0102e+00	 1.2880e+00	 4.1477e+00	
 3.9200e+02	 9.3155e-03	 1.0000e-04	 1.0094e+00	 1.3036e+00	 4.2313e+00	
 3.9300e+02	 9.3604e-03	 1.0000e-04	 1.0094e+00	 1.2974e+00	 4.1872e+00	
 3.9400e+02	 9.5188e-03	 1.0000e-04	 1.0096e+00	 1.2949e+00	 4.1741e+00	
 3.9500e+02	 9.5044e-03	 1.0000e-04	 1.0096e+00	 1.2952e+00	 4.1785e+00	
 3.9600e+02	 8.6203e-03	 1.0000e-04	 1.0087e+00	 1.3028e+00	 4.2155e+00	
 3.9700e+02	 8.9707e-03	 1.0000e-04	 1.0090e+00	 1.3014e+00	 4.2072e+00	
 3.9800e+02	 9.4718e-03	 1.0000e-04	 1.0095e+00	 1.2990e+00	 4.1971e+00	
 3.9900e+02	 8.9047e-03	 1.0000e-04	 1.0090e+00	 1.3080e+00	 4.2355e+00	
 4.0000e+02	 9.4408e-03	 1.0000e-04	 1.0095e+00	 1.3000e+00	 4.2016e+00	
 4.0100e+02	 8.5113e-03	 1.0000e-04	 1.0086e+00	 1.3095e+00	 4.2515e+00	
 4.0200e+02	 8.0936e-03	 1.0000e-04	 1.0081e+00	 1.3091e+00	 4.2487e+00	
 4.0300e+02	 8.3176e-03	 1.0000e-04	 1.0084e+00	 1.3085e+00	 4.2535e+00	
 4.0400e+02	 7.8315e-03	 1.0000e-04	 1.0079e+00	 1.3063e+00	 4.2393e+00	
 4.0500e+02	 7.7465e-03	 1.0000e-04	 1.0078e+00	 1.3148e+00	 4.2807e+00	
 4.0600e+02	 8.2098e-03	 1.0000e-04	 1.0083e+00	 1.3086e+00	 4.2481e+00	
 4.0700e+02	 8.6667e-03	 1.0000e-04	 1.0087e+00	 1.3165e+00	 4.2916e+00	
 4.0800e+02	 8.0070e-03	 1.0000e-04	 1.0080e+00	 1.3129e+00	 4.2727e+00	
 4.0900e+02	 8.2196e-03	 1.0000e-04	 1.0083e+00	 1.3062e+00	 4.2402e+00	
 4.1000e+02	 8.1550e-03	 1.0000e-04	 1.0082e+00	 1.3126e+00	 4.2752e+00	
 4.1100e+02	 7.5137e-03	 1.0000e-04	 1.0075e+00	 1.3148e+00	 4.2898e+00	
 4.1200e+02	 7.6074e-03	 1.0000e-04	 1.0076e+00	 1.3167e+00	 4.2881e+00	
 4.1300e+02	 8.1065e-03	 1.0000e-04	 1.0081e+00	 1.3177e+00	 4.2934e+00	
 4.1400e+02	 7.5215e-03	 1.0000e-04	 1.0076e+00	 1.3129e+00	 4.2678e+00	
 4.1500e+02	 6.9471e-03	 1.0000e-04	 1.0070e+00	 1.3195e+00	 4.2993e+00	
 4.1600e+02	 7.5295e-03	 1.0000e-04	 1.0076e+00	 1.3221e+00	 4.3104e+00	
 4.1700e+02	 7.7984e-03	 1.0000e-04	 1.0078e+00	 1.3204e+00	 4.3197e+00	
 4.1800e+02	 7.1807e-03	 1.0000e-04	 1.0072e+00	 1.3209e+00	 4.3078e+00	
 4.1900e+02	 6.9265e-03	 1.0000e-04	 1.0070e+00	 1.3218e+00	 4.3218e+00	
 4.2000e+02	 7.0091e-03	 1.0000e-04	 1.0070e+00	 1.3224e+00	 4.3322e+00	
 4.2100e+02	 7.1480e-03	 1.0000e-04	 1.0072e+00	 1.3319e+00	 4.3640e+00	
 4.2200e+02	 7.2007e-03	 1.0000e-04	 1.0072e+00	 1.3248e+00	 4.3416e+00	
 4.2300e+02	 7.8812e-03	 1.0000e-04	 1.0079e+00	 1.3196e+00	 4.3101e+00	
 4.2400e+02	 7.0154e-03	 1.0000e-04	 1.0070e+00	 1.3322e+00	 4.3693e+00	
 4.2500e+02	 6.5506e-03	 1.0000e-04	 1.0066e+00	 1.3257e+00	 4.3428e+00	
 4.2600e+02	 6.7219e-03	 1.0000e-04	 1.0068e+00	 1.3270e+00	 4.3437e+00	
 4.2700e+02	 7.2470e-03	 1.0000e-04	 1.0073e+00	 1.3368e+00	 4.3951e+00	
 4.2800e+02	 6.2296e-03	 1.0000e-04	 1.0063e+00	 1.3303e+00	 4.3688e+00	
 4.2900e+02	 6.7727e-03	 1.0000e-04	 1.0068e+00	 1.3346e+00	 4.4023e+00	
 4.3000e+02	 7.0791e-03	 1.0000e-04	 1.0071e+00	 1.3332e+00	 4.3846e+00	
 4.3100e+02	 6.6062e-03	 1.0000e-04	 1.0066e+00	 1.3359e+00	 4.3919e+00	
 4.3200e+02	 6.2854e-03	 1.0000e-04	 1.0063e+00	 1.3289e+00	 4.3598e+00	
 4.3300e+02	 6.0047e-03	 1.0000e-04	 1.0060e+00	 1.3364e+00	 4.3948e+00	
 4.3400e+02	 6.3754e-03	 1.0000e-04	 1.0064e+00	 1.3406e+00	 4.4194e+00	
 4.3500e+02	 6.6817e-03	 1.0000e-04	 1.0067e+00	 1.3165e+00	 4.2916e+00	
 4.3600e+02	 1.4346e-02	 1.0000e-04	 1.0148e+00	 1.3470e+00	 4.4675e+00	
 4.3700e+02	 1.5871e-02	 1.0000e-04	 1.0161e+00	 1.2667e+00	 4.0607e+00	
 4.3800e+02	 2.0454e-02	 1.0000e-04	 1.0208e+00	 1.3129e+00	 4.2914e+00	
 4.3900e+02	 1.9592e-02	 1.0000e-04	 1.0199e+00	 1.2998e+00	 4.2018e+00	
 4.4000e+02	 1.2061e-02	 1.0000e-04	 1.0121e+00	 1.3130e+00	 4.2727e+00	
 4.4100e+02	 9.9195e-03	 1.0000e-04	 1.0100e+00	 1.3092e+00	 4.2709e+00	
 4.4200e+02	 8.1449e-03	 1.0000e-04	 1.0082e+00	 1.3277e+00	 4.3635e+00	
 4.4300e+02	 6.5809e-03	 1.0000e-04	 1.0066e+00	 1.3241e+00	 4.3482e+00	
 4.4400e+02	 6.6613e-03	 1.0000e-04	 1.0067e+00	 1.3264e+00	 4.3611e+00	
 4.4500e+02	 6.3958e-03	 1.0000e-04	 1.0064e+00	 1.3288e+00	 4.3686e+00	
 4.4600e+02	 5.7269e-03	 1.0000e-04	 1.0057e+00	 1.3269e+00	 4.3584e+00	
 4.4700e+02	 5.9289e-03	 1.0000e-04	 1.0060e+00	 1.3355e+00	 4.4034e+00	
 4.4800e+02	 6.1562e-03	 1.0000e-04	 1.0062e+00	 1.3319e+00	 4.3807e+00	
 4.4900e+02	 6.0240e-03	 1.0000e-04	 1.0061e+00	 1.3370e+00	 4.4115e+00	
 4.5000e+02	 6.0416e-03	 1.0000e-04	 1.0061e+00	 1.3400e+00	 4.4232e+00	
 4.5100e+02	 5.2477e-03	 1.0000e-04	 1.0053e+00	 1.3434e+00	 4.4484e+00	
 4.5200e+02	 4.9477e-03	 1.0000e-04	 1.0050e+00	 1.3428e+00	 4.4438e+00	
 4.5300e+02	 4.8094e-03	 1.0000e-04	 1.0048e+00	 1.3442e+00	 4.4424e+00	
 4.5400e+02	 5.2216e-03	 1.0000e-04	 1.0052e+00	 1.3464e+00	 4.4615e+00	
 4.5500e+02	 5.3151e-03	 1.0000e-04	 1.0053e+00	 1.3444e+00	 4.4531e+00	
 4.5600e+02	 5.0138e-03	 1.0000e-04	 1.0050e+00	 1.3493e+00	 4.4778e+00	
 4.5700e+02	 4.7480e-03	 1.0000e-04	 1.0048e+00	 1.3499e+00	 4.4841e+00	
 4.5800e+02	 4.8390e-03	 1.0000e-04	 1.0049e+00	 1.3474e+00	 4.4659e+00	
 4.5900e+02	 4.6570e-03	 1.0000e-04	 1.0047e+00	 1.3482e+00	 4.4747e+00	
 4.6000e+02	 5.2542e-03	 1.0000e-04	 1.0053e+00	 1.3515e+00	 4.4938e+00	
 4.6100e+02	 4.8633e-03	 1.0000e-04	 1.0049e+00	 1.3513e+00	 4.4870e+00	
 4.6200e+02	 4.8007e-03	 1.0000e-04	 1.0048e+00	 1.3573e+00	 4.5169e+00	
 4.6300e+02	 4.5474e-03	 1.0000e-04	 1.0046e+00	 1.3529e+00	 4.5018e+00	
 4.6400e+02	 5.2067e-03	 1.0000e-04	 1.0052e+00	 1.3567e+00	 4.5164e+00	
 4.6500e+02	 4.5566e-03	 1.0000e-04	 1.0046e+00	 1.3587e+00	 4.5265e+00	
 4.6600e+02	 5.1458e-03	 1.0000e-04	 1.0052e+00	 1.3625e+00	 4.5429e+00	
 4.6700e+02	 3.9452e-03	 1.0000e-04	 1.0040e+00	 1.3624e+00	 4.5478e+00	
 4.6800e+02	 4.4456e-03	 1.0000e-04	 1.0045e+00	 1.3638e+00	 4.5565e+00	
 4.6900e+02	 4.5672e-03	 1.0000e-04	 1.0046e+00	 1.3607e+00	 4.5401e+00	
 4.7000e+02	 4.9590e-03	 1.0000e-04	 1.0050e+00	 1.3638e+00	 4.5514e+00	
 4.7100e+02	 4.3442e-03	 1.0000e-04	 1.0044e+00	 1.3668e+00	 4.5731e+00	
 4.7200e+02	 3.9431e-03	 1.0000e-04	 1.0040e+00	 1.3689e+00	 4.5842e+00	
 4.7300e+02	 4.6068e-03	 1.0000e-04	 1.0046e+00	 1.3662e+00	 4.5727e+00	
 4.7400e+02	 4.0524e-03	 1.0000e-04	 1.0041e+00	 1.3669e+00	 4.5702e+00	
 4.7500e+02	 4.0329e-03	 1.0000e-04	 1.0040e+00	 1.3725e+00	 4.6034e+00	
 4.7600e+02	 4.2497e-03	 1.0000e-04	 1.0043e+00	 1.3706e+00	 4.5907e+00	
 4.7700e+02	 4.1170e-03	 1.0000e-04	 1.0041e+00	 1.3706e+00	 4.5898e+00	
 4.7800e+02	 3.6315e-03	 1.0000e-04	 1.0036e+00	 1.3684e+00	 4.5757e+00	
 4.7900e+02	 4.1253e-03	 1.0000e-04	 1.0041e+00	 1.3756e+00	 4.6210e+00	
 4.8000e+02	 4.2016e-03	 1.0000e-04	 1.0042e+00	 1.3694e+00	 4.5879e+00	
 4.8100e+02	 3.7632e-03	 1.0000e-04	 1.0038e+00	 1.3767e+00	 4.6251e+00	
 4.8200e+02	 4.0002e-03	 1.0000e-04	 1.0040e+00	 1.3765e+00	 4.6241e+00	
 4.8300e+02	 4.2251e-03	 1.0000e-04	 1.0042e+00	 1.3720e+00	 4.6063e+00	
 4.8400e+02	 4.2841e-03	 1.0000e-04	 1.0043e+00	 1.3711e+00	 4.5929e+00	
 4.8500e+02	 3.9251e-03	 1.0000e-04	 1.0039e+00	 1.3825e+00	 4.6669e+00	
 4.8600e+02	 3.6809e-03	 1.0000e-04	 1.0037e+00	 1.3748e+00	 4.6130e+00	
 4.8700e+02	 4.1505e-03	 1.0000e-04	 1.0042e+00	 1.3739e+00	 4.6145e+00	
 4.8800e+02	 3.5338e-03	 1.0000e-04	 1.0035e+00	 1.3764e+00	 4.6330e+00	
 4.8900e+02	 3.0890e-03	 1.0000e-04	 1.0031e+00	 1.3775e+00	 4.6341e+00	
 4.9000e+02	 3.5832e-03	 1.0000e-04	 1.0036e+00	 1.3851e+00	 4.6719e+00	
 4.9100e+02	 3.3994e-03	 1.0000e-04	 1.0034e+00	 1.3839e+00	 4.6684e+00	
 4.9200e+02	 3.4459e-03	 1.0000e-04	 1.0035e+00	 1.3821e+00	 4.6470e+00	
 4.9300e+02	 3.9136e-03	 1.0000e-04	 1.0039e+00	 1.3868e+00	 4.6753e+00	
 4.9400e+02	 3.5303e-03	 1.0000e-04	 1.0035e+00	 1.3828e+00	 4.6520e+00	
 4.9500e+02	 3.3711e-03	 1.0000e-04	 1.0034e+00	 1.3881e+00	 4.6841e+00	
 4.9600e+02	 3.5270e-03	 1.0000e-04	 1.0035e+00	 1.3838e+00	 4.6617e+00	
 4.9700e+02	 3.4442e-03	 1.0000e-04	 1.0035e+00	 1.3869e+00	 4.6789e+00	
 4.9800e+02	 3.5161e-03	 1.0000e-04	 1.0035e+00	 1.3917e+00	 4.7067e+00	
 4.9900e+02	 3.0176e-03	 1.0000e-04	 1.0030e+00	 1.3903e+00	 4.6960e+00	
 5.0000e+02	 3.9256e-03	 1.0000e-04	 1.0039e+00	 1.3962e+00	 4.7313e+00	
