Epoch	Training Loss.	Learning Rate:  	T. Perplexity. 	V. Loss	V. Perplexity	
 1.0000e+00	 1.0575e+01	 1.0000e-05	 4.5183e+04	 1.7410e+00	 6.8974e+00	
 2.0000e+00	 1.0554e+01	 1.0000e-05	 4.4231e+04	 1.7388e+00	 6.8790e+00	
 3.0000e+00	 1.0537e+01	 1.0000e-05	 4.3462e+04	 1.7366e+00	 6.8602e+00	
 4.0000e+00	 1.0520e+01	 1.0000e-05	 4.2757e+04	 1.7342e+00	 6.8407e+00	
 5.0000e+00	 1.0498e+01	 1.0000e-05	 4.1772e+04	 1.7317e+00	 6.8200e+00	
 6.0000e+00	 1.0478e+01	 1.0000e-05	 4.0967e+04	 1.7290e+00	 6.7974e+00	
 7.0000e+00	 1.0458e+01	 1.0000e-05	 4.0132e+04	 1.7260e+00	 6.7724e+00	
 8.0000e+00	 1.0428e+01	 1.0000e-05	 3.8902e+04	 1.7225e+00	 6.7437e+00	
 9.0000e+00	 1.0403e+01	 1.0000e-05	 3.7924e+04	 1.7183e+00	 6.7095e+00	
 1.0000e+01	 1.0367e+01	 1.0000e-05	 3.6557e+04	 1.7130e+00	 6.6666e+00	
 1.1000e+01	 1.0326e+01	 1.0000e-05	 3.5069e+04	 1.7060e+00	 6.6099e+00	
 1.2000e+01	 1.0266e+01	 1.0000e-05	 3.2944e+04	 1.6959e+00	 6.5286e+00	
 1.3000e+01	 1.0172e+01	 1.0000e-05	 2.9944e+04	 1.6796e+00	 6.4000e+00	
 1.4000e+01	 1.0024e+01	 1.0000e-05	 2.5670e+04	 1.6514e+00	 6.1838e+00	
 1.5000e+01	 9.7820e+00	 1.0000e-05	 2.0022e+04	 1.6068e+00	 5.8584e+00	
 1.6000e+01	 9.4442e+00	 1.0000e-05	 1.4183e+04	 1.5494e+00	 5.4674e+00	
 1.7000e+01	 9.0376e+00	 1.0000e-05	 9.3683e+03	 1.4848e+00	 5.0614e+00	
 1.8000e+01	 8.6088e+00	 1.0000e-05	 6.0331e+03	 1.4170e+00	 4.6707e+00	
 1.9000e+01	 8.1422e+00	 1.0000e-05	 3.7598e+03	 1.3498e+00	 4.3160e+00	
 2.0000e+01	 7.6684e+00	 1.0000e-05	 2.3185e+03	 1.2867e+00	 4.0100e+00	
 2.1000e+01	 7.2617e+00	 1.0000e-05	 1.5438e+03	 1.2303e+00	 3.7566e+00	
 2.2000e+01	 6.8984e+00	 1.0000e-05	 1.0647e+03	 1.1820e+00	 3.5541e+00	
 2.3000e+01	 6.5824e+00	 1.0000e-05	 7.7406e+02	 1.1424e+00	 3.3971e+00	
 2.4000e+01	 6.3285e+00	 1.0000e-05	 5.9958e+02	 1.1109e+00	 3.2779e+00	
 2.5000e+01	 6.1390e+00	 1.0000e-05	 4.9514e+02	 1.0863e+00	 3.1881e+00	
 2.6000e+01	 5.9593e+00	 1.0000e-05	 4.1161e+02	 1.0673e+00	 3.1206e+00	
 2.7000e+01	 5.8163e+00	 1.0000e-05	 3.5652e+02	 1.0525e+00	 3.0693e+00	
 2.8000e+01	 5.7083e+00	 1.0000e-05	 3.2058e+02	 1.0409e+00	 3.0295e+00	
 2.9000e+01	 5.6150e+00	 1.0000e-05	 2.9275e+02	 1.0316e+00	 2.9983e+00	
 3.0000e+01	 5.5427e+00	 1.0000e-05	 2.7194e+02	 1.0241e+00	 2.9736e+00	
 3.1000e+01	 5.4679e+00	 1.0000e-05	 2.5270e+02	 1.0181e+00	 2.9539e+00	
 3.2000e+01	 5.4298e+00	 1.0000e-05	 2.4131e+02	 1.0131e+00	 2.9377e+00	
 3.3000e+01	 5.3853e+00	 1.0000e-05	 2.3165e+02	 1.0090e+00	 2.9243e+00	
 3.4000e+01	 5.3502e+00	 1.0000e-05	 2.2561e+02	 1.0056e+00	 2.9133e+00	
 3.5000e+01	 5.3185e+00	 1.0000e-05	 2.1713e+02	 1.0027e+00	 2.9040e+00	
 3.6000e+01	 5.2703e+00	 1.0000e-05	 2.0716e+02	 1.0003e+00	 2.8963e+00	
 3.7000e+01	 5.2353e+00	 1.0000e-05	 1.9972e+02	 9.9821e-01	 2.8898e+00	
 3.8000e+01	 5.2177e+00	 1.0000e-05	 1.9603e+02	 9.9653e-01	 2.8844e+00	
 3.9000e+01	 5.1727e+00	 1.0000e-05	 1.8749e+02	 9.9510e-01	 2.8801e+00	
 4.0000e+01	 5.1703e+00	 1.0000e-05	 1.8681e+02	 9.9385e-01	 2.8761e+00	
 4.1000e+01	 5.1466e+00	 1.0000e-05	 1.8204e+02	 9.9280e-01	 2.8729e+00	
 4.2000e+01	 5.1248e+00	 1.0000e-05	 1.7918e+02	 9.9187e-01	 2.8700e+00	
 4.3000e+01	 5.0922e+00	 1.0000e-05	 1.7256e+02	 9.9110e-01	 2.8677e+00	
 4.4000e+01	 5.0980e+00	 1.0000e-05	 1.7301e+02	 9.9040e-01	 2.8656e+00	
 4.5000e+01	 5.0808e+00	 1.0000e-05	 1.7016e+02	 9.8980e-01	 2.8638e+00	
 4.6000e+01	 5.0800e+00	 1.0000e-05	 1.7162e+02	 9.8927e-01	 2.8623e+00	
 4.7000e+01	 5.0611e+00	 1.0000e-05	 1.6759e+02	 9.8879e-01	 2.8609e+00	
 4.8000e+01	 5.0608e+00	 1.0000e-05	 1.6663e+02	 9.8837e-01	 2.8597e+00	
 4.9000e+01	 5.0324e+00	 1.0000e-05	 1.6314e+02	 9.8803e-01	 2.8588e+00	
 5.0000e+01	 5.0273e+00	 1.0000e-05	 1.6198e+02	 9.8772e-01	 2.8579e+00	
 5.1000e+01	 5.0175e+00	 1.0000e-05	 1.5999e+02	 9.8745e-01	 2.8572e+00	
 5.2000e+01	 4.9968e+00	 1.0000e-05	 1.5718e+02	 9.8717e-01	 2.8564e+00	
 5.3000e+01	 4.9950e+00	 1.0000e-05	 1.5624e+02	 9.8698e-01	 2.8560e+00	
 5.4000e+01	 5.0063e+00	 1.0000e-05	 1.5883e+02	 9.8674e-01	 2.8553e+00	
 5.5000e+01	 4.9750e+00	 1.0000e-05	 1.5316e+02	 9.8668e-01	 2.8552e+00	
 5.6000e+01	 4.9804e+00	 1.0000e-05	 1.5400e+02	 9.8649e-01	 2.8547e+00	
 5.7000e+01	 4.9841e+00	 1.0000e-05	 1.5459e+02	 9.8632e-01	 2.8542e+00	
 5.8000e+01	 4.9715e+00	 1.0000e-05	 1.5232e+02	 9.8617e-01	 2.8540e+00	
 5.9000e+01	 4.9613e+00	 1.0000e-05	 1.5084e+02	 9.8600e-01	 2.8536e+00	
 6.0000e+01	 4.9532e+00	 1.0000e-05	 1.5054e+02	 9.8582e-01	 2.8531e+00	
 6.1000e+01	 4.9384e+00	 1.0000e-05	 1.4818e+02	 9.8567e-01	 2.8527e+00	
 6.2000e+01	 4.9428e+00	 1.0000e-05	 1.4894e+02	 9.8556e-01	 2.8525e+00	
 6.3000e+01	 4.9109e+00	 1.0000e-05	 1.4393e+02	 9.8540e-01	 2.8522e+00	
 6.4000e+01	 4.9324e+00	 1.0000e-05	 1.4676e+02	 9.8520e-01	 2.8517e+00	
 6.5000e+01	 4.9204e+00	 1.0000e-05	 1.4512e+02	 9.8493e-01	 2.8509e+00	
 6.6000e+01	 4.9033e+00	 1.0000e-05	 1.4223e+02	 9.8468e-01	 2.8502e+00	
 6.7000e+01	 4.9023e+00	 1.0000e-05	 1.4223e+02	 9.8448e-01	 2.8497e+00	
 6.8000e+01	 4.8990e+00	 1.0000e-05	 1.4281e+02	 9.8423e-01	 2.8490e+00	
 6.9000e+01	 4.8988e+00	 1.0000e-05	 1.4200e+02	 9.8402e-01	 2.8484e+00	
 7.0000e+01	 4.8904e+00	 1.0000e-05	 1.4056e+02	 9.8361e-01	 2.8472e+00	
 7.1000e+01	 4.8679e+00	 1.0000e-05	 1.3775e+02	 9.8332e-01	 2.8465e+00	
 7.2000e+01	 4.8644e+00	 1.0000e-05	 1.3725e+02	 9.8314e-01	 2.8460e+00	
 7.3000e+01	 4.8551e+00	 1.0000e-05	 1.3641e+02	 9.8299e-01	 2.8458e+00	
 7.4000e+01	 4.8513e+00	 1.0000e-05	 1.3557e+02	 9.8279e-01	 2.8452e+00	
 7.5000e+01	 4.8554e+00	 1.0000e-05	 1.3639e+02	 9.8251e-01	 2.8444e+00	
 7.6000e+01	 4.8457e+00	 1.0000e-05	 1.3455e+02	 9.8214e-01	 2.8433e+00	
 7.7000e+01	 4.8321e+00	 1.0000e-05	 1.3292e+02	 9.8178e-01	 2.8421e+00	
 7.8000e+01	 4.8360e+00	 1.0000e-05	 1.3334e+02	 9.8162e-01	 2.8417e+00	
 7.9000e+01	 4.8203e+00	 1.0000e-05	 1.3172e+02	 9.8127e-01	 2.8407e+00	
 8.0000e+01	 4.8348e+00	 1.0000e-05	 1.3321e+02	 9.8080e-01	 2.8393e+00	
 8.1000e+01	 4.8145e+00	 1.0000e-05	 1.3004e+02	 9.8040e-01	 2.8382e+00	
 8.2000e+01	 4.8125e+00	 1.0000e-05	 1.3005e+02	 9.7989e-01	 2.8367e+00	
 8.3000e+01	 4.8046e+00	 1.0000e-05	 1.2948e+02	 9.7937e-01	 2.8352e+00	
 8.4000e+01	 4.7926e+00	 1.0000e-05	 1.2699e+02	 9.7896e-01	 2.8340e+00	
 8.5000e+01	 4.7993e+00	 1.0000e-05	 1.2833e+02	 9.7856e-01	 2.8329e+00	
 8.6000e+01	 4.7895e+00	 1.0000e-05	 1.2749e+02	 9.7819e-01	 2.8319e+00	
 8.7000e+01	 4.7877e+00	 1.0000e-05	 1.2623e+02	 9.7779e-01	 2.8309e+00	
 8.8000e+01	 4.7893e+00	 1.0000e-05	 1.2681e+02	 9.7748e-01	 2.8301e+00	
 8.9000e+01	 4.7529e+00	 1.0000e-05	 1.2224e+02	 9.7707e-01	 2.8288e+00	
 9.0000e+01	 4.7608e+00	 1.0000e-05	 1.2351e+02	 9.7657e-01	 2.8273e+00	
 9.1000e+01	 4.7623e+00	 1.0000e-05	 1.2389e+02	 9.7604e-01	 2.8258e+00	
 9.2000e+01	 4.7381e+00	 1.0000e-05	 1.2113e+02	 9.7558e-01	 2.8245e+00	
 9.3000e+01	 4.7236e+00	 1.0000e-05	 1.1900e+02	 9.7524e-01	 2.8236e+00	
 9.4000e+01	 4.7499e+00	 1.0000e-05	 1.2222e+02	 9.7484e-01	 2.8224e+00	
 9.5000e+01	 4.7308e+00	 1.0000e-05	 1.1989e+02	 9.7457e-01	 2.8216e+00	
 9.6000e+01	 4.7191e+00	 1.0000e-05	 1.1861e+02	 9.7401e-01	 2.8200e+00	
 9.7000e+01	 4.7214e+00	 1.0000e-05	 1.1868e+02	 9.7349e-01	 2.8185e+00	
 9.8000e+01	 4.7075e+00	 1.0000e-05	 1.1679e+02	 9.7309e-01	 2.8172e+00	
 9.9000e+01	 4.7028e+00	 1.0000e-05	 1.1603e+02	 9.7254e-01	 2.8156e+00	
 1.0000e+02	 4.6932e+00	 1.0000e-05	 1.1501e+02	 9.7214e-01	 2.8145e+00	
 1.0100e+02	 4.7023e+00	 1.0000e-05	 1.1671e+02	 9.7162e-01	 2.8130e+00	
 1.0200e+02	 4.6946e+00	 1.0000e-05	 1.1543e+02	 9.7096e-01	 2.8109e+00	
 1.0300e+02	 4.6760e+00	 1.0000e-05	 1.1330e+02	 9.7048e-01	 2.8095e+00	
 1.0400e+02	 4.6651e+00	 1.0000e-05	 1.1285e+02	 9.7001e-01	 2.8082e+00	
 1.0500e+02	 4.6583e+00	 1.0000e-05	 1.1156e+02	 9.6948e-01	 2.8066e+00	
 1.0600e+02	 4.6434e+00	 1.0000e-05	 1.0948e+02	 9.6906e-01	 2.8054e+00	
 1.0700e+02	 4.6626e+00	 1.0000e-05	 1.1148e+02	 9.6832e-01	 2.8032e+00	
 1.0800e+02	 4.6458e+00	 1.0000e-05	 1.0977e+02	 9.6769e-01	 2.8013e+00	
 1.0900e+02	 4.6293e+00	 1.0000e-05	 1.0796e+02	 9.6729e-01	 2.8001e+00	
 1.1000e+02	 4.6308e+00	 1.0000e-05	 1.0803e+02	 9.6668e-01	 2.7983e+00	
 1.1100e+02	 4.6152e+00	 1.0000e-05	 1.0677e+02	 9.6635e-01	 2.7973e+00	
 1.1200e+02	 4.6191e+00	 1.0000e-05	 1.0660e+02	 9.6592e-01	 2.7960e+00	
 1.1300e+02	 4.5962e+00	 1.0000e-05	 1.0439e+02	 9.6545e-01	 2.7947e+00	
 1.1400e+02	 4.5950e+00	 1.0000e-05	 1.0426e+02	 9.6508e-01	 2.7936e+00	
 1.1500e+02	 4.5758e+00	 1.0000e-05	 1.0262e+02	 9.6472e-01	 2.7924e+00	
 1.1600e+02	 4.5882e+00	 1.0000e-05	 1.0379e+02	 9.6416e-01	 2.7908e+00	
 1.1700e+02	 4.5834e+00	 1.0000e-05	 1.0363e+02	 9.6375e-01	 2.7896e+00	
 1.1800e+02	 4.5805e+00	 1.0000e-05	 1.0335e+02	 9.6330e-01	 2.7883e+00	
 1.1900e+02	 4.5894e+00	 1.0000e-05	 1.0337e+02	 9.6266e-01	 2.7864e+00	
 1.2000e+02	 4.5634e+00	 1.0000e-05	 1.0119e+02	 9.6214e-01	 2.7848e+00	
 1.2100e+02	 4.5646e+00	 1.0000e-05	 1.0094e+02	 9.6170e-01	 2.7836e+00	
 1.2200e+02	 4.5459e+00	 1.0000e-05	 9.9397e+01	 9.6138e-01	 2.7827e+00	
 1.2300e+02	 4.5419e+00	 1.0000e-05	 9.8833e+01	 9.6093e-01	 2.7814e+00	
 1.2400e+02	 4.5218e+00	 1.0000e-05	 9.6975e+01	 9.6044e-01	 2.7800e+00	
 1.2500e+02	 4.5361e+00	 1.0000e-05	 9.8205e+01	 9.6024e-01	 2.7794e+00	
 1.2600e+02	 4.5300e+00	 1.0000e-05	 9.7849e+01	 9.5981e-01	 2.7782e+00	
 1.2700e+02	 4.5210e+00	 1.0000e-05	 9.6732e+01	 9.5940e-01	 2.7769e+00	
 1.2800e+02	 4.5176e+00	 1.0000e-05	 9.6833e+01	 9.5885e-01	 2.7754e+00	
 1.2900e+02	 4.5088e+00	 1.0000e-05	 9.5841e+01	 9.5834e-01	 2.7738e+00	
 1.3000e+02	 4.5038e+00	 1.0000e-05	 9.5247e+01	 9.5791e-01	 2.7726e+00	
 1.3100e+02	 4.4900e+00	 1.0000e-05	 9.3919e+01	 9.5738e-01	 2.7710e+00	
 1.3200e+02	 4.4956e+00	 1.0000e-05	 9.4551e+01	 9.5697e-01	 2.7697e+00	
 1.3300e+02	 4.4751e+00	 1.0000e-05	 9.2038e+01	 9.5635e-01	 2.7678e+00	
 1.3400e+02	 4.4877e+00	 1.0000e-05	 9.3499e+01	 9.5576e-01	 2.7661e+00	
 1.3500e+02	 4.4763e+00	 1.0000e-05	 9.2390e+01	 9.5543e-01	 2.7652e+00	
 1.3600e+02	 4.4535e+00	 1.0000e-05	 9.0632e+01	 9.5477e-01	 2.7632e+00	
 1.3700e+02	 4.4630e+00	 1.0000e-05	 9.1466e+01	 9.5430e-01	 2.7618e+00	
 1.3800e+02	 4.4678e+00	 1.0000e-05	 9.1688e+01	 9.5388e-01	 2.7605e+00	
 1.3900e+02	 4.4459e+00	 1.0000e-05	 9.0049e+01	 9.5345e-01	 2.7593e+00	
 1.4000e+02	 4.4532e+00	 1.0000e-05	 9.0366e+01	 9.5303e-01	 2.7580e+00	
 1.4100e+02	 4.4334e+00	 1.0000e-05	 8.8440e+01	 9.5295e-01	 2.7578e+00	
 1.4200e+02	 4.4322e+00	 1.0000e-05	 8.8537e+01	 9.5243e-01	 2.7563e+00	
 1.4300e+02	 4.4241e+00	 1.0000e-05	 8.7736e+01	 9.5188e-01	 2.7547e+00	
 1.4400e+02	 4.4202e+00	 1.0000e-05	 8.7236e+01	 9.5167e-01	 2.7541e+00	
 1.4500e+02	 4.4082e+00	 1.0000e-05	 8.6362e+01	 9.5142e-01	 2.7533e+00	
 1.4600e+02	 4.4157e+00	 1.0000e-05	 8.7482e+01	 9.5083e-01	 2.7515e+00	
 1.4700e+02	 4.3939e+00	 1.0000e-05	 8.5125e+01	 9.5015e-01	 2.7496e+00	
 1.4800e+02	 4.3920e+00	 1.0000e-05	 8.5217e+01	 9.4978e-01	 2.7486e+00	
 1.4900e+02	 4.3862e+00	 1.0000e-05	 8.4454e+01	 9.4976e-01	 2.7487e+00	
 1.5000e+02	 4.3944e+00	 1.0000e-05	 8.5359e+01	 9.4927e-01	 2.7472e+00	
 1.5100e+02	 4.3877e+00	 1.0000e-05	 8.5066e+01	 9.4877e-01	 2.7457e+00	
 1.5200e+02	 4.3582e+00	 1.0000e-05	 8.2166e+01	 9.4858e-01	 2.7454e+00	
 1.5300e+02	 4.3629e+00	 1.0000e-05	 8.2550e+01	 9.4821e-01	 2.7443e+00	
 1.5400e+02	 4.3788e+00	 1.0000e-05	 8.3882e+01	 9.4792e-01	 2.7435e+00	
 1.5500e+02	 4.3429e+00	 1.0000e-05	 8.0951e+01	 9.4742e-01	 2.7420e+00	
 1.5600e+02	 4.3454e+00	 1.0000e-05	 8.1132e+01	 9.4743e-01	 2.7421e+00	
 1.5700e+02	 4.3345e+00	 1.0000e-05	 8.0184e+01	 9.4714e-01	 2.7413e+00	
 1.5800e+02	 4.3262e+00	 1.0000e-05	 7.9716e+01	 9.4662e-01	 2.7399e+00	
 1.5900e+02	 4.3347e+00	 1.0000e-05	 8.0177e+01	 9.4618e-01	 2.7386e+00	
 1.6000e+02	 4.3272e+00	 1.0000e-05	 7.9656e+01	 9.4620e-01	 2.7387e+00	
 1.6100e+02	 4.3160e+00	 1.0000e-05	 7.8912e+01	 9.4554e-01	 2.7367e+00	
 1.6200e+02	 4.3185e+00	 1.0000e-05	 7.9181e+01	 9.4506e-01	 2.7353e+00	
 1.6300e+02	 4.3045e+00	 1.0000e-05	 7.7441e+01	 9.4479e-01	 2.7346e+00	
 1.6400e+02	 4.3012e+00	 1.0000e-05	 7.8049e+01	 9.4464e-01	 2.7343e+00	
 1.6500e+02	 4.2831e+00	 1.0000e-05	 7.6124e+01	 9.4420e-01	 2.7330e+00	
 1.6600e+02	 4.2934e+00	 1.0000e-05	 7.6693e+01	 9.4387e-01	 2.7321e+00	
 1.6700e+02	 4.2764e+00	 1.0000e-05	 7.5609e+01	 9.4383e-01	 2.7321e+00	
 1.6800e+02	 4.2788e+00	 1.0000e-05	 7.5816e+01	 9.4353e-01	 2.7312e+00	
 1.6900e+02	 4.2669e+00	 1.0000e-05	 7.4903e+01	 9.4335e-01	 2.7308e+00	
 1.7000e+02	 4.2852e+00	 1.0000e-05	 7.6407e+01	 9.4305e-01	 2.7300e+00	
 1.7100e+02	 4.2650e+00	 1.0000e-05	 7.4693e+01	 9.4271e-01	 2.7291e+00	
 1.7200e+02	 4.2653e+00	 1.0000e-05	 7.4833e+01	 9.4241e-01	 2.7281e+00	
 1.7300e+02	 4.2445e+00	 1.0000e-05	 7.3163e+01	 9.4215e-01	 2.7275e+00	
 1.7400e+02	 4.2311e+00	 1.0000e-05	 7.2336e+01	 9.4215e-01	 2.7276e+00	
 1.7500e+02	 4.2398e+00	 1.0000e-05	 7.3192e+01	 9.4181e-01	 2.7266e+00	
 1.7600e+02	 4.2346e+00	 1.0000e-05	 7.2481e+01	 9.4146e-01	 2.7257e+00	
 1.7700e+02	 4.2265e+00	 1.0000e-05	 7.2010e+01	 9.4127e-01	 2.7253e+00	
 1.7800e+02	 4.2342e+00	 1.0000e-05	 7.2407e+01	 9.4087e-01	 2.7242e+00	
 1.7900e+02	 4.2204e+00	 1.0000e-05	 7.1548e+01	 9.4048e-01	 2.7231e+00	
 1.8000e+02	 4.2119e+00	 1.0000e-05	 7.0826e+01	 9.4018e-01	 2.7224e+00	
 1.8100e+02	 4.2040e+00	 1.0000e-05	 7.0512e+01	 9.4017e-01	 2.7225e+00	
 1.8200e+02	 4.1981e+00	 1.0000e-05	 6.9978e+01	 9.3985e-01	 2.7216e+00	
 1.8300e+02	 4.1989e+00	 1.0000e-05	 6.9805e+01	 9.3973e-01	 2.7213e+00	
 1.8400e+02	 4.1941e+00	 1.0000e-05	 6.9627e+01	 9.3949e-01	 2.7206e+00	
 1.8500e+02	 4.1846e+00	 1.0000e-05	 6.8930e+01	 9.3933e-01	 2.7202e+00	
 1.8600e+02	 4.1882e+00	 1.0000e-05	 6.9424e+01	 9.3905e-01	 2.7194e+00	
 1.8700e+02	 4.1780e+00	 1.0000e-05	 6.8662e+01	 9.3891e-01	 2.7191e+00	
 1.8800e+02	 4.1774e+00	 1.0000e-05	 6.8404e+01	 9.3875e-01	 2.7186e+00	
 1.8900e+02	 4.1675e+00	 1.0000e-05	 6.8011e+01	 9.3835e-01	 2.7175e+00	
 1.9000e+02	 4.1483e+00	 1.0000e-05	 6.6489e+01	 9.3839e-01	 2.7178e+00	
 1.9100e+02	 4.1385e+00	 1.0000e-05	 6.5949e+01	 9.3817e-01	 2.7174e+00	
 1.9200e+02	 4.1446e+00	 1.0000e-05	 6.6308e+01	 9.3777e-01	 2.7162e+00	
 1.9300e+02	 4.1485e+00	 1.0000e-05	 6.6474e+01	 9.3732e-01	 2.7149e+00	
 1.9400e+02	 4.1354e+00	 1.0000e-05	 6.5657e+01	 9.3764e-01	 2.7160e+00	
 1.9500e+02	 4.1165e+00	 1.0000e-05	 6.4327e+01	 9.3784e-01	 2.7166e+00	
 1.9600e+02	 4.1144e+00	 1.0000e-05	 6.4465e+01	 9.3724e-01	 2.7148e+00	
 1.9700e+02	 4.1339e+00	 1.0000e-05	 6.5813e+01	 9.3684e-01	 2.7136e+00	
 1.9800e+02	 4.1010e+00	 1.0000e-05	 6.3283e+01	 9.3665e-01	 2.7132e+00	
 1.9900e+02	 4.1106e+00	 1.0000e-05	 6.4075e+01	 9.3681e-01	 2.7137e+00	
 2.0000e+02	 4.1096e+00	 1.0000e-05	 6.4039e+01	 9.3645e-01	 2.7128e+00	
 2.0100e+02	 4.0852e+00	 1.0000e-05	 6.2440e+01	 9.3607e-01	 2.7117e+00	
 2.0200e+02	 4.0884e+00	 1.0000e-05	 6.2743e+01	 9.3610e-01	 2.7120e+00	
 2.0300e+02	 4.0851e+00	 1.0000e-05	 6.2350e+01	 9.3593e-01	 2.7116e+00	
 2.0400e+02	 4.0768e+00	 1.0000e-05	 6.2133e+01	 9.3571e-01	 2.7111e+00	
 2.0500e+02	 4.0754e+00	 1.0000e-05	 6.2011e+01	 9.3568e-01	 2.7111e+00	
 2.0600e+02	 4.0738e+00	 1.0000e-05	 6.2215e+01	 9.3543e-01	 2.7104e+00	
 2.0700e+02	 4.0792e+00	 1.0000e-05	 6.2100e+01	 9.3569e-01	 2.7113e+00	
 2.0800e+02	 4.0607e+00	 1.0000e-05	 6.1035e+01	 9.3553e-01	 2.7108e+00	
 2.0900e+02	 4.0477e+00	 1.0000e-05	 6.0067e+01	 9.3511e-01	 2.7096e+00	
 2.1000e+02	 4.0415e+00	 1.0000e-05	 5.9913e+01	 9.3477e-01	 2.7088e+00	
 2.1100e+02	 4.0514e+00	 1.0000e-05	 6.0463e+01	 9.3476e-01	 2.7087e+00	
 2.1200e+02	 4.0296e+00	 1.0000e-05	 5.8871e+01	 9.3497e-01	 2.7095e+00	
 2.1300e+02	 4.0464e+00	 1.0000e-05	 6.0088e+01	 9.3469e-01	 2.7088e+00	
 2.1400e+02	 4.0334e+00	 1.0000e-05	 5.9263e+01	 9.3432e-01	 2.7077e+00	
 2.1500e+02	 4.0366e+00	 1.0000e-05	 5.9499e+01	 9.3413e-01	 2.7073e+00	
 2.1600e+02	 4.0281e+00	 1.0000e-05	 5.9013e+01	 9.3378e-01	 2.7063e+00	
 2.1700e+02	 4.0082e+00	 1.0000e-05	 5.7711e+01	 9.3414e-01	 2.7075e+00	
 2.1800e+02	 4.0138e+00	 1.0000e-05	 5.8163e+01	 9.3424e-01	 2.7078e+00	
 2.1900e+02	 4.0012e+00	 1.0000e-05	 5.7456e+01	 9.3433e-01	 2.7082e+00	
 2.2000e+02	 3.9988e+00	 1.0000e-05	 5.7206e+01	 9.3398e-01	 2.7072e+00	
 2.2100e+02	 3.9989e+00	 1.0000e-05	 5.7306e+01	 9.3396e-01	 2.7073e+00	
 2.2200e+02	 3.9840e+00	 1.0000e-05	 5.6538e+01	 9.3383e-01	 2.7070e+00	
 2.2300e+02	 3.9763e+00	 1.0000e-05	 5.6033e+01	 9.3389e-01	 2.7073e+00	
 2.2400e+02	 3.9734e+00	 1.0000e-05	 5.5870e+01	 9.3336e-01	 2.7057e+00	
 2.2500e+02	 3.9933e+00	 1.0000e-05	 5.7017e+01	 9.3320e-01	 2.7053e+00	
 2.2600e+02	 3.9743e+00	 1.0000e-05	 5.6071e+01	 9.3339e-01	 2.7060e+00	
 2.2700e+02	 3.9631e+00	 1.0000e-05	 5.5260e+01	 9.3281e-01	 2.7043e+00	
 2.2800e+02	 3.9537e+00	 1.0000e-05	 5.4627e+01	 9.3333e-01	 2.7060e+00	
 2.2900e+02	 3.9633e+00	 1.0000e-05	 5.5432e+01	 9.3272e-01	 2.7042e+00	
 2.3000e+02	 3.9558e+00	 1.0000e-05	 5.4757e+01	 9.3237e-01	 2.7034e+00	
 2.3100e+02	 3.9474e+00	 1.0000e-05	 5.4381e+01	 9.3322e-01	 2.7060e+00	
 2.3200e+02	 3.9287e+00	 1.0000e-05	 5.3341e+01	 9.3291e-01	 2.7052e+00	
 2.3300e+02	 3.9331e+00	 1.0000e-05	 5.3623e+01	 9.3273e-01	 2.7046e+00	
 2.3400e+02	 3.9264e+00	 1.0000e-05	 5.3192e+01	 9.3245e-01	 2.7039e+00	
 2.3500e+02	 3.9114e+00	 1.0000e-05	 5.2509e+01	 9.3249e-01	 2.7041e+00	
 2.3600e+02	 3.9194e+00	 1.0000e-05	 5.2695e+01	 9.3209e-01	 2.7030e+00	
 2.3700e+02	 3.9105e+00	 1.0000e-05	 5.2360e+01	 9.3258e-01	 2.7046e+00	
 2.3800e+02	 3.9044e+00	 1.0000e-05	 5.2125e+01	 9.3282e-01	 2.7054e+00	
 2.3900e+02	 3.8984e+00	 1.0000e-05	 5.1677e+01	 9.3249e-01	 2.7046e+00	
 2.4000e+02	 3.9029e+00	 1.0000e-05	 5.2206e+01	 9.3183e-01	 2.7026e+00	
 2.4100e+02	 3.8960e+00	 1.0000e-05	 5.1632e+01	 9.3192e-01	 2.7028e+00	
 2.4200e+02	 3.8812e+00	 1.0000e-05	 5.0752e+01	 9.3194e-01	 2.7029e+00	
 2.4300e+02	 3.8796e+00	 1.0000e-05	 5.0804e+01	 9.3210e-01	 2.7035e+00	
 2.4400e+02	 3.8781e+00	 1.0000e-05	 5.0736e+01	 9.3263e-01	 2.7052e+00	
 2.4500e+02	 3.8796e+00	 1.0000e-05	 5.0910e+01	 9.3217e-01	 2.7041e+00	
 2.4600e+02	 3.8545e+00	 1.0000e-05	 4.9515e+01	 9.3200e-01	 2.7037e+00	
 2.4700e+02	 3.8516e+00	 1.0000e-05	 4.9187e+01	 9.3213e-01	 2.7040e+00	
 2.4800e+02	 3.8566e+00	 1.0000e-05	 4.9579e+01	 9.3208e-01	 2.7037e+00	
 2.4900e+02	 3.8386e+00	 1.0000e-05	 4.8774e+01	 9.3166e-01	 2.7026e+00	
 2.5000e+02	 3.8422e+00	 1.0000e-05	 4.8793e+01	 9.3153e-01	 2.7023e+00	
 2.5100e+02	 3.8328e+00	 1.0000e-05	 4.8339e+01	 9.3155e-01	 2.7024e+00	
 2.5200e+02	 3.8321e+00	 1.0000e-05	 4.8501e+01	 9.3151e-01	 2.7025e+00	
 2.5300e+02	 3.8338e+00	 1.0000e-05	 4.8528e+01	 9.3189e-01	 2.7038e+00	
 2.5400e+02	 3.8375e+00	 1.0000e-05	 4.8826e+01	 9.3126e-01	 2.7019e+00	
 2.5500e+02	 3.8228e+00	 1.0000e-05	 4.7904e+01	 9.3162e-01	 2.7031e+00	
 2.5600e+02	 3.8177e+00	 1.0000e-05	 4.7678e+01	 9.3232e-01	 2.7055e+00	
 2.5700e+02	 3.8084e+00	 1.0000e-05	 4.7348e+01	 9.3147e-01	 2.7029e+00	
 2.5800e+02	 3.8058e+00	 1.0000e-05	 4.7191e+01	 9.3152e-01	 2.7031e+00	
 2.5900e+02	 3.7881e+00	 1.0000e-05	 4.6245e+01	 9.3181e-01	 2.7041e+00	
 2.6000e+02	 3.8009e+00	 1.0000e-05	 4.6990e+01	 9.3166e-01	 2.7036e+00	
 2.6100e+02	 3.7919e+00	 1.0000e-05	 4.6582e+01	 9.3128e-01	 2.7025e+00	
 2.6200e+02	 3.7851e+00	 1.0000e-05	 4.6385e+01	 9.3144e-01	 2.7031e+00	
 2.6300e+02	 3.7842e+00	 1.0000e-05	 4.6055e+01	 9.3115e-01	 2.7023e+00	
 2.6400e+02	 3.7863e+00	 1.0000e-05	 4.6516e+01	 9.3110e-01	 2.7023e+00	
 2.6500e+02	 3.7565e+00	 1.0000e-05	 4.4939e+01	 9.3171e-01	 2.7042e+00	
 2.6600e+02	 3.7716e+00	 1.0000e-05	 4.5421e+01	 9.3108e-01	 2.7026e+00	
 2.6700e+02	 3.7590e+00	 1.0000e-05	 4.5043e+01	 9.3203e-01	 2.7053e+00	
 2.6800e+02	 3.7528e+00	 1.0000e-05	 4.4801e+01	 9.3131e-01	 2.7033e+00	
 2.6900e+02	 3.7562e+00	 1.0000e-05	 4.4887e+01	 9.3160e-01	 2.7042e+00	
 2.7000e+02	 3.7448e+00	 1.0000e-05	 4.4367e+01	 9.3189e-01	 2.7052e+00	
 2.7100e+02	 3.7540e+00	 1.0000e-05	 4.4836e+01	 9.3111e-01	 2.7028e+00	
 2.7200e+02	 3.7418e+00	 1.0000e-05	 4.4221e+01	 9.3079e-01	 2.7019e+00	
 2.7300e+02	 3.7377e+00	 1.0000e-05	 4.4112e+01	 9.3155e-01	 2.7044e+00	
 2.7400e+02	 3.7271e+00	 1.0000e-05	 4.3633e+01	 9.3156e-01	 2.7046e+00	
 2.7500e+02	 3.7156e+00	 1.0000e-05	 4.3070e+01	 9.3089e-01	 2.7029e+00	
 2.7600e+02	 3.7264e+00	 1.0000e-05	 4.3483e+01	 9.3187e-01	 2.7058e+00	
 2.7700e+02	 3.7146e+00	 1.0000e-05	 4.3069e+01	 9.3201e-01	 2.7063e+00	
 2.7800e+02	 3.7052e+00	 1.0000e-05	 4.2642e+01	 9.3174e-01	 2.7056e+00	
 2.7900e+02	 3.7096e+00	 1.0000e-05	 4.2842e+01	 9.3188e-01	 2.7060e+00	
 2.8000e+02	 3.7024e+00	 1.0000e-05	 4.2447e+01	 9.3117e-01	 2.7038e+00	
 2.8100e+02	 3.6955e+00	 1.0000e-05	 4.2003e+01	 9.3178e-01	 2.7058e+00	
 2.8200e+02	 3.6940e+00	 1.0000e-05	 4.2163e+01	 9.3178e-01	 2.7059e+00	
 2.8300e+02	 3.6893e+00	 1.0000e-05	 4.1996e+01	 9.3132e-01	 2.7046e+00	
 2.8400e+02	 3.6800e+00	 1.0000e-05	 4.1705e+01	 9.3136e-01	 2.7049e+00	
 2.8500e+02	 3.6632e+00	 1.0000e-05	 4.0915e+01	 9.3153e-01	 2.7054e+00	
 2.8600e+02	 3.6681e+00	 1.0000e-05	 4.1109e+01	 9.3128e-01	 2.7048e+00	
 2.8700e+02	 3.6541e+00	 1.0000e-05	 4.0391e+01	 9.3084e-01	 2.7036e+00	
 2.8800e+02	 3.6624e+00	 1.0000e-05	 4.0824e+01	 9.3187e-01	 2.7068e+00	
 2.8900e+02	 3.6519e+00	 1.0000e-05	 4.0472e+01	 9.3200e-01	 2.7073e+00	
 2.9000e+02	 3.6556e+00	 1.0000e-05	 4.0568e+01	 9.3158e-01	 2.7061e+00	
 2.9100e+02	 3.6543e+00	 1.0000e-05	 4.0514e+01	 9.3213e-01	 2.7078e+00	
 2.9200e+02	 3.6321e+00	 1.0000e-05	 3.9660e+01	 9.3131e-01	 2.7055e+00	
 2.9300e+02	 3.6269e+00	 1.0000e-05	 3.9437e+01	 9.3191e-01	 2.7074e+00	
 2.9400e+02	 3.6204e+00	 1.0000e-05	 3.9028e+01	 9.3215e-01	 2.7083e+00	
 2.9500e+02	 3.6203e+00	 1.0000e-05	 3.9178e+01	 9.3129e-01	 2.7058e+00	
 2.9600e+02	 3.6191e+00	 1.0000e-05	 3.9119e+01	 9.3196e-01	 2.7078e+00	
 2.9700e+02	 3.6310e+00	 1.0000e-05	 3.9557e+01	 9.3158e-01	 2.7068e+00	
 2.9800e+02	 3.6075e+00	 1.0000e-05	 3.8595e+01	 9.3195e-01	 2.7082e+00	
 2.9900e+02	 3.5997e+00	 1.0000e-05	 3.8188e+01	 9.3262e-01	 2.7102e+00	
 3.0000e+02	 3.5959e+00	 1.0000e-05	 3.8184e+01	 9.3212e-01	 2.7087e+00	
 3.0100e+02	 3.6081e+00	 1.0000e-05	 3.8669e+01	 9.3214e-01	 2.7089e+00	
 3.0200e+02	 3.5919e+00	 1.0000e-05	 3.7983e+01	 9.3239e-01	 2.7096e+00	
 3.0300e+02	 3.5837e+00	 1.0000e-05	 3.7637e+01	 9.3167e-01	 2.7075e+00	
 3.0400e+02	 3.5808e+00	 1.0000e-05	 3.7618e+01	 9.3227e-01	 2.7095e+00	
 3.0500e+02	 3.5765e+00	 1.0000e-05	 3.7482e+01	 9.3153e-01	 2.7073e+00	
 3.0600e+02	 3.5628e+00	 1.0000e-05	 3.7069e+01	 9.3261e-01	 2.7106e+00	
 3.0700e+02	 3.5623e+00	 1.0000e-05	 3.7040e+01	 9.3243e-01	 2.7104e+00	
 3.0800e+02	 3.5605e+00	 1.0000e-05	 3.6836e+01	 9.3246e-01	 2.7105e+00	
 3.0900e+02	 3.5614e+00	 1.0000e-05	 3.6776e+01	 9.3238e-01	 2.7105e+00	
 3.1000e+02	 3.5476e+00	 1.0000e-05	 3.6407e+01	 9.3284e-01	 2.7119e+00	
 3.1100e+02	 3.5528e+00	 1.0000e-05	 3.6496e+01	 9.3168e-01	 2.7084e+00	
 3.1200e+02	 3.5353e+00	 1.0000e-05	 3.5830e+01	 9.3315e-01	 2.7131e+00	
 3.1300e+02	 3.5376e+00	 1.0000e-05	 3.6025e+01	 9.3259e-01	 2.7116e+00	
 3.1400e+02	 3.5237e+00	 1.0000e-05	 3.5427e+01	 9.3336e-01	 2.7140e+00	
 3.1500e+02	 3.5316e+00	 1.0000e-05	 3.5738e+01	 9.3333e-01	 2.7141e+00	
 3.1600e+02	 3.5116e+00	 1.0000e-05	 3.5110e+01	 9.3278e-01	 2.7124e+00	
 3.1700e+02	 3.5150e+00	 1.0000e-05	 3.5166e+01	 9.3371e-01	 2.7154e+00	
 3.1800e+02	 3.5123e+00	 1.0000e-05	 3.5214e+01	 9.3410e-01	 2.7167e+00	
 3.1900e+02	 3.5097e+00	 1.0000e-05	 3.5080e+01	 9.3281e-01	 2.7130e+00	
 3.2000e+02	 3.5069e+00	 1.0000e-05	 3.4841e+01	 9.3361e-01	 2.7155e+00	
 3.2100e+02	 3.4954e+00	 1.0000e-05	 3.4516e+01	 9.3336e-01	 2.7147e+00	
 3.2200e+02	 3.4905e+00	 1.0000e-05	 3.4334e+01	 9.3404e-01	 2.7169e+00	
 3.2300e+02	 3.4810e+00	 1.0000e-05	 3.3931e+01	 9.3406e-01	 2.7170e+00	
 3.2400e+02	 3.4753e+00	 1.0000e-05	 3.3871e+01	 9.3385e-01	 2.7165e+00	
 3.2500e+02	 3.4747e+00	 1.0000e-05	 3.3812e+01	 9.3321e-01	 2.7146e+00	
 3.2600e+02	 3.4700e+00	 1.0000e-05	 3.3588e+01	 9.3426e-01	 2.7179e+00	
 3.2700e+02	 3.4785e+00	 1.0000e-05	 3.4006e+01	 9.3302e-01	 2.7144e+00	
 3.2800e+02	 3.4624e+00	 1.0000e-05	 3.3340e+01	 9.3445e-01	 2.7187e+00	
 3.2900e+02	 3.4736e+00	 1.0000e-05	 3.3747e+01	 9.3396e-01	 2.7174e+00	
 3.3000e+02	 3.4556e+00	 1.0000e-05	 3.3121e+01	 9.3419e-01	 2.7181e+00	
 3.3100e+02	 3.4587e+00	 1.0000e-05	 3.3290e+01	 9.3408e-01	 2.7178e+00	
 3.3200e+02	 3.4518e+00	 1.0000e-05	 3.3035e+01	 9.3489e-01	 2.7204e+00	
 3.3300e+02	 3.4450e+00	 1.0000e-05	 3.2861e+01	 9.3362e-01	 2.7167e+00	
 3.3400e+02	 3.4389e+00	 1.0000e-05	 3.2672e+01	 9.3488e-01	 2.7205e+00	
 3.3500e+02	 3.4361e+00	 1.0000e-05	 3.2474e+01	 9.3450e-01	 2.7193e+00	
 3.3600e+02	 3.4253e+00	 1.0000e-05	 3.2164e+01	 9.3527e-01	 2.7220e+00	
 3.3700e+02	 3.4249e+00	 1.0000e-05	 3.2201e+01	 9.3532e-01	 2.7223e+00	
 3.3800e+02	 3.4086e+00	 1.0000e-05	 3.1594e+01	 9.3513e-01	 2.7219e+00	
 3.3900e+02	 3.4144e+00	 1.0000e-05	 3.1850e+01	 9.3494e-01	 2.7213e+00	
 3.4000e+02	 3.3945e+00	 1.0000e-05	 3.1214e+01	 9.3534e-01	 2.7226e+00	
 3.4100e+02	 3.4005e+00	 1.0000e-05	 3.1378e+01	 9.3582e-01	 2.7243e+00	
 3.4200e+02	 3.4023e+00	 1.0000e-05	 3.1446e+01	 9.3564e-01	 2.7238e+00	
 3.4300e+02	 3.3797e+00	 1.0000e-05	 3.0670e+01	 9.3541e-01	 2.7233e+00	
 3.4400e+02	 3.3775e+00	 1.0000e-05	 3.0615e+01	 9.3582e-01	 2.7245e+00	
 3.4500e+02	 3.3900e+00	 1.0000e-05	 3.1091e+01	 9.3549e-01	 2.7236e+00	
 3.4600e+02	 3.3706e+00	 1.0000e-05	 3.0444e+01	 9.3600e-01	 2.7252e+00	
 3.4700e+02	 3.3756e+00	 1.0000e-05	 3.0613e+01	 9.3631e-01	 2.7264e+00	
 3.4800e+02	 3.3592e+00	 1.0000e-05	 3.0055e+01	 9.3715e-01	 2.7291e+00	
 3.4900e+02	 3.3663e+00	 1.0000e-05	 3.0286e+01	 9.3638e-01	 2.7268e+00	
 3.5000e+02	 3.3648e+00	 1.0000e-05	 3.0165e+01	 9.3692e-01	 2.7286e+00	
 3.5100e+02	 3.3565e+00	 1.0000e-05	 2.9987e+01	 9.3663e-01	 2.7278e+00	
 3.5200e+02	 3.3464e+00	 1.0000e-05	 2.9712e+01	 9.3746e-01	 2.7302e+00	
 3.5300e+02	 3.3362e+00	 1.0000e-05	 2.9407e+01	 9.3638e-01	 2.7271e+00	
 3.5400e+02	 3.3489e+00	 1.0000e-05	 2.9677e+01	 9.3691e-01	 2.7286e+00	
 3.5500e+02	 3.3299e+00	 1.0000e-05	 2.9200e+01	 9.3726e-01	 2.7298e+00	
 3.5600e+02	 3.3369e+00	 1.0000e-05	 2.9407e+01	 9.3752e-01	 2.7307e+00	
 3.5700e+02	 3.3253e+00	 1.0000e-05	 2.9041e+01	 9.3839e-01	 2.7335e+00	
 3.5800e+02	 3.3275e+00	 1.0000e-05	 2.9106e+01	 9.3753e-01	 2.7310e+00	
 3.5900e+02	 3.3206e+00	 1.0000e-05	 2.8848e+01	 9.3762e-01	 2.7315e+00	
 3.6000e+02	 3.3077e+00	 1.0000e-05	 2.8585e+01	 9.3741e-01	 2.7310e+00	
 3.6100e+02	 3.3081e+00	 1.0000e-05	 2.8560e+01	 9.3793e-01	 2.7327e+00	
 3.6200e+02	 3.2950e+00	 1.0000e-05	 2.8153e+01	 9.3884e-01	 2.7355e+00	
 3.6300e+02	 3.2898e+00	 1.0000e-05	 2.8077e+01	 9.3778e-01	 2.7325e+00	
 3.6400e+02	 3.2713e+00	 1.0000e-05	 2.7588e+01	 9.3932e-01	 2.7374e+00	
 3.6500e+02	 3.2829e+00	 1.0000e-05	 2.7765e+01	 9.3910e-01	 2.7367e+00	
 3.6600e+02	 3.2888e+00	 1.0000e-05	 2.7991e+01	 9.3910e-01	 2.7368e+00	
 3.6700e+02	 3.2745e+00	 1.0000e-05	 2.7553e+01	 9.3978e-01	 2.7391e+00	
 3.6800e+02	 3.2793e+00	 1.0000e-05	 2.7693e+01	 9.3833e-01	 2.7347e+00	
 3.6900e+02	 3.2654e+00	 1.0000e-05	 2.7356e+01	 9.4007e-01	 2.7402e+00	
 3.7000e+02	 3.2574e+00	 1.0000e-05	 2.7068e+01	 9.3967e-01	 2.7391e+00	
 3.7100e+02	 3.2521e+00	 1.0000e-05	 2.6909e+01	 9.4032e-01	 2.7412e+00	
 3.7200e+02	 3.2533e+00	 1.0000e-05	 2.6959e+01	 9.3986e-01	 2.7397e+00	
 3.7300e+02	 3.2445e+00	 1.0000e-05	 2.6719e+01	 9.4002e-01	 2.7404e+00	
 3.7400e+02	 3.2414e+00	 1.0000e-05	 2.6689e+01	 9.4066e-01	 2.7425e+00	
 3.7500e+02	 3.2449e+00	 1.0000e-05	 2.6771e+01	 9.4108e-01	 2.7440e+00	
 3.7600e+02	 3.2282e+00	 1.0000e-05	 2.6343e+01	 9.4074e-01	 2.7430e+00	
 3.7700e+02	 3.2363e+00	 1.0000e-05	 2.6516e+01	 9.4026e-01	 2.7416e+00	
 3.7800e+02	 3.2358e+00	 1.0000e-05	 2.6564e+01	 9.4071e-01	 2.7429e+00	
 3.7900e+02	 3.2256e+00	 1.0000e-05	 2.6194e+01	 9.4067e-01	 2.7431e+00	
 3.8000e+02	 3.2188e+00	 1.0000e-05	 2.6036e+01	 9.4157e-01	 2.7460e+00	
 3.8100e+02	 3.1994e+00	 1.0000e-05	 2.5610e+01	 9.4140e-01	 2.7455e+00	
 3.8200e+02	 3.2070e+00	 1.0000e-05	 2.5769e+01	 9.4181e-01	 2.7470e+00	
 3.8300e+02	 3.1947e+00	 1.0000e-05	 2.5374e+01	 9.4145e-01	 2.7458e+00	
 3.8400e+02	 3.1897e+00	 1.0000e-05	 2.5333e+01	 9.4246e-01	 2.7490e+00	
 3.8500e+02	 3.1907e+00	 1.0000e-05	 2.5398e+01	 9.4212e-01	 2.7481e+00	
 3.8600e+02	 3.1873e+00	 1.0000e-05	 2.5249e+01	 9.4177e-01	 2.7472e+00	
 3.8700e+02	 3.1837e+00	 1.0000e-05	 2.5227e+01	 9.4281e-01	 2.7507e+00	
 3.8800e+02	 3.1736e+00	 1.0000e-05	 2.4875e+01	 9.4242e-01	 2.7495e+00	
 3.8900e+02	 3.1716e+00	 1.0000e-05	 2.4843e+01	 9.4212e-01	 2.7487e+00	
 3.9000e+02	 3.1633e+00	 1.0000e-05	 2.4692e+01	 9.4263e-01	 2.7503e+00	
 3.9100e+02	 3.1658e+00	 1.0000e-05	 2.4744e+01	 9.4302e-01	 2.7517e+00	
 3.9200e+02	 3.1395e+00	 1.0000e-05	 2.4019e+01	 9.4330e-01	 2.7528e+00	
 3.9300e+02	 3.1544e+00	 1.0000e-05	 2.4477e+01	 9.4413e-01	 2.7552e+00	
 3.9400e+02	 3.1363e+00	 1.0000e-05	 2.3873e+01	 9.4392e-01	 2.7549e+00	
 3.9500e+02	 3.1445e+00	 1.0000e-05	 2.4169e+01	 9.4445e-01	 2.7566e+00	
 3.9600e+02	 3.1485e+00	 1.0000e-05	 2.4326e+01	 9.4429e-01	 2.7560e+00	
 3.9700e+02	 3.1369e+00	 1.0000e-05	 2.3930e+01	 9.4416e-01	 2.7560e+00	
 3.9800e+02	 3.1291e+00	 1.0000e-05	 2.3820e+01	 9.4441e-01	 2.7568e+00	
 3.9900e+02	 3.1246e+00	 1.0000e-05	 2.3698e+01	 9.4501e-01	 2.7586e+00	
 4.0000e+02	 3.1157e+00	 1.0000e-05	 2.3453e+01	 9.4437e-01	 2.7568e+00	
 4.0100e+02	 3.1194e+00	 1.0000e-05	 2.3603e+01	 9.4544e-01	 2.7601e+00	
 4.0200e+02	 3.1086e+00	 1.0000e-05	 2.3318e+01	 9.4513e-01	 2.7593e+00	
 4.0300e+02	 3.1107e+00	 1.0000e-05	 2.3380e+01	 9.4456e-01	 2.7574e+00	
 4.0400e+02	 3.0990e+00	 1.0000e-05	 2.3084e+01	 9.4588e-01	 2.7615e+00	
 4.0500e+02	 3.0832e+00	 1.0000e-05	 2.2722e+01	 9.4492e-01	 2.7589e+00	
 4.0600e+02	 3.0975e+00	 1.0000e-05	 2.3020e+01	 9.4538e-01	 2.7605e+00	
 4.0700e+02	 3.0865e+00	 1.0000e-05	 2.2762e+01	 9.4630e-01	 2.7633e+00	
 4.0800e+02	 3.0760e+00	 1.0000e-05	 2.2553e+01	 9.4634e-01	 2.7637e+00	
 4.0900e+02	 3.0814e+00	 1.0000e-05	 2.2635e+01	 9.4665e-01	 2.7645e+00	
 4.1000e+02	 3.0783e+00	 1.0000e-05	 2.2626e+01	 9.4720e-01	 2.7664e+00	
 4.1100e+02	 3.0571e+00	 1.0000e-05	 2.2163e+01	 9.4708e-01	 2.7662e+00	
 4.1200e+02	 3.0596e+00	 1.0000e-05	 2.2204e+01	 9.4647e-01	 2.7644e+00	
 4.1300e+02	 3.0537e+00	 1.0000e-05	 2.1965e+01	 9.4814e-01	 2.7695e+00	
 4.1400e+02	 3.0487e+00	 1.0000e-05	 2.1969e+01	 9.4716e-01	 2.7669e+00	
 4.1500e+02	 3.0409e+00	 1.0000e-05	 2.1828e+01	 9.4801e-01	 2.7695e+00	
 4.1600e+02	 3.0426e+00	 1.0000e-05	 2.1834e+01	 9.4769e-01	 2.7688e+00	
 4.1700e+02	 3.0542e+00	 1.0000e-05	 2.2069e+01	 9.4807e-01	 2.7701e+00	
 4.1800e+02	 3.0318e+00	 1.0000e-05	 2.1599e+01	 9.4739e-01	 2.7680e+00	
 4.1900e+02	 3.0363e+00	 1.0000e-05	 2.1692e+01	 9.4867e-01	 2.7720e+00	
 4.2000e+02	 3.0265e+00	 1.0000e-05	 2.1439e+01	 9.4918e-01	 2.7739e+00	
 4.2100e+02	 3.0196e+00	 1.0000e-05	 2.1371e+01	 9.4784e-01	 2.7697e+00	
 4.2200e+02	 3.0081e+00	 1.0000e-05	 2.1086e+01	 9.4914e-01	 2.7738e+00	
 4.2300e+02	 3.0074e+00	 1.0000e-05	 2.1019e+01	 9.4995e-01	 2.7764e+00	
 4.2400e+02	 3.0145e+00	 1.0000e-05	 2.1175e+01	 9.4846e-01	 2.7719e+00	
 4.2500e+02	 2.9972e+00	 1.0000e-05	 2.0768e+01	 9.5108e-01	 2.7803e+00	
 4.2600e+02	 3.0009e+00	 1.0000e-05	 2.0891e+01	 9.4925e-01	 2.7745e+00	
 4.2700e+02	 3.0018e+00	 1.0000e-05	 2.0875e+01	 9.5126e-01	 2.7810e+00	
 4.2800e+02	 2.9871e+00	 1.0000e-05	 2.0563e+01	 9.5079e-01	 2.7797e+00	
 4.2900e+02	 2.9791e+00	 1.0000e-05	 2.0463e+01	 9.5037e-01	 2.7785e+00	
 4.3000e+02	 2.9824e+00	 1.0000e-05	 2.0499e+01	 9.5173e-01	 2.7827e+00	
 4.3100e+02	 2.9765e+00	 1.0000e-05	 2.0439e+01	 9.5244e-01	 2.7851e+00	
 4.3200e+02	 2.9699e+00	 1.0000e-05	 2.0208e+01	 9.5176e-01	 2.7831e+00	
 4.3300e+02	 2.9636e+00	 1.0000e-05	 2.0080e+01	 9.5130e-01	 2.7819e+00	
 4.3400e+02	 2.9563e+00	 1.0000e-05	 1.9988e+01	 9.5317e-01	 2.7880e+00	
 4.3500e+02	 2.9564e+00	 1.0000e-05	 1.9969e+01	 9.5218e-01	 2.7849e+00	
 4.3600e+02	 2.9527e+00	 1.0000e-05	 1.9914e+01	 9.5208e-01	 2.7847e+00	
 4.3700e+02	 2.9513e+00	 1.0000e-05	 1.9906e+01	 9.5155e-01	 2.7831e+00	
 4.3800e+02	 2.9372e+00	 1.0000e-05	 1.9611e+01	 9.5308e-01	 2.7881e+00	
 4.3900e+02	 2.9355e+00	 1.0000e-05	 1.9593e+01	 9.5252e-01	 2.7861e+00	
 4.4000e+02	 2.9342e+00	 1.0000e-05	 1.9587e+01	 9.5372e-01	 2.7900e+00	
 4.4100e+02	 2.9259e+00	 1.0000e-05	 1.9362e+01	 9.5277e-01	 2.7872e+00	
 4.4200e+02	 2.9246e+00	 1.0000e-05	 1.9371e+01	 9.5425e-01	 2.7919e+00	
 4.4300e+02	 2.9284e+00	 1.0000e-05	 1.9472e+01	 9.5324e-01	 2.7889e+00	
 4.4400e+02	 2.9161e+00	 1.0000e-05	 1.9167e+01	 9.5523e-01	 2.7954e+00	
 4.4500e+02	 2.9064e+00	 1.0000e-05	 1.9005e+01	 9.5576e-01	 2.7971e+00	
 4.4600e+02	 2.8996e+00	 1.0000e-05	 1.8858e+01	 9.5507e-01	 2.7954e+00	
 4.4700e+02	 2.9084e+00	 1.0000e-05	 1.9054e+01	 9.5595e-01	 2.7984e+00	
 4.4800e+02	 2.8937e+00	 1.0000e-05	 1.8737e+01	 9.5474e-01	 2.7945e+00	
 4.4900e+02	 2.8865e+00	 1.0000e-05	 1.8570e+01	 9.5479e-01	 2.7944e+00	
 4.5000e+02	 2.8905e+00	 1.0000e-05	 1.8660e+01	 9.5516e-01	 2.7959e+00	
 4.5100e+02	 2.8983e+00	 1.0000e-05	 1.8811e+01	 9.5544e-01	 2.7969e+00	
 4.5200e+02	 2.8745e+00	 1.0000e-05	 1.8411e+01	 9.5714e-01	 2.8024e+00	
 4.5300e+02	 2.8872e+00	 1.0000e-05	 1.8606e+01	 9.5648e-01	 2.8007e+00	
 4.5400e+02	 2.8654e+00	 1.0000e-05	 1.8218e+01	 9.5783e-01	 2.8047e+00	
 4.5500e+02	 2.8592e+00	 1.0000e-05	 1.8120e+01	 9.5636e-01	 2.8004e+00	
 4.5600e+02	 2.8625e+00	 1.0000e-05	 1.8132e+01	 9.5767e-01	 2.8047e+00	
 4.5700e+02	 2.8540e+00	 1.0000e-05	 1.7979e+01	 9.5728e-01	 2.8035e+00	
 4.5800e+02	 2.8376e+00	 1.0000e-05	 1.7741e+01	 9.5669e-01	 2.8018e+00	
 4.5900e+02	 2.8507e+00	 1.0000e-05	 1.7909e+01	 9.5750e-01	 2.8041e+00	
 4.6000e+02	 2.8528e+00	 1.0000e-05	 1.7955e+01	 9.5801e-01	 2.8062e+00	
 4.6100e+02	 2.8162e+00	 1.0000e-05	 1.7311e+01	 9.5846e-01	 2.8075e+00	
 4.6200e+02	 2.8190e+00	 1.0000e-05	 1.7329e+01	 9.5914e-01	 2.8098e+00	
 4.6300e+02	 2.8249e+00	 1.0000e-05	 1.7432e+01	 9.5914e-01	 2.8102e+00	
 4.6400e+02	 2.8130e+00	 1.0000e-05	 1.7239e+01	 9.5773e-01	 2.8058e+00	
 4.6500e+02	 2.8221e+00	 1.0000e-05	 1.7445e+01	 9.6028e-01	 2.8140e+00	
 4.6600e+02	 2.8157e+00	 1.0000e-05	 1.7320e+01	 9.5839e-01	 2.8080e+00	
 4.6700e+02	 2.7983e+00	 1.0000e-05	 1.6995e+01	 9.5962e-01	 2.8118e+00	
 4.6800e+02	 2.7919e+00	 1.0000e-05	 1.6879e+01	 9.6057e-01	 2.8150e+00	
 4.6900e+02	 2.7936e+00	 1.0000e-05	 1.6939e+01	 9.6062e-01	 2.8153e+00	
 4.7000e+02	 2.7898e+00	 1.0000e-05	 1.6853e+01	 9.6150e-01	 2.8182e+00	
 4.7100e+02	 2.7797e+00	 1.0000e-05	 1.6710e+01	 9.6089e-01	 2.8162e+00	
 4.7200e+02	 2.7948e+00	 1.0000e-05	 1.6919e+01	 9.6176e-01	 2.8191e+00	
 4.7300e+02	 2.7890e+00	 1.0000e-05	 1.6857e+01	 9.6135e-01	 2.8181e+00	
 4.7400e+02	 2.7782e+00	 1.0000e-05	 1.6701e+01	 9.6122e-01	 2.8180e+00	
 4.7500e+02	 2.7650e+00	 1.0000e-05	 1.6476e+01	 9.6342e-01	 2.8253e+00	
 4.7600e+02	 2.7744e+00	 1.0000e-05	 1.6646e+01	 9.6309e-01	 2.8242e+00	
 4.7700e+02	 2.7737e+00	 1.0000e-05	 1.6610e+01	 9.6277e-01	 2.8231e+00	
 4.7800e+02	 2.7534e+00	 1.0000e-05	 1.6217e+01	 9.6248e-01	 2.8226e+00	
 4.7900e+02	 2.7371e+00	 1.0000e-05	 1.5971e+01	 9.6457e-01	 2.8295e+00	
 4.8000e+02	 2.7541e+00	 1.0000e-05	 1.6259e+01	 9.6340e-01	 2.8253e+00	
 4.8100e+02	 2.7462e+00	 1.0000e-05	 1.6124e+01	 9.6357e-01	 2.8261e+00	
 4.8200e+02	 2.7473e+00	 1.0000e-05	 1.6166e+01	 9.6479e-01	 2.8304e+00	
 4.8300e+02	 2.7350e+00	 1.0000e-05	 1.5938e+01	 9.6354e-01	 2.8263e+00	
 4.8400e+02	 2.7343e+00	 1.0000e-05	 1.5925e+01	 9.6499e-01	 2.8312e+00	
 4.8500e+02	 2.7168e+00	 1.0000e-05	 1.5670e+01	 9.6421e-01	 2.8287e+00	
 4.8600e+02	 2.7257e+00	 1.0000e-05	 1.5827e+01	 9.6565e-01	 2.8335e+00	
 4.8700e+02	 2.7218e+00	 1.0000e-05	 1.5731e+01	 9.6419e-01	 2.8287e+00	
 4.8800e+02	 2.7015e+00	 1.0000e-05	 1.5374e+01	 9.6542e-01	 2.8329e+00	
 4.8900e+02	 2.7130e+00	 1.0000e-05	 1.5680e+01	 9.6653e-01	 2.8365e+00	
 4.9000e+02	 2.6972e+00	 1.0000e-05	 1.5348e+01	 9.6591e-01	 2.8347e+00	
 4.9100e+02	 2.6994e+00	 1.0000e-05	 1.5378e+01	 9.6660e-01	 2.8372e+00	
 4.9200e+02	 2.6956e+00	 1.0000e-05	 1.5300e+01	 9.6657e-01	 2.8369e+00	
 4.9300e+02	 2.6881e+00	 1.0000e-05	 1.5192e+01	 9.6717e-01	 2.8389e+00	
 4.9400e+02	 2.6802e+00	 1.0000e-05	 1.5068e+01	 9.6736e-01	 2.8396e+00	
 4.9500e+02	 2.6793e+00	 1.0000e-05	 1.5065e+01	 9.6735e-01	 2.8396e+00	
 4.9600e+02	 2.6614e+00	 1.0000e-05	 1.4775e+01	 9.6730e-01	 2.8397e+00	
 4.9700e+02	 2.6780e+00	 1.0000e-05	 1.5096e+01	 9.6770e-01	 2.8410e+00	
 4.9800e+02	 2.6578e+00	 1.0000e-05	 1.4743e+01	 9.6843e-01	 2.8439e+00	
 4.9900e+02	 2.6559e+00	 1.0000e-05	 1.4710e+01	 9.6856e-01	 2.8441e+00	
 5.0000e+02	 2.6499e+00	 1.0000e-05	 1.4620e+01	 9.7127e-01	 2.8530e+00	
 5.0100e+02	 2.6425e+00	 1.0000e-05	 1.4491e+01	 9.6817e-01	 2.8429e+00	
 5.0200e+02	 2.6517e+00	 1.0000e-05	 1.4669e+01	 9.6858e-01	 2.8441e+00	
 5.0300e+02	 2.6354e+00	 1.0000e-05	 1.4371e+01	 9.7027e-01	 2.8496e+00	
 5.0400e+02	 2.6502e+00	 1.0000e-05	 1.4651e+01	 9.6980e-01	 2.8483e+00	
 5.0500e+02	 2.6434e+00	 1.0000e-05	 1.4545e+01	 9.6872e-01	 2.8448e+00	
 5.0600e+02	 2.6298e+00	 1.0000e-05	 1.4298e+01	 9.7128e-01	 2.8534e+00	
 5.0700e+02	 2.6312e+00	 1.0000e-05	 1.4336e+01	 9.7253e-01	 2.8576e+00	
 5.0800e+02	 2.6205e+00	 1.0000e-05	 1.4210e+01	 9.7020e-01	 2.8500e+00	
 5.0900e+02	 2.6219e+00	 1.0000e-05	 1.4198e+01	 9.7192e-01	 2.8556e+00	
 5.1000e+02	 2.6181e+00	 1.0000e-05	 1.4154e+01	 9.7220e-01	 2.8567e+00	
 5.1100e+02	 2.6058e+00	 1.0000e-05	 1.3984e+01	 9.7293e-01	 2.8594e+00	
 5.1200e+02	 2.6072e+00	 1.0000e-05	 1.4014e+01	 9.7364e-01	 2.8615e+00	
 5.1300e+02	 2.6033e+00	 1.0000e-05	 1.3939e+01	 9.7412e-01	 2.8632e+00	
 5.1400e+02	 2.5893e+00	 1.0000e-05	 1.3773e+01	 9.7295e-01	 2.8597e+00	
 5.1500e+02	 2.5776e+00	 1.0000e-05	 1.3600e+01	 9.7454e-01	 2.8651e+00	
 5.1600e+02	 2.5788e+00	 1.0000e-05	 1.3593e+01	 9.7399e-01	 2.8630e+00	
 5.1700e+02	 2.5819e+00	 1.0000e-05	 1.3622e+01	 9.7363e-01	 2.8622e+00	
 5.1800e+02	 2.5727e+00	 1.0000e-05	 1.3518e+01	 9.7502e-01	 2.8669e+00	
 5.1900e+02	 2.5707e+00	 1.0000e-05	 1.3519e+01	 9.7513e-01	 2.8672e+00	
 5.2000e+02	 2.5749e+00	 1.0000e-05	 1.3577e+01	 9.7339e-01	 2.8615e+00	
 5.2100e+02	 2.5674e+00	 1.0000e-05	 1.3470e+01	 9.7535e-01	 2.8682e+00	
 5.2200e+02	 2.5557e+00	 1.0000e-05	 1.3305e+01	 9.7571e-01	 2.8693e+00	
 5.2300e+02	 2.5553e+00	 1.0000e-05	 1.3298e+01	 9.7554e-01	 2.8690e+00	
 5.2400e+02	 2.5502e+00	 1.0000e-05	 1.3216e+01	 9.7650e-01	 2.8723e+00	
 5.2500e+02	 2.5390e+00	 1.0000e-05	 1.3059e+01	 9.7770e-01	 2.8767e+00	
 5.2600e+02	 2.5394e+00	 1.0000e-05	 1.3081e+01	 9.7708e-01	 2.8742e+00	
 5.2700e+02	 2.5278e+00	 1.0000e-05	 1.2905e+01	 9.7740e-01	 2.8751e+00	
 5.2800e+02	 2.5404e+00	 1.0000e-05	 1.3108e+01	 9.7632e-01	 2.8723e+00	
 5.2900e+02	 2.5314e+00	 1.0000e-05	 1.2974e+01	 9.7634e-01	 2.8727e+00	
 5.3000e+02	 2.5213e+00	 1.0000e-05	 1.2828e+01	 9.7964e-01	 2.8833e+00	
 5.3100e+02	 2.5270e+00	 1.0000e-05	 1.2875e+01	 9.7803e-01	 2.8782e+00	
 5.3200e+02	 2.5256e+00	 1.0000e-05	 1.2893e+01	 9.7722e-01	 2.8755e+00	
 5.3300e+02	 2.5111e+00	 1.0000e-05	 1.2700e+01	 9.7959e-01	 2.8832e+00	
 5.3400e+02	 2.5061e+00	 1.0000e-05	 1.2626e+01	 9.8005e-01	 2.8849e+00	
 5.3500e+02	 2.4947e+00	 1.0000e-05	 1.2481e+01	 9.7909e-01	 2.8821e+00	
 5.3600e+02	 2.4971e+00	 1.0000e-05	 1.2522e+01	 9.8016e-01	 2.8855e+00	
 5.3700e+02	 2.4861e+00	 1.0000e-05	 1.2369e+01	 9.7970e-01	 2.8842e+00	
 5.3800e+02	 2.4875e+00	 1.0000e-05	 1.2384e+01	 9.8095e-01	 2.8884e+00	
 5.3900e+02	 2.4804e+00	 1.0000e-05	 1.2298e+01	 9.8055e-01	 2.8874e+00	
 5.4000e+02	 2.4854e+00	 1.0000e-05	 1.2362e+01	 9.8153e-01	 2.8906e+00	
 5.4100e+02	 2.4786e+00	 1.0000e-05	 1.2279e+01	 9.8204e-01	 2.8925e+00	
 5.4200e+02	 2.4723e+00	 1.0000e-05	 1.2200e+01	 9.8119e-01	 2.8897e+00	
 5.4300e+02	 2.4634e+00	 1.0000e-05	 1.2103e+01	 9.8168e-01	 2.8914e+00	
 5.4400e+02	 2.4614e+00	 1.0000e-05	 1.2071e+01	 9.8243e-01	 2.8942e+00	
 5.4500e+02	 2.4544e+00	 1.0000e-05	 1.2000e+01	 9.8190e-01	 2.8924e+00	
 5.4600e+02	 2.4563e+00	 1.0000e-05	 1.2020e+01	 9.8346e-01	 2.8972e+00	
 5.4700e+02	 2.4542e+00	 1.0000e-05	 1.2005e+01	 9.8229e-01	 2.8939e+00	
 5.4800e+02	 2.4424e+00	 1.0000e-05	 1.1839e+01	 9.8483e-01	 2.9022e+00	
 5.4900e+02	 2.4310e+00	 1.0000e-05	 1.1701e+01	 9.8356e-01	 2.8982e+00	
 5.5000e+02	 2.4294e+00	 1.0000e-05	 1.1664e+01	 9.8499e-01	 2.9033e+00	
 5.5100e+02	 2.4444e+00	 1.0000e-05	 1.1875e+01	 9.8399e-01	 2.8997e+00	
 5.5200e+02	 2.4166e+00	 1.0000e-05	 1.1537e+01	 9.8381e-01	 2.8997e+00	
 5.5300e+02	 2.4125e+00	 1.0000e-05	 1.1483e+01	 9.8608e-01	 2.9068e+00	
 5.5400e+02	 2.4230e+00	 1.0000e-05	 1.1603e+01	 9.8465e-01	 2.9021e+00	
 5.5500e+02	 2.4167e+00	 1.0000e-05	 1.1575e+01	 9.8632e-01	 2.9076e+00	
 5.5600e+02	 2.3979e+00	 1.0000e-05	 1.1311e+01	 9.8493e-01	 2.9031e+00	
 5.5700e+02	 2.4076e+00	 1.0000e-05	 1.1413e+01	 9.8680e-01	 2.9097e+00	
 5.5800e+02	 2.3959e+00	 1.0000e-05	 1.1272e+01	 9.8755e-01	 2.9122e+00	
 5.5900e+02	 2.3928e+00	 1.0000e-05	 1.1236e+01	 9.8804e-01	 2.9141e+00	
 5.6000e+02	 2.3957e+00	 1.0000e-05	 1.1286e+01	 9.8705e-01	 2.9110e+00	
 5.6100e+02	 2.3929e+00	 1.0000e-05	 1.1220e+01	 9.8827e-01	 2.9152e+00	
 5.6200e+02	 2.3765e+00	 1.0000e-05	 1.1038e+01	 9.8778e-01	 2.9135e+00	
 5.6300e+02	 2.3851e+00	 1.0000e-05	 1.1189e+01	 9.8872e-01	 2.9168e+00	
 5.6400e+02	 2.3682e+00	 1.0000e-05	 1.0993e+01	 9.8825e-01	 2.9153e+00	
 5.6500e+02	 2.3532e+00	 1.0000e-05	 1.0802e+01	 9.8876e-01	 2.9172e+00	
 5.6600e+02	 2.3664e+00	 1.0000e-05	 1.0948e+01	 9.8980e-01	 2.9206e+00	
 5.6700e+02	 2.3623e+00	 1.0000e-05	 1.0907e+01	 9.9094e-01	 2.9244e+00	
 5.6800e+02	 2.3516e+00	 1.0000e-05	 1.0824e+01	 9.9026e-01	 2.9225e+00	
 5.6900e+02	 2.3479e+00	 1.0000e-05	 1.0757e+01	 9.9013e-01	 2.9223e+00	
 5.7000e+02	 2.3424e+00	 1.0000e-05	 1.0702e+01	 9.8978e-01	 2.9211e+00	
 5.7100e+02	 2.3318e+00	 1.0000e-05	 1.0567e+01	 9.9164e-01	 2.9271e+00	
 5.7200e+02	 2.3476e+00	 1.0000e-05	 1.0766e+01	 9.9184e-01	 2.9281e+00	
 5.7300e+02	 2.3350e+00	 1.0000e-05	 1.0624e+01	 9.9188e-01	 2.9285e+00	
 5.7400e+02	 2.3311e+00	 1.0000e-05	 1.0574e+01	 9.9426e-01	 2.9370e+00	
 5.7500e+02	 2.3268e+00	 1.0000e-05	 1.0543e+01	 9.9179e-01	 2.9284e+00	
 5.7600e+02	 2.3246e+00	 1.0000e-05	 1.0521e+01	 9.9380e-01	 2.9350e+00	
 5.7700e+02	 2.3129e+00	 1.0000e-05	 1.0380e+01	 9.9269e-01	 2.9314e+00	
 5.7800e+02	 2.3182e+00	 1.0000e-05	 1.0420e+01	 9.9459e-01	 2.9380e+00	
 5.7900e+02	 2.3124e+00	 1.0000e-05	 1.0352e+01	 9.9441e-01	 2.9377e+00	
 5.8000e+02	 2.3059e+00	 1.0000e-05	 1.0294e+01	 9.9379e-01	 2.9355e+00	
 5.8100e+02	 2.3055e+00	 1.0000e-05	 1.0327e+01	 9.9393e-01	 2.9357e+00	
 5.8200e+02	 2.2853e+00	 1.0000e-05	 1.0089e+01	 9.9461e-01	 2.9383e+00	
 5.8300e+02	 2.2944e+00	 1.0000e-05	 1.0167e+01	 9.9392e-01	 2.9361e+00	
 5.8400e+02	 2.2921e+00	 1.0000e-05	 1.0161e+01	 9.9458e-01	 2.9381e+00	
 5.8500e+02	 2.2797e+00	 1.0000e-05	 1.0031e+01	 9.9548e-01	 2.9412e+00	
 5.8600e+02	 2.2860e+00	 1.0000e-05	 1.0106e+01	 9.9485e-01	 2.9395e+00	
 5.8700e+02	 2.2688e+00	 1.0000e-05	 9.9115e+00	 9.9789e-01	 2.9500e+00	
 5.8800e+02	 2.2759e+00	 1.0000e-05	 9.9928e+00	 9.9616e-01	 2.9443e+00	
 5.8900e+02	 2.2722e+00	 1.0000e-05	 9.9347e+00	 9.9505e-01	 2.9405e+00	
 5.9000e+02	 2.2651e+00	 1.0000e-05	 9.9021e+00	 9.9686e-01	 2.9468e+00	
 5.9100e+02	 2.2565e+00	 1.0000e-05	 9.7827e+00	 9.9870e-01	 2.9536e+00	
 5.9200e+02	 2.2413e+00	 1.0000e-05	 9.6623e+00	 9.9784e-01	 2.9502e+00	
 5.9300e+02	 2.2490e+00	 1.0000e-05	 9.7023e+00	 9.9876e-01	 2.9534e+00	
 5.9400e+02	 2.2367e+00	 1.0000e-05	 9.5983e+00	 9.9897e-01	 2.9545e+00	
 5.9500e+02	 2.2346e+00	 1.0000e-05	 9.6043e+00	 1.0006e+00	 2.9600e+00	
 5.9600e+02	 2.2330e+00	 1.0000e-05	 9.5677e+00	 9.9990e-01	 2.9575e+00	
 5.9700e+02	 2.2266e+00	 1.0000e-05	 9.5215e+00	 1.0010e+00	 2.9619e+00	
 5.9800e+02	 2.2389e+00	 1.0000e-05	 9.6366e+00	 1.0004e+00	 2.9595e+00	
 5.9900e+02	 2.2203e+00	 1.0000e-05	 9.4613e+00	 9.9987e-01	 2.9578e+00	
 6.0000e+02	 2.2316e+00	 1.0000e-05	 9.5394e+00	 1.0020e+00	 2.9657e+00	
 6.0100e+02	 2.2242e+00	 1.0000e-05	 9.4613e+00	 1.0004e+00	 2.9602e+00	
 6.0200e+02	 2.2144e+00	 1.0000e-05	 9.3833e+00	 1.0025e+00	 2.9677e+00	
 6.0300e+02	 2.2062e+00	 1.0000e-05	 9.3045e+00	 1.0003e+00	 2.9599e+00	
 6.0400e+02	 2.2036e+00	 1.0000e-05	 9.2904e+00	 1.0028e+00	 2.9684e+00	
 6.0500e+02	 2.1914e+00	 1.0000e-05	 9.1763e+00	 1.0024e+00	 2.9666e+00	
 6.0600e+02	 2.1805e+00	 1.0000e-05	 9.0823e+00	 1.0036e+00	 2.9713e+00	
 6.0700e+02	 2.1934e+00	 1.0000e-05	 9.1804e+00	 1.0037e+00	 2.9718e+00	
 6.0800e+02	 2.1874e+00	 1.0000e-05	 9.1283e+00	 9.9989e-01	 2.9588e+00	
 6.0900e+02	 2.1910e+00	 1.0000e-05	 9.1625e+00	 1.0052e+00	 2.9770e+00	
 6.1000e+02	 2.1607e+00	 1.0000e-05	 8.8992e+00	 1.0051e+00	 2.9772e+00	
 6.1100e+02	 2.1715e+00	 1.0000e-05	 8.9796e+00	 1.0038e+00	 2.9722e+00	
 6.1200e+02	 2.1663e+00	 1.0000e-05	 8.9389e+00	 1.0054e+00	 2.9781e+00	
 6.1300e+02	 2.1661e+00	 1.0000e-05	 8.9352e+00	 1.0046e+00	 2.9752e+00	
 6.1400e+02	 2.1663e+00	 1.0000e-05	 8.9271e+00	 1.0036e+00	 2.9718e+00	
 6.1500e+02	 2.1692e+00	 1.0000e-05	 8.9480e+00	 1.0062e+00	 2.9802e+00	
 6.1600e+02	 2.1489e+00	 1.0000e-05	 8.7505e+00	 1.0060e+00	 2.9798e+00	
 6.1700e+02	 2.1413e+00	 1.0000e-05	 8.7160e+00	 1.0097e+00	 2.9931e+00	
 6.1800e+02	 2.1539e+00	 1.0000e-05	 8.8094e+00	 1.0057e+00	 2.9800e+00	
 6.1900e+02	 2.1430e+00	 1.0000e-05	 8.7069e+00	 1.0077e+00	 2.9866e+00	
 6.2000e+02	 2.1335e+00	 1.0000e-05	 8.6292e+00	 1.0078e+00	 2.9871e+00	
 6.2100e+02	 2.1312e+00	 1.0000e-05	 8.6303e+00	 1.0092e+00	 2.9920e+00	
 6.2200e+02	 2.1200e+00	 1.0000e-05	 8.5235e+00	 1.0082e+00	 2.9884e+00	
 6.2300e+02	 2.1197e+00	 1.0000e-05	 8.5529e+00	 1.0108e+00	 2.9976e+00	
 6.2400e+02	 2.1236e+00	 1.0000e-05	 8.5505e+00	 1.0056e+00	 2.9792e+00	
 6.2500e+02	 2.1184e+00	 1.0000e-05	 8.5096e+00	 1.0113e+00	 2.9990e+00	
 6.2600e+02	 2.1128e+00	 1.0000e-05	 8.4637e+00	 1.0094e+00	 2.9927e+00	
 6.2700e+02	 2.1109e+00	 1.0000e-05	 8.4446e+00	 1.0093e+00	 2.9923e+00	
 6.2800e+02	 2.0963e+00	 1.0000e-05	 8.3231e+00	 1.0096e+00	 2.9936e+00	
 6.2900e+02	 2.0938e+00	 1.0000e-05	 8.2884e+00	 1.0093e+00	 2.9926e+00	
 6.3000e+02	 2.0836e+00	 1.0000e-05	 8.2127e+00	 1.0137e+00	 3.0077e+00	
 6.3100e+02	 2.0909e+00	 1.0000e-05	 8.2816e+00	 1.0111e+00	 2.9987e+00	
 6.3200e+02	 2.0846e+00	 1.0000e-05	 8.2312e+00	 1.0131e+00	 3.0063e+00	
 6.3300e+02	 2.0683e+00	 1.0000e-05	 8.0926e+00	 1.0142e+00	 3.0102e+00	
 6.3400e+02	 2.0792e+00	 1.0000e-05	 8.1738e+00	 1.0136e+00	 3.0088e+00	
 6.3500e+02	 2.0767e+00	 1.0000e-05	 8.1581e+00	 1.0129e+00	 3.0059e+00	
 6.3600e+02	 2.0649e+00	 1.0000e-05	 8.0392e+00	 1.0129e+00	 3.0056e+00	
 6.3700e+02	 2.0672e+00	 1.0000e-05	 8.0888e+00	 1.0132e+00	 3.0071e+00	
 6.3800e+02	 2.0542e+00	 1.0000e-05	 7.9481e+00	 1.0153e+00	 3.0143e+00	
 6.3900e+02	 2.0567e+00	 1.0000e-05	 7.9898e+00	 1.0163e+00	 3.0175e+00	
 6.4000e+02	 2.0644e+00	 1.0000e-05	 8.0512e+00	 1.0139e+00	 3.0097e+00	
 6.4100e+02	 2.0561e+00	 1.0000e-05	 7.9854e+00	 1.0153e+00	 3.0142e+00	
 6.4200e+02	 2.0439e+00	 1.0000e-05	 7.8889e+00	 1.0169e+00	 3.0205e+00	
 6.4300e+02	 2.0567e+00	 1.0000e-05	 8.0042e+00	 1.0164e+00	 3.0181e+00	
 6.4400e+02	 2.0364e+00	 1.0000e-05	 7.8351e+00	 1.0159e+00	 3.0170e+00	
 6.4500e+02	 2.0397e+00	 1.0000e-05	 7.8435e+00	 1.0161e+00	 3.0171e+00	
 6.4600e+02	 2.0474e+00	 1.0000e-05	 7.9339e+00	 1.0146e+00	 3.0116e+00	
 6.4700e+02	 2.0357e+00	 1.0000e-05	 7.8280e+00	 1.0170e+00	 3.0199e+00	
 6.4800e+02	 2.0138e+00	 1.0000e-05	 7.6470e+00	 1.0193e+00	 3.0286e+00	
 6.4900e+02	 2.0212e+00	 1.0000e-05	 7.7132e+00	 1.0183e+00	 3.0249e+00	
 6.5000e+02	 2.0042e+00	 1.0000e-05	 7.5815e+00	 1.0165e+00	 3.0186e+00	
 6.5100e+02	 2.0144e+00	 1.0000e-05	 7.6506e+00	 1.0195e+00	 3.0297e+00	
 6.5200e+02	 2.0071e+00	 1.0000e-05	 7.6124e+00	 1.0189e+00	 3.0281e+00	
 6.5300e+02	 1.9918e+00	 1.0000e-05	 7.4901e+00	 1.0214e+00	 3.0369e+00	
 6.5400e+02	 1.9929e+00	 1.0000e-05	 7.4842e+00	 1.0210e+00	 3.0356e+00	
 6.5500e+02	 1.9801e+00	 1.0000e-05	 7.3653e+00	 1.0198e+00	 3.0312e+00	
 6.5600e+02	 1.9954e+00	 1.0000e-05	 7.4993e+00	 1.0222e+00	 3.0397e+00	
 6.5700e+02	 1.9852e+00	 1.0000e-05	 7.4327e+00	 1.0219e+00	 3.0389e+00	
 6.5800e+02	 1.9862e+00	 1.0000e-05	 7.4270e+00	 1.0214e+00	 3.0367e+00	
 6.5900e+02	 1.9730e+00	 1.0000e-05	 7.3139e+00	 1.0224e+00	 3.0405e+00	
 6.6000e+02	 1.9663e+00	 1.0000e-05	 7.2887e+00	 1.0252e+00	 3.0508e+00	
 6.6100e+02	 1.9664e+00	 1.0000e-05	 7.2838e+00	 1.0221e+00	 3.0405e+00	
 6.6200e+02	 1.9668e+00	 1.0000e-05	 7.2973e+00	 1.0241e+00	 3.0467e+00	
 6.6300e+02	 1.9622e+00	 1.0000e-05	 7.2544e+00	 1.0237e+00	 3.0450e+00	
 6.6400e+02	 1.9639e+00	 1.0000e-05	 7.2501e+00	 1.0251e+00	 3.0501e+00	
 6.6500e+02	 1.9395e+00	 1.0000e-05	 7.0947e+00	 1.0237e+00	 3.0454e+00	
 6.6600e+02	 1.9463e+00	 1.0000e-05	 7.1315e+00	 1.0250e+00	 3.0501e+00	
 6.6700e+02	 1.9577e+00	 1.0000e-05	 7.2270e+00	 1.0262e+00	 3.0552e+00	
 6.6800e+02	 1.9401e+00	 1.0000e-05	 7.0972e+00	 1.0272e+00	 3.0586e+00	
 6.6900e+02	 1.9438e+00	 1.0000e-05	 7.1190e+00	 1.0247e+00	 3.0497e+00	
 6.7000e+02	 1.9334e+00	 1.0000e-05	 7.0534e+00	 1.0254e+00	 3.0527e+00	
 6.7100e+02	 1.9338e+00	 1.0000e-05	 7.0407e+00	 1.0291e+00	 3.0659e+00	
 6.7200e+02	 1.9264e+00	 1.0000e-05	 7.0066e+00	 1.0260e+00	 3.0548e+00	
 6.7300e+02	 1.9252e+00	 1.0000e-05	 6.9937e+00	 1.0274e+00	 3.0596e+00	
 6.7400e+02	 1.9196e+00	 1.0000e-05	 6.9610e+00	 1.0281e+00	 3.0622e+00	
 6.7500e+02	 1.9136e+00	 1.0000e-05	 6.9247e+00	 1.0277e+00	 3.0615e+00	
 6.7600e+02	 1.9106e+00	 1.0000e-05	 6.8686e+00	 1.0281e+00	 3.0621e+00	
 6.7700e+02	 1.9087e+00	 1.0000e-05	 6.8570e+00	 1.0294e+00	 3.0669e+00	
 6.7800e+02	 1.9021e+00	 1.0000e-05	 6.8230e+00	 1.0303e+00	 3.0706e+00	
 6.7900e+02	 1.8945e+00	 1.0000e-05	 6.7891e+00	 1.0288e+00	 3.0657e+00	
 6.8000e+02	 1.8912e+00	 1.0000e-05	 6.7415e+00	 1.0320e+00	 3.0768e+00	
 6.8100e+02	 1.8872e+00	 1.0000e-05	 6.7245e+00	 1.0294e+00	 3.0665e+00	
 6.8200e+02	 1.8912e+00	 1.0000e-05	 6.7598e+00	 1.0322e+00	 3.0778e+00	
 6.8300e+02	 1.8739e+00	 1.0000e-05	 6.6552e+00	 1.0305e+00	 3.0720e+00	
 6.8400e+02	 1.8995e+00	 1.0000e-05	 6.8174e+00	 1.0315e+00	 3.0756e+00	
 6.8500e+02	 1.8741e+00	 1.0000e-05	 6.6499e+00	 1.0336e+00	 3.0829e+00	
 6.8600e+02	 1.8660e+00	 1.0000e-05	 6.5915e+00	 1.0314e+00	 3.0761e+00	
 6.8700e+02	 1.8732e+00	 1.0000e-05	 6.6356e+00	 1.0341e+00	 3.0856e+00	
 6.8800e+02	 1.8798e+00	 1.0000e-05	 6.6796e+00	 1.0335e+00	 3.0828e+00	
 6.8900e+02	 1.8653e+00	 1.0000e-05	 6.5763e+00	 1.0317e+00	 3.0764e+00	
 6.9000e+02	 1.8571e+00	 1.0000e-05	 6.5289e+00	 1.0328e+00	 3.0804e+00	
 6.9100e+02	 1.8481e+00	 1.0000e-05	 6.4698e+00	 1.0344e+00	 3.0870e+00	
 6.9200e+02	 1.8404e+00	 1.0000e-05	 6.4113e+00	 1.0363e+00	 3.0937e+00	
 6.9300e+02	 1.8576e+00	 1.0000e-05	 6.5282e+00	 1.0330e+00	 3.0817e+00	
 6.9400e+02	 1.8400e+00	 1.0000e-05	 6.4018e+00	 1.0363e+00	 3.0940e+00	
 6.9500e+02	 1.8372e+00	 1.0000e-05	 6.3992e+00	 1.0384e+00	 3.1015e+00	
 6.9600e+02	 1.8350e+00	 1.0000e-05	 6.3792e+00	 1.0358e+00	 3.0924e+00	
 6.9700e+02	 1.8252e+00	 1.0000e-05	 6.3199e+00	 1.0379e+00	 3.1003e+00	
 6.9800e+02	 1.8210e+00	 1.0000e-05	 6.2841e+00	 1.0401e+00	 3.1089e+00	
 6.9900e+02	 1.8195e+00	 1.0000e-05	 6.2907e+00	 1.0383e+00	 3.1012e+00	
 7.0000e+02	 1.8206e+00	 1.0000e-05	 6.2887e+00	 1.0377e+00	 3.0993e+00	
 7.0100e+02	 1.8202e+00	 1.0000e-05	 6.2547e+00	 1.0375e+00	 3.0990e+00	
 7.0200e+02	 1.8093e+00	 1.0000e-05	 6.2258e+00	 1.0388e+00	 3.1035e+00	
 7.0300e+02	 1.8121e+00	 1.0000e-05	 6.2329e+00	 1.0389e+00	 3.1039e+00	
 7.0400e+02	 1.8044e+00	 1.0000e-05	 6.1889e+00	 1.0406e+00	 3.1103e+00	
 7.0500e+02	 1.7985e+00	 1.0000e-05	 6.1429e+00	 1.0399e+00	 3.1088e+00	
 7.0600e+02	 1.7971e+00	 1.0000e-05	 6.1423e+00	 1.0405e+00	 3.1106e+00	
 7.0700e+02	 1.7856e+00	 1.0000e-05	 6.0701e+00	 1.0417e+00	 3.1149e+00	
 7.0800e+02	 1.7842e+00	 1.0000e-05	 6.0554e+00	 1.0440e+00	 3.1225e+00	
 7.0900e+02	 1.7904e+00	 1.0000e-05	 6.0941e+00	 1.0382e+00	 3.1014e+00	
 7.1000e+02	 1.7947e+00	 1.0000e-05	 6.1205e+00	 1.0402e+00	 3.1086e+00	
 7.1100e+02	 1.7842e+00	 1.0000e-05	 6.0538e+00	 1.0408e+00	 3.1118e+00	
 7.1200e+02	 1.7767e+00	 1.0000e-05	 6.0049e+00	 1.0440e+00	 3.1234e+00	
 7.1300e+02	 1.7813e+00	 1.0000e-05	 6.0371e+00	 1.0414e+00	 3.1141e+00	
 7.1400e+02	 1.7662e+00	 1.0000e-05	 5.9559e+00	 1.0446e+00	 3.1255e+00	
 7.1500e+02	 1.7605e+00	 1.0000e-05	 5.9149e+00	 1.0451e+00	 3.1278e+00	
 7.1600e+02	 1.7537e+00	 1.0000e-05	 5.8769e+00	 1.0413e+00	 3.1144e+00	
 7.1700e+02	 1.7638e+00	 1.0000e-05	 5.9272e+00	 1.0447e+00	 3.1263e+00	
 7.1800e+02	 1.7436e+00	 1.0000e-05	 5.8083e+00	 1.0438e+00	 3.1231e+00	
 7.1900e+02	 1.7491e+00	 1.0000e-05	 5.8507e+00	 1.0466e+00	 3.1340e+00	
 7.2000e+02	 1.7499e+00	 1.0000e-05	 5.8551e+00	 1.0445e+00	 3.1264e+00	
 7.2100e+02	 1.7366e+00	 1.0000e-05	 5.7674e+00	 1.0472e+00	 3.1369e+00	
 7.2200e+02	 1.7451e+00	 1.0000e-05	 5.8206e+00	 1.0473e+00	 3.1365e+00	
 7.2300e+02	 1.7216e+00	 1.0000e-05	 5.6809e+00	 1.0481e+00	 3.1393e+00	
 7.2400e+02	 1.7312e+00	 1.0000e-05	 5.7477e+00	 1.0457e+00	 3.1299e+00	
 7.2500e+02	 1.7232e+00	 1.0000e-05	 5.6827e+00	 1.0488e+00	 3.1426e+00	
 7.2600e+02	 1.7157e+00	 1.0000e-05	 5.6533e+00	 1.0461e+00	 3.1316e+00	
 7.2700e+02	 1.7214e+00	 1.0000e-05	 5.6853e+00	 1.0494e+00	 3.1452e+00	
 7.2800e+02	 1.7153e+00	 1.0000e-05	 5.6527e+00	 1.0450e+00	 3.1282e+00	
 7.2900e+02	 1.7142e+00	 1.0000e-05	 5.6446e+00	 1.0499e+00	 3.1466e+00	
 7.3000e+02	 1.7192e+00	 1.0000e-05	 5.6768e+00	 1.0492e+00	 3.1437e+00	
 7.3100e+02	 1.7031e+00	 1.0000e-05	 5.5906e+00	 1.0505e+00	 3.1488e+00	
 7.3200e+02	 1.6938e+00	 1.0000e-05	 5.5282e+00	 1.0529e+00	 3.1585e+00	
 7.3300e+02	 1.6842e+00	 1.0000e-05	 5.4746e+00	 1.0485e+00	 3.1423e+00	
 7.3400e+02	 1.6954e+00	 1.0000e-05	 5.5310e+00	 1.0491e+00	 3.1448e+00	
 7.3500e+02	 1.6635e+00	 1.0000e-05	 5.3449e+00	 1.0537e+00	 3.1618e+00	
 7.3600e+02	 1.6707e+00	 1.0000e-05	 5.3870e+00	 1.0530e+00	 3.1592e+00	
 7.3700e+02	 1.6853e+00	 1.0000e-05	 5.4745e+00	 1.0512e+00	 3.1532e+00	
 7.3800e+02	 1.6822e+00	 1.0000e-05	 5.4527e+00	 1.0540e+00	 3.1629e+00	
 7.3900e+02	 1.6744e+00	 1.0000e-05	 5.4141e+00	 1.0550e+00	 3.1662e+00	
 7.4000e+02	 1.6649e+00	 1.0000e-05	 5.3619e+00	 1.0516e+00	 3.1529e+00	
 7.4100e+02	 1.6662e+00	 1.0000e-05	 5.3812e+00	 1.0578e+00	 3.1776e+00	
 7.4200e+02	 1.6571e+00	 1.0000e-05	 5.3248e+00	 1.0543e+00	 3.1641e+00	
 7.4300e+02	 1.6581e+00	 1.0000e-05	 5.3339e+00	 1.0544e+00	 3.1656e+00	
 7.4400e+02	 1.6613e+00	 1.0000e-05	 5.3437e+00	 1.0552e+00	 3.1682e+00	
 7.4500e+02	 1.6543e+00	 1.0000e-05	 5.3127e+00	 1.0576e+00	 3.1769e+00	
 7.4600e+02	 1.6477e+00	 1.0000e-05	 5.2743e+00	 1.0564e+00	 3.1726e+00	
 7.4700e+02	 1.6375e+00	 1.0000e-05	 5.2199e+00	 1.0551e+00	 3.1680e+00	
 7.4800e+02	 1.6321e+00	 1.0000e-05	 5.1914e+00	 1.0583e+00	 3.1794e+00	
 7.4900e+02	 1.6390e+00	 1.0000e-05	 5.2254e+00	 1.0542e+00	 3.1644e+00	
 7.5000e+02	 1.6323e+00	 1.0000e-05	 5.1927e+00	 1.0592e+00	 3.1835e+00	
