Epoch	Training Loss	Learning Rate	Valid Loss	
 0.0000e+00	 4.7192e+00	 1.0000e-03	
 1.0000e+00	 4.2219e+00	 1.0000e-03	
 2.0000e+00	 4.0248e+00	 1.0000e-03	
 3.0000e+00	 3.8986e+00	 1.0000e-03	 5.0108e+00	
 4.0000e+00	 3.8025e+00	 1.0000e-03	
 5.0000e+00	 3.7275e+00	 1.0000e-03	
 6.0000e+00	 3.6689e+00	 1.0000e-03	
 7.0000e+00	 3.6207e+00	 1.0000e-03	 5.1993e+00	
 8.0000e+00	 3.5797e+00	 1.0000e-03	
 9.0000e+00	 3.5454e+00	 1.0000e-03	
 1.0000e+01	 3.5159e+00	 1.0000e-03	
 1.1000e+01	 3.4903e+00	 1.0000e-03	 5.3541e+00	
 1.2000e+01	 3.4676e+00	 1.0000e-03	
 1.3000e+01	 3.4504e+00	 1.0000e-03	
 1.4000e+01	 3.4356e+00	 1.0000e-03	
 1.5000e+01	 3.4196e+00	 1.0000e-03	 5.5245e+00	
 1.6000e+01	 3.4164e+00	 1.0000e-03	
 1.7000e+01	 3.4113e+00	 1.0000e-03	
 1.8000e+01	 3.4049e+00	 1.0000e-03	
 1.9000e+01	 3.3935e+00	 1.0000e-03	 5.5739e+00	
 2.0000e+01	 3.3832e+00	 1.0000e-03	
 2.1000e+01	 3.3689e+00	 1.0000e-03	
 2.2000e+01	 3.3609e+00	 1.0000e-03	
 2.3000e+01	 3.3604e+00	 1.0000e-03	 5.5656e+00	
 2.4000e+01	 3.3487e+00	 1.0000e-03	
 2.5000e+01	 3.3413e+00	 1.0000e-03	
 2.6000e+01	 3.3346e+00	 1.0000e-03	
 2.7000e+01	 3.3307e+00	 1.0000e-03	 5.7296e+00	
 2.8000e+01	 3.3244e+00	 1.0000e-03	
 2.9000e+01	 3.3202e+00	 1.0000e-03	
 3.0000e+01	 3.3302e+00	 1.0000e-03	
 3.1000e+01	 3.3426e+00	 1.0000e-03	 5.7223e+00	
 3.2000e+01	 3.3359e+00	 1.0000e-03	
 3.3000e+01	 3.3289e+00	 1.0000e-03	
 3.4000e+01	 3.3243e+00	 1.0000e-03	
 3.5000e+01	 3.3255e+00	 1.0000e-03	 5.7071e+00	
 3.6000e+01	 3.3248e+00	 1.0000e-03	
 3.7000e+01	 3.3188e+00	 1.0000e-03	
 3.8000e+01	 3.3117e+00	 1.0000e-03	
 3.9000e+01	 3.3067e+00	 1.0000e-03	 5.8685e+00	
 4.0000e+01	 3.3042e+00	 1.0000e-03	
 4.1000e+01	 3.3013e+00	 1.0000e-03	
 4.2000e+01	 3.3003e+00	 1.0000e-03	
 4.3000e+01	 3.3001e+00	 1.0000e-03	 5.9308e+00	
 4.4000e+01	 3.2988e+00	 1.0000e-03	
 4.5000e+01	 3.2952e+00	 1.0000e-03	
 4.6000e+01	 3.3002e+00	 1.0000e-03	
 4.7000e+01	 3.3036e+00	 1.0000e-03	 5.9532e+00	
 4.8000e+01	 3.2981e+00	 1.0000e-03	
 4.9000e+01	 3.2973e+00	 1.0000e-03	
