Epoch	Training Loss	Learning Rate	Valid Loss	
 0.0000e+00	 4.7381e+00	 1.0000e-03	
 1.0000e+00	 4.2301e+00	 1.0000e-03	
 2.0000e+00	 4.0328e+00	 1.0000e-03	
 3.0000e+00	 3.9063e+00	 1.0000e-03	 5.0924e+00	
 4.0000e+00	 3.8125e+00	 1.0000e-03	
 5.0000e+00	 3.7408e+00	 1.0000e-03	
 6.0000e+00	 3.6819e+00	 1.0000e-03	
 7.0000e+00	 3.6362e+00	 1.0000e-03	 5.3162e+00	
 8.0000e+00	 3.5953e+00	 1.0000e-03	
 9.0000e+00	 3.5598e+00	 1.0000e-03	
 1.0000e+01	 3.5292e+00	 1.0000e-03	
 1.1000e+01	 3.5022e+00	 1.0000e-03	 5.4224e+00	
 1.2000e+01	 3.4806e+00	 1.0000e-03	
 1.3000e+01	 3.4621e+00	 1.0000e-03	
 1.4000e+01	 3.4463e+00	 1.0000e-03	
 1.5000e+01	 3.4304e+00	 1.0000e-03	 5.5465e+00	
 1.6000e+01	 3.4170e+00	 1.0000e-03	
 1.7000e+01	 3.4048e+00	 1.0000e-03	
 1.8000e+01	 3.3927e+00	 1.0000e-03	
 1.9000e+01	 3.3813e+00	 1.0000e-03	 5.6773e+00	
 2.0000e+01	 3.3723e+00	 1.0000e-03	
 2.1000e+01	 3.3645e+00	 1.0000e-03	
 2.2000e+01	 3.3579e+00	 1.0000e-03	
 2.3000e+01	 3.3502e+00	 1.0000e-03	 5.7419e+00	
 2.4000e+01	 3.3428e+00	 1.0000e-03	
 2.5000e+01	 3.3341e+00	 1.0000e-03	
 2.6000e+01	 3.3289e+00	 1.0000e-03	
 2.7000e+01	 3.3261e+00	 1.0000e-03	 5.8372e+00	
 2.8000e+01	 3.3178e+00	 1.0000e-03	
 2.9000e+01	 3.3118e+00	 1.0000e-03	
 3.0000e+01	 3.3077e+00	 1.0000e-03	
 3.1000e+01	 3.3047e+00	 1.0000e-03	 5.9701e+00	
 3.2000e+01	 3.3002e+00	 1.0000e-03	
 3.3000e+01	 3.2955e+00	 1.0000e-03	
 3.4000e+01	 3.2939e+00	 1.0000e-03	
 3.5000e+01	 3.2917e+00	 1.0000e-03	 5.9131e+00	
 3.6000e+01	 3.2901e+00	 1.0000e-03	
 3.7000e+01	 3.2900e+00	 1.0000e-03	
 3.8000e+01	 3.2852e+00	 1.0000e-03	
 3.9000e+01	 3.2824e+00	 1.0000e-03	 5.9511e+00	
 4.0000e+01	 3.2792e+00	 1.0000e-03	
 4.1000e+01	 3.2796e+00	 1.0000e-03	
 4.2000e+01	 3.2812e+00	 1.0000e-03	
 4.3000e+01	 3.2738e+00	 1.0000e-03	 6.0055e+00	
 4.4000e+01	 3.2710e+00	 1.0000e-03	
 4.5000e+01	 3.2705e+00	 1.0000e-03	
 4.6000e+01	 3.2693e+00	 1.0000e-03	
 4.7000e+01	 3.2680e+00	 1.0000e-03	 6.0833e+00	
 4.8000e+01	 3.2661e+00	 1.0000e-03	
 4.9000e+01	 3.2640e+00	 1.0000e-03	
