Epoch	Training Loss.	Learning Rate:  	T. Perplexity. 	V. Loss	V. Perplexity	
 1.0000e+00	 1.0877e+01	 1.0000e-05	 5.3337e+04	 1.0871e+01	 5.2837e+04	
 2.0000e+00	 1.0854e+01	 1.0000e-05	 5.2107e+04	 1.0852e+01	 5.1816e+04	
 3.0000e+00	 1.0833e+01	 1.0000e-05	 5.1007e+04	 1.0833e+01	 5.0805e+04	
 4.0000e+00	 1.0806e+01	 1.0000e-05	 4.9656e+04	 1.0813e+01	 4.9788e+04	
 5.0000e+00	 1.0780e+01	 1.0000e-05	 4.8367e+04	 1.0792e+01	 4.8757e+04	
 6.0000e+00	 1.0749e+01	 1.0000e-05	 4.6911e+04	 1.0770e+01	 4.7702e+04	
 7.0000e+00	 1.0720e+01	 1.0000e-05	 4.5550e+04	 1.0747e+01	 4.6611e+04	
 8.0000e+00	 1.0688e+01	 1.0000e-05	 4.4133e+04	 1.0722e+01	 4.5465e+04	
 9.0000e+00	 1.0656e+01	 1.0000e-05	 4.2712e+04	 1.0695e+01	 4.4247e+04	
 1.0000e+01	 1.0625e+01	 1.0000e-05	 4.1422e+04	 1.0665e+01	 4.2940e+04	
 1.1000e+01	 1.0574e+01	 1.0000e-05	 3.9372e+04	 1.0631e+01	 4.1519e+04	
 1.2000e+01	 1.0541e+01	 1.0000e-05	 3.8100e+04	 1.0593e+01	 3.9949e+04	
 1.3000e+01	 1.0490e+01	 1.0000e-05	 3.6200e+04	 1.0547e+01	 3.8181e+04	
 1.4000e+01	 1.0430e+01	 1.0000e-05	 3.4105e+04	 1.0492e+01	 3.6143e+04	
 1.5000e+01	 1.0351e+01	 1.0000e-05	 3.1533e+04	 1.0423e+01	 3.3752e+04	
 1.6000e+01	 1.0250e+01	 1.0000e-05	 2.8551e+04	 1.0332e+01	 3.0836e+04	
 1.7000e+01	 1.0132e+01	 1.0000e-05	 2.5415e+04	 1.0207e+01	 2.7248e+04	
 1.8000e+01	 9.9597e+00	 1.0000e-05	 2.1456e+04	 1.0029e+01	 2.2826e+04	
 1.9000e+01	 9.7149e+00	 1.0000e-05	 1.6894e+04	 9.7707e+00	 1.7672e+04	
 2.0000e+01	 9.3726e+00	 1.0000e-05	 1.2053e+04	 9.4207e+00	 1.2477e+04	
 2.1000e+01	 8.9359e+00	 1.0000e-05	 7.8278e+03	 9.0062e+00	 8.2607e+03	
 2.2000e+01	 8.4738e+00	 1.0000e-05	 4.9427e+03	 8.5713e+00	 5.3621e+03	
 2.3000e+01	 7.9743e+00	 1.0000e-05	 3.0096e+03	 8.1485e+00	 3.5249e+03	
 2.4000e+01	 7.5170e+00	 1.0000e-05	 1.9012e+03	 7.7606e+00	 2.4000e+03	
 2.5000e+01	 7.1142e+00	 1.0000e-05	 1.2727e+03	 7.4256e+00	 1.7233e+03	
 2.6000e+01	 6.7470e+00	 1.0000e-05	 8.7499e+02	 7.1483e+00	 1.3108e+03	
 2.7000e+01	 6.4549e+00	 1.0000e-05	 6.5292e+02	 6.9283e+00	 1.0555e+03	
 2.8000e+01	 6.1915e+00	 1.0000e-05	 5.0058e+02	 6.7583e+00	 8.9342e+02	
 2.9000e+01	 6.0198e+00	 1.0000e-05	 4.2204e+02	 6.6289e+00	 7.8736e+02	
 3.0000e+01	 5.8715e+00	 1.0000e-05	 3.6349e+02	 6.5313e+00	 7.1612e+02	
 3.1000e+01	 5.7559e+00	 1.0000e-05	 3.2305e+02	 6.4566e+00	 6.6623e+02	
 3.2000e+01	 5.6570e+00	 1.0000e-05	 2.9173e+02	 6.3985e+00	 6.3010e+02	
 3.3000e+01	 5.5963e+00	 1.0000e-05	 2.7636e+02	 6.3528e+00	 6.0324e+02	
 3.4000e+01	 5.5339e+00	 1.0000e-05	 2.5892e+02	 6.3163e+00	 5.8270e+02	
 3.5000e+01	 5.4653e+00	 1.0000e-05	 2.4150e+02	 6.2861e+00	 5.6639e+02	
 3.6000e+01	 5.4438e+00	 1.0000e-05	 2.3606e+02	 6.2611e+00	 5.5327e+02	
 3.7000e+01	 5.3878e+00	 1.0000e-05	 2.2327e+02	 6.2399e+00	 5.4248e+02	
 3.8000e+01	 5.3458e+00	 1.0000e-05	 2.1384e+02	 6.2217e+00	 5.3348e+02	
 3.9000e+01	 5.3389e+00	 1.0000e-05	 2.1297e+02	 6.2056e+00	 5.2571e+02	
 4.0000e+01	 5.3009e+00	 1.0000e-05	 2.0470e+02	 6.1912e+00	 5.1895e+02	
 4.1000e+01	 5.2435e+00	 1.0000e-05	 1.9303e+02	 6.1787e+00	 5.1316e+02	
 4.2000e+01	 5.2530e+00	 1.0000e-05	 1.9484e+02	 6.1673e+00	 5.0801e+02	
 4.3000e+01	 5.2298e+00	 1.0000e-05	 1.9007e+02	 6.1571e+00	 5.0347e+02	
 4.4000e+01	 5.1863e+00	 1.0000e-05	 1.8220e+02	 6.1484e+00	 4.9967e+02	
 4.5000e+01	 5.1624e+00	 1.0000e-05	 1.7786e+02	 6.1403e+00	 4.9621e+02	
 4.6000e+01	 5.1643e+00	 1.0000e-05	 1.7872e+02	 6.1326e+00	 4.9295e+02	
 4.7000e+01	 5.1231e+00	 1.0000e-05	 1.7165e+02	 6.1258e+00	 4.9010e+02	
 4.8000e+01	 5.1234e+00	 1.0000e-05	 1.7116e+02	 6.1196e+00	 4.8757e+02	
 4.9000e+01	 5.1096e+00	 1.0000e-05	 1.6886e+02	 6.1139e+00	 4.8528e+02	
 5.0000e+01	 5.1044e+00	 1.0000e-05	 1.6775e+02	 6.1082e+00	 4.8302e+02	
 5.1000e+01	 5.0694e+00	 1.0000e-05	 1.6233e+02	 6.1025e+00	 4.8070e+02	
 5.2000e+01	 5.0488e+00	 1.0000e-05	 1.5907e+02	 6.0971e+00	 4.7853e+02	
 5.3000e+01	 5.0654e+00	 1.0000e-05	 1.6126e+02	 6.0916e+00	 4.7631e+02	
 5.4000e+01	 5.0445e+00	 1.0000e-05	 1.5838e+02	 6.0864e+00	 4.7425e+02	
 5.5000e+01	 5.0260e+00	 1.0000e-05	 1.5547e+02	 6.0821e+00	 4.7265e+02	
 5.6000e+01	 5.0069e+00	 1.0000e-05	 1.5240e+02	 6.0780e+00	 4.7114e+02	
 5.7000e+01	 5.0028e+00	 1.0000e-05	 1.5176e+02	 6.0734e+00	 4.6931e+02	
 5.8000e+01	 4.9958e+00	 1.0000e-05	 1.5055e+02	 6.0685e+00	 4.6737e+02	
 5.9000e+01	 4.9731e+00	 1.0000e-05	 1.4778e+02	 6.0646e+00	 4.6587e+02	
 6.0000e+01	 4.9718e+00	 1.0000e-05	 1.4741e+02	 6.0604e+00	 4.6424e+02	
 6.1000e+01	 4.9543e+00	 1.0000e-05	 1.4387e+02	 6.0559e+00	 4.6250e+02	
 6.2000e+01	 4.9511e+00	 1.0000e-05	 1.4390e+02	 6.0518e+00	 4.6091e+02	
 6.3000e+01	 4.9276e+00	 1.0000e-05	 1.4083e+02	 6.0477e+00	 4.5936e+02	
 6.4000e+01	 4.9357e+00	 1.0000e-05	 1.4200e+02	 6.0432e+00	 4.5762e+02	
 6.5000e+01	 4.9281e+00	 1.0000e-05	 1.4071e+02	 6.0388e+00	 4.5591e+02	
 6.6000e+01	 4.8896e+00	 1.0000e-05	 1.3557e+02	 6.0350e+00	 4.5452e+02	
 6.7000e+01	 4.8915e+00	 1.0000e-05	 1.3575e+02	 6.0307e+00	 4.5286e+02	
 6.8000e+01	 4.8774e+00	 1.0000e-05	 1.3388e+02	 6.0261e+00	 4.5111e+02	
 6.9000e+01	 4.8763e+00	 1.0000e-05	 1.3387e+02	 6.0220e+00	 4.4957e+02	
 7.0000e+01	 4.8691e+00	 1.0000e-05	 1.3286e+02	 6.0178e+00	 4.4795e+02	
 7.1000e+01	 4.8526e+00	 1.0000e-05	 1.3068e+02	 6.0137e+00	 4.4640e+02	
 7.2000e+01	 4.8290e+00	 1.0000e-05	 1.2753e+02	 6.0104e+00	 4.4514e+02	
 7.3000e+01	 4.8241e+00	 1.0000e-05	 1.2718e+02	 6.0070e+00	 4.4393e+02	
 7.4000e+01	 4.8257e+00	 1.0000e-05	 1.2692e+02	 6.0034e+00	 4.4258e+02	
 7.5000e+01	 4.8019e+00	 1.0000e-05	 1.2420e+02	 5.9998e+00	 4.4124e+02	
 7.6000e+01	 4.8171e+00	 1.0000e-05	 1.2596e+02	 5.9962e+00	 4.3993e+02	
 7.7000e+01	 4.8126e+00	 1.0000e-05	 1.2568e+02	 5.9927e+00	 4.3862e+02	
 7.8000e+01	 4.7970e+00	 1.0000e-05	 1.2379e+02	 5.9895e+00	 4.3754e+02	
 7.9000e+01	 4.7828e+00	 1.0000e-05	 1.2159e+02	 5.9860e+00	 4.3621e+02	
 8.0000e+01	 4.7635e+00	 1.0000e-05	 1.1951e+02	 5.9824e+00	 4.3486e+02	
 8.1000e+01	 4.7486e+00	 1.0000e-05	 1.1756e+02	 5.9789e+00	 4.3355e+02	
 8.2000e+01	 4.7601e+00	 1.0000e-05	 1.1903e+02	 5.9752e+00	 4.3222e+02	
 8.3000e+01	 4.7325e+00	 1.0000e-05	 1.1566e+02	 5.9712e+00	 4.3068e+02	
 8.4000e+01	 4.7313e+00	 1.0000e-05	 1.1585e+02	 5.9675e+00	 4.2935e+02	
 8.5000e+01	 4.7320e+00	 1.0000e-05	 1.1599e+02	 5.9640e+00	 4.2807e+02	
 8.6000e+01	 4.7140e+00	 1.0000e-05	 1.1386e+02	 5.9608e+00	 4.2693e+02	
 8.7000e+01	 4.7270e+00	 1.0000e-05	 1.1556e+02	 5.9570e+00	 4.2557e+02	
 8.8000e+01	 4.6917e+00	 1.0000e-05	 1.1132e+02	 5.9537e+00	 4.2441e+02	
 8.9000e+01	 4.6975e+00	 1.0000e-05	 1.1185e+02	 5.9502e+00	 4.2312e+02	
 9.0000e+01	 4.6751e+00	 1.0000e-05	 1.0916e+02	 5.9463e+00	 4.2167e+02	
 9.1000e+01	 4.6745e+00	 1.0000e-05	 1.0936e+02	 5.9430e+00	 4.2050e+02	
 9.2000e+01	 4.6667e+00	 1.0000e-05	 1.0863e+02	 5.9398e+00	 4.1939e+02	
 9.3000e+01	 4.6664e+00	 1.0000e-05	 1.0871e+02	 5.9372e+00	 4.1856e+02	
 9.4000e+01	 4.6533e+00	 1.0000e-05	 1.0710e+02	 5.9339e+00	 4.1742e+02	
 9.5000e+01	 4.6437e+00	 1.0000e-05	 1.0639e+02	 5.9306e+00	 4.1624e+02	
 9.6000e+01	 4.6306e+00	 1.0000e-05	 1.0421e+02	 5.9268e+00	 4.1486e+02	
 9.7000e+01	 4.6254e+00	 1.0000e-05	 1.0427e+02	 5.9237e+00	 4.1380e+02	
 9.8000e+01	 4.6302e+00	 1.0000e-05	 1.0473e+02	 5.9193e+00	 4.1215e+02	
 9.9000e+01	 4.6123e+00	 1.0000e-05	 1.0274e+02	 5.9157e+00	 4.1089e+02	
 1.0000e+02	 4.5993e+00	 1.0000e-05	 1.0170e+02	 5.9132e+00	 4.1007e+02	
 1.0100e+02	 4.5870e+00	 1.0000e-05	 1.0003e+02	 5.9098e+00	 4.0885e+02	
 1.0200e+02	 4.5904e+00	 1.0000e-05	 1.0034e+02	 5.9062e+00	 4.0758e+02	
 1.0300e+02	 4.5734e+00	 1.0000e-05	 9.8785e+01	 5.9032e+00	 4.0659e+02	
 1.0400e+02	 4.5861e+00	 1.0000e-05	 1.0011e+02	 5.9003e+00	 4.0564e+02	
 1.0500e+02	 4.5489e+00	 1.0000e-05	 9.6864e+01	 5.8976e+00	 4.0475e+02	
 1.0600e+02	 4.5693e+00	 1.0000e-05	 9.8361e+01	 5.8949e+00	 4.0389e+02	
 1.0700e+02	 4.5443e+00	 1.0000e-05	 9.6025e+01	 5.8919e+00	 4.0289e+02	
 1.0800e+02	 4.5408e+00	 1.0000e-05	 9.5728e+01	 5.8896e+00	 4.0218e+02	
 1.0900e+02	 4.5221e+00	 1.0000e-05	 9.3768e+01	 5.8868e+00	 4.0127e+02	
 1.1000e+02	 4.5307e+00	 1.0000e-05	 9.4783e+01	 5.8835e+00	 4.0010e+02	
 1.1100e+02	 4.5167e+00	 1.0000e-05	 9.3585e+01	 5.8812e+00	 3.9939e+02	
 1.1200e+02	 4.5027e+00	 1.0000e-05	 9.2326e+01	 5.8789e+00	 3.9873e+02	
 1.1300e+02	 4.4914e+00	 1.0000e-05	 9.1288e+01	 5.8767e+00	 3.9806e+02	
 1.1400e+02	 4.4984e+00	 1.0000e-05	 9.1657e+01	 5.8745e+00	 3.9739e+02	
 1.1500e+02	 4.4891e+00	 1.0000e-05	 9.1009e+01	 5.8720e+00	 3.9666e+02	
 1.1600e+02	 4.4665e+00	 1.0000e-05	 8.8700e+01	 5.8685e+00	 3.9544e+02	
 1.1700e+02	 4.4789e+00	 1.0000e-05	 9.0189e+01	 5.8654e+00	 3.9441e+02	
 1.1800e+02	 4.4726e+00	 1.0000e-05	 8.9396e+01	 5.8625e+00	 3.9345e+02	
 1.1900e+02	 4.4601e+00	 1.0000e-05	 8.8566e+01	 5.8595e+00	 3.9248e+02	
 1.2000e+02	 4.4525e+00	 1.0000e-05	 8.7912e+01	 5.8566e+00	 3.9148e+02	
 1.2100e+02	 4.4442e+00	 1.0000e-05	 8.7053e+01	 5.8540e+00	 3.9061e+02	
 1.2200e+02	 4.4449e+00	 1.0000e-05	 8.6973e+01	 5.8512e+00	 3.8969e+02	
 1.2300e+02	 4.4264e+00	 1.0000e-05	 8.5236e+01	 5.8492e+00	 3.8912e+02	
 1.2400e+02	 4.4390e+00	 1.0000e-05	 8.6458e+01	 5.8475e+00	 3.8873e+02	
 1.2500e+02	 4.4159e+00	 1.0000e-05	 8.4545e+01	 5.8454e+00	 3.8810e+02	
 1.2600e+02	 4.4148e+00	 1.0000e-05	 8.4478e+01	 5.8439e+00	 3.8771e+02	
 1.2700e+02	 4.4071e+00	 1.0000e-05	 8.3861e+01	 5.8409e+00	 3.8671e+02	
 1.2800e+02	 4.4008e+00	 1.0000e-05	 8.3137e+01	 5.8388e+00	 3.8610e+02	
 1.2900e+02	 4.3948e+00	 1.0000e-05	 8.2818e+01	 5.8370e+00	 3.8560e+02	
 1.3000e+02	 4.3816e+00	 1.0000e-05	 8.1900e+01	 5.8342e+00	 3.8470e+02	
 1.3100e+02	 4.3726e+00	 1.0000e-05	 8.0988e+01	 5.8322e+00	 3.8410e+02	
 1.3200e+02	 4.3721e+00	 1.0000e-05	 8.0974e+01	 5.8308e+00	 3.8379e+02	
 1.3300e+02	 4.3513e+00	 1.0000e-05	 7.9390e+01	 5.8287e+00	 3.8318e+02	
 1.3400e+02	 4.3374e+00	 1.0000e-05	 7.8012e+01	 5.8269e+00	 3.8268e+02	
 1.3500e+02	 4.3260e+00	 1.0000e-05	 7.7196e+01	 5.8252e+00	 3.8227e+02	
 1.3600e+02	 4.3443e+00	 1.0000e-05	 7.8782e+01	 5.8226e+00	 3.8142e+02	
 1.3700e+02	 4.3288e+00	 1.0000e-05	 7.7254e+01	 5.8201e+00	 3.8059e+02	
 1.3800e+02	 4.3119e+00	 1.0000e-05	 7.6238e+01	 5.8183e+00	 3.8014e+02	
 1.3900e+02	 4.3237e+00	 1.0000e-05	 7.7132e+01	 5.8170e+00	 3.7982e+02	
 1.4000e+02	 4.3050e+00	 1.0000e-05	 7.5789e+01	 5.8151e+00	 3.7930e+02	
 1.4100e+02	 4.2859e+00	 1.0000e-05	 7.4279e+01	 5.8134e+00	 3.7889e+02	
 1.4200e+02	 4.2913e+00	 1.0000e-05	 7.4875e+01	 5.8125e+00	 3.7876e+02	
 1.4300e+02	 4.2925e+00	 1.0000e-05	 7.4810e+01	 5.8101e+00	 3.7801e+02	
 1.4400e+02	 4.2919e+00	 1.0000e-05	 7.4799e+01	 5.8080e+00	 3.7736e+02	
 1.4500e+02	 4.2906e+00	 1.0000e-05	 7.4783e+01	 5.8055e+00	 3.7652e+02	
 1.4600e+02	 4.2692e+00	 1.0000e-05	 7.2954e+01	 5.8029e+00	 3.7568e+02	
 1.4700e+02	 4.2731e+00	 1.0000e-05	 7.3531e+01	 5.8011e+00	 3.7520e+02	
 1.4800e+02	 4.2617e+00	 1.0000e-05	 7.2656e+01	 5.7990e+00	 3.7455e+02	
 1.4900e+02	 4.2446e+00	 1.0000e-05	 7.1454e+01	 5.7979e+00	 3.7429e+02	
 1.5000e+02	 4.2470e+00	 1.0000e-05	 7.1319e+01	 5.7958e+00	 3.7368e+02	
 1.5100e+02	 4.2494e+00	 1.0000e-05	 7.1551e+01	 5.7939e+00	 3.7309e+02	
 1.5200e+02	 4.2131e+00	 1.0000e-05	 6.9121e+01	 5.7924e+00	 3.7273e+02	
 1.5300e+02	 4.2232e+00	 1.0000e-05	 6.9735e+01	 5.7907e+00	 3.7227e+02	
 1.5400e+02	 4.2119e+00	 1.0000e-05	 6.8858e+01	 5.7897e+00	 3.7206e+02	
 1.5500e+02	 4.2259e+00	 1.0000e-05	 7.0003e+01	 5.7895e+00	 3.7220e+02	
 1.5600e+02	 4.1978e+00	 1.0000e-05	 6.8098e+01	 5.7865e+00	 3.7118e+02	
 1.5700e+02	 4.1999e+00	 1.0000e-05	 6.8256e+01	 5.7840e+00	 3.7038e+02	
 1.5800e+02	 4.2043e+00	 1.0000e-05	 6.8571e+01	 5.7818e+00	 3.6968e+02	
 1.5900e+02	 4.1958e+00	 1.0000e-05	 6.7930e+01	 5.7812e+00	 3.6962e+02	
 1.6000e+02	 4.1793e+00	 1.0000e-05	 6.6790e+01	 5.7817e+00	 3.7008e+02	
 1.6100e+02	 4.1677e+00	 1.0000e-05	 6.6012e+01	 5.7809e+00	 3.6993e+02	
 1.6200e+02	 4.1620e+00	 1.0000e-05	 6.5528e+01	 5.7798e+00	 3.6969e+02	
 1.6300e+02	 4.1547e+00	 1.0000e-05	 6.5197e+01	 5.7779e+00	 3.6914e+02	
 1.6400e+02	 4.1479e+00	 1.0000e-05	 6.4758e+01	 5.7758e+00	 3.6856e+02	
 1.6500e+02	 4.1444e+00	 1.0000e-05	 6.4568e+01	 5.7748e+00	 3.6835e+02	
 1.6600e+02	 4.1383e+00	 1.0000e-05	 6.4294e+01	 5.7727e+00	 3.6772e+02	
 1.6700e+02	 4.1378e+00	 1.0000e-05	 6.4015e+01	 5.7709e+00	 3.6719e+02	
 1.6800e+02	 4.1055e+00	 1.0000e-05	 6.2186e+01	 5.7716e+00	 3.6769e+02	
 1.6900e+02	 4.1164e+00	 1.0000e-05	 6.2832e+01	 5.7713e+00	 3.6783e+02	
 1.7000e+02	 4.1125e+00	 1.0000e-05	 6.2549e+01	 5.7699e+00	 3.6748e+02	
 1.7100e+02	 4.1269e+00	 1.0000e-05	 6.3571e+01	 5.7676e+00	 3.6666e+02	
 1.7200e+02	 4.1099e+00	 1.0000e-05	 6.2269e+01	 5.7657e+00	 3.6613e+02	
 1.7300e+02	 4.0939e+00	 1.0000e-05	 6.1244e+01	 5.7640e+00	 3.6565e+02	
 1.7400e+02	 4.0847e+00	 1.0000e-05	 6.0808e+01	 5.7643e+00	 3.6602e+02	
 1.7500e+02	 4.0875e+00	 1.0000e-05	 6.0964e+01	 5.7631e+00	 3.6573e+02	
 1.7600e+02	 4.0806e+00	 1.0000e-05	 6.0616e+01	 5.7611e+00	 3.6515e+02	
 1.7700e+02	 4.0799e+00	 1.0000e-05	 6.0420e+01	 5.7596e+00	 3.6471e+02	
 1.7800e+02	 4.0557e+00	 1.0000e-05	 5.8922e+01	 5.7592e+00	 3.6475e+02	
 1.7900e+02	 4.0527e+00	 1.0000e-05	 5.8817e+01	 5.7588e+00	 3.6484e+02	
 1.8000e+02	 4.0615e+00	 1.0000e-05	 5.9376e+01	 5.7568e+00	 3.6421e+02	
 1.8100e+02	 4.0505e+00	 1.0000e-05	 5.8583e+01	 5.7566e+00	 3.6435e+02	
 1.8200e+02	 4.0353e+00	 1.0000e-05	 5.7906e+01	 5.7548e+00	 3.6385e+02	
 1.8300e+02	 4.0315e+00	 1.0000e-05	 5.7860e+01	 5.7537e+00	 3.6361e+02	
 1.8400e+02	 4.0231e+00	 1.0000e-05	 5.7340e+01	 5.7533e+00	 3.6368e+02	
 1.8500e+02	 4.0097e+00	 1.0000e-05	 5.6451e+01	 5.7518e+00	 3.6331e+02	
 1.8600e+02	 4.0197e+00	 1.0000e-05	 5.7134e+01	 5.7493e+00	 3.6245e+02	
 1.8700e+02	 3.9984e+00	 1.0000e-05	 5.5817e+01	 5.7490e+00	 3.6257e+02	
 1.8800e+02	 4.0052e+00	 1.0000e-05	 5.6342e+01	 5.7500e+00	 3.6317e+02	
 1.8900e+02	 3.9977e+00	 1.0000e-05	 5.5806e+01	 5.7479e+00	 3.6253e+02	
 1.9000e+02	 3.9861e+00	 1.0000e-05	 5.5179e+01	 5.7463e+00	 3.6210e+02	
 1.9100e+02	 3.9776e+00	 1.0000e-05	 5.4576e+01	 5.7463e+00	 3.6233e+02	
 1.9200e+02	 3.9756e+00	 1.0000e-05	 5.4494e+01	 5.7446e+00	 3.6184e+02	
 1.9300e+02	 3.9787e+00	 1.0000e-05	 5.4819e+01	 5.7428e+00	 3.6126e+02	
 1.9400e+02	 3.9577e+00	 1.0000e-05	 5.3648e+01	 5.7422e+00	 3.6126e+02	
 1.9500e+02	 3.9616e+00	 1.0000e-05	 5.3736e+01	 5.7420e+00	 3.6144e+02	
 1.9600e+02	 3.9462e+00	 1.0000e-05	 5.2990e+01	 5.7406e+00	 3.6106e+02	
 1.9700e+02	 3.9657e+00	 1.0000e-05	 5.3986e+01	 5.7393e+00	 3.6071e+02	
 1.9800e+02	 3.9480e+00	 1.0000e-05	 5.2983e+01	 5.7392e+00	 3.6084e+02	
 1.9900e+02	 3.9368e+00	 1.0000e-05	 5.2483e+01	 5.7374e+00	 3.6034e+02	
 2.0000e+02	 3.9417e+00	 1.0000e-05	 5.2842e+01	 5.7380e+00	 3.6081e+02	
